93. Printing statistics.

=== tt_um_josue_olivos_alu ===

        +----------Local Count, excluding submodules.
        | 
      125 wires
      160 wire bits
       10 public wires
       45 public wire bits
        8 ports
       43 port bits
      121 cells
       41   $_ANDNOT_
        4   $_AND_
        5   $_MUX_
        5   $_NAND_
       12   $_NOR_
        2   $_NOT_
        8   $_ORNOT_
       34   $_OR_
        4   $_XNOR_
        6   $_XOR_

   Area for cell type $_ANDNOT_ is unknown!
   Area for cell type $_AND_ is unknown!
   Area for cell type $_MUX_ is unknown!
   Area for cell type $_NAND_ is unknown!
   Area for cell type $_NOR_ is unknown!
   Area for cell type $_NOT_ is unknown!
   Area for cell type $_ORNOT_ is unknown!
   Area for cell type $_OR_ is unknown!
   Area for cell type $_XNOR_ is unknown!
   Area for cell type $_XOR_ is unknown!

