107. Printing statistics.

=== tt_um_josue_olivos_alu ===

        +----------Local Count, excluding submodules.
        |        +-Local Area, excluding submodules.
        |        | 
       71        - wires
      106        - wire bits
       10        - public wires
       45        - public wire bits
        8        - ports
       43        - port bits
       87  665.638 cells
        1   12.512   sky130_fd_sc_hd__a211oi_2
        1    10.01   sky130_fd_sc_hd__a21bo_2
        1   11.261   sky130_fd_sc_hd__a21boi_2
        5   43.792   sky130_fd_sc_hd__a21o_2
        1    8.758   sky130_fd_sc_hd__a21oi_2
        1   15.014   sky130_fd_sc_hd__a221oi_2
        3   30.029   sky130_fd_sc_hd__a22o_2
        2   22.522   sky130_fd_sc_hd__a2bb2o_2
        3   26.275   sky130_fd_sc_hd__a31o_2
        1   11.261   sky130_fd_sc_hd__a32o_2
        2   15.014   sky130_fd_sc_hd__and2_2
        2   17.517   sky130_fd_sc_hd__and2b_2
        3   22.522   sky130_fd_sc_hd__and3_2
        2   20.019   sky130_fd_sc_hd__and3b_2
        2    10.01   sky130_fd_sc_hd__buf_2
       18   67.565   sky130_fd_sc_hd__conb_1
       10    62.56   sky130_fd_sc_hd__nand2_2
        2   17.517   sky130_fd_sc_hd__nand2b_2
        2   20.019   sky130_fd_sc_hd__nand3_2
        1   11.261   sky130_fd_sc_hd__nand3b_2
        2   12.512   sky130_fd_sc_hd__nor2_2
        1    10.01   sky130_fd_sc_hd__nor3_2
        2   25.024   sky130_fd_sc_hd__nor3b_2
        1   12.512   sky130_fd_sc_hd__nor4_2
        2   17.517   sky130_fd_sc_hd__o21a_2
        1    8.758   sky130_fd_sc_hd__o21ai_2
        2   20.019   sky130_fd_sc_hd__o22a_2
        7   43.792   sky130_fd_sc_hd__or2_2
        1    7.507   sky130_fd_sc_hd__or3_2
        2   17.517   sky130_fd_sc_hd__or3b_2
        1    8.758   sky130_fd_sc_hd__or4_2
        1    10.01   sky130_fd_sc_hd__or4b_2
        1   16.266   sky130_fd_sc_hd__xnor2_2

   Chip area for module '\tt_um_josue_olivos_alu': 665.638400
     of which used for sequential elements: 0.000000 (0.00%)

