Reading timing models for corner nom_tt_025C_1v80…
Reading timing library for the 'nom_tt_025C_1v80' corner at '/home/jo2022/ttsetup/pdk/ciel/sky130/versions/8afc8346a57fe1ab7934ba5a6056ea8b43078e71/sky130A/libs.ref/sky130_fd_sc_hd/lib/sky130_fd_sc_hd__tt_025C_1v80.lib'…
Reading OpenROAD database at '/home/jo2022/ttsky-verilog-template/runs/wokwi/39-openroad-globalrouting/tt_um_josue_olivos_alu.odb'…
Reading design constraints file at '/nix/store/5qhi22zib758klv5di7jvny5b48ckmw3-python3-3.13.9-env/lib/python3.13/site-packages/librelane/scripts/base.sdc'…
[INFO] Using clock clk…
[INFO] Setting output delay to: 4
[INFO] Setting input delay to: 4
[INFO] Setting load to: 0.033442
[INFO] Setting clock uncertainty to: 0.25
[INFO] Setting clock transition to: 0.1499999999999999944488848768742172978818416595458984375
[INFO] Setting timing derate to: 5%
+ repair_antennas sky130_fd_sc_hd__diode_2 -iterations 3 -ratio_margin 10 -allow_congestion
[INFO GRT-0012] Found 0 antenna violations.
Setting global connections for newly added cells…
[INFO] Setting global connections...
[INFO ODB-0403] 0 connections made, 0 conflicts skipped.
Updating metrics…
Cell type report:                       Count       Area
  Fill cell                                78     292.78
  Tap cell                                225     281.52
  Buffer                                    2      10.01
  Timing Repair Buffer                     11     110.11
  Multi-Input combinational cell           85     655.63
  Total                                   401    1350.04
Writing OpenROAD database to '/home/jo2022/ttsky-verilog-template/runs/wokwi/42-openroad-repairantennas/1-openroad-diodeinsertion/tt_um_josue_olivos_alu.odb'…
Writing layout to '/home/jo2022/ttsky-verilog-template/runs/wokwi/42-openroad-repairantennas/1-openroad-diodeinsertion/tt_um_josue_olivos_alu.def'…
