Reading timing models for corner nom_tt_025C_1v80…
Reading timing library for the 'nom_tt_025C_1v80' corner at '/home/jo2022/ttsetup/pdk/ciel/sky130/versions/8afc8346a57fe1ab7934ba5a6056ea8b43078e71/sky130A/libs.ref/sky130_fd_sc_hd/lib/sky130_fd_sc_hd__tt_025C_1v80.lib'…
Reading OpenROAD database at '/home/jo2022/ttsky-verilog-template/runs/wokwi/32-openroad-repairdesignpostgpl/tt_um_josue_olivos_alu.odb'…
Reading design constraints file at '/nix/store/5qhi22zib758klv5di7jvny5b48ckmw3-python3-3.13.9-env/lib/python3.13/site-packages/librelane/scripts/base.sdc'…
[INFO] Using clock clk…
[INFO] Setting output delay to: 4
[INFO] Setting input delay to: 4
[INFO] Setting load to: 0.033442
[INFO] Setting clock uncertainty to: 0.25
[INFO] Setting clock transition to: 0.1499999999999999944488848768742172978818416595458984375
[INFO] Setting timing derate to: 5%
+ detailed_placement -max_displacement  500 100 
Placement Analysis
---------------------------------
total displacement          0.0 u
average displacement        0.0 u
max displacement            0.0 u
original HPWL            1494.0 u
legalized HPWL           1541.5 u
delta HPWL                    3 %

[INFO DPL-0020] Mirrored 46 instances
[INFO DPL-0021] HPWL before            1541.5 u
[INFO DPL-0022] HPWL after             1494.0 u
[INFO DPL-0023] HPWL delta               -3.1 %
Setting global connections for newly added cells…
[INFO] Setting global connections...
[INFO ODB-0403] 0 connections made, 0 conflicts skipped.
Updating metrics…
Cell type report:                       Count       Area
  Fill cell                                78     292.78
  Tap cell                                225     281.52
  Buffer                                    2      10.01
  Timing Repair Buffer                     11     110.11
  Multi-Input combinational cell           85     655.63
  Total                                   401    1350.04
Writing OpenROAD database to '/home/jo2022/ttsky-verilog-template/runs/wokwi/34-openroad-detailedplacement/tt_um_josue_olivos_alu.odb'…
Writing netlist to '/home/jo2022/ttsky-verilog-template/runs/wokwi/34-openroad-detailedplacement/tt_um_josue_olivos_alu.nl.v'…
Writing powered netlist to '/home/jo2022/ttsky-verilog-template/runs/wokwi/34-openroad-detailedplacement/tt_um_josue_olivos_alu.pnl.v'…
Writing layout to '/home/jo2022/ttsky-verilog-template/runs/wokwi/34-openroad-detailedplacement/tt_um_josue_olivos_alu.def'…
Writing timing constraints to '/home/jo2022/ttsky-verilog-template/runs/wokwi/34-openroad-detailedplacement/tt_um_josue_olivos_alu.sdc'…
