
===========================================================================
report_checks -unconstrained
===========================================================================
======================= max_ss_100C_1v60 Corner ===================================

Startpoint: ui_in[1] (input port clocked by clk)
Endpoint: uo_out[5] (output port clocked by clk)
Path Group: clk
Path Type: max

Fanout         Cap        Slew       Delay        Time   Description
---------------------------------------------------------------------------------------------
                                  0.000000    0.000000   clock clk (rise edge)
                                  0.000000    0.000000   clock network delay (propagated)
                                  4.000000    4.000000 v input external delay
     1    0.003539    0.021320    0.011624    4.011624 v ui_in[1] (in)
                                                         ui_in[1] (net)
                      0.021321    0.000000    4.011624 v input2/A (sky130_fd_sc_hd__clkdlybuf4s25_1)
     8    0.033728    0.458211    0.739290    4.750914 v input2/X (sky130_fd_sc_hd__clkdlybuf4s25_1)
                                                         net2 (net)
                      0.458226    0.003046    4.753960 v _074_/A (sky130_fd_sc_hd__xnor2_2)
     6    0.025014    0.283580    0.539398    5.293358 v _074_/Y (sky130_fd_sc_hd__xnor2_2)
                                                         _012_ (net)
                      0.283580    0.001134    5.294492 v _086_/B (sky130_fd_sc_hd__or2_2)
     3    0.013593    0.166818    0.793443    6.087935 v _086_/X (sky130_fd_sc_hd__or2_2)
                                                         _024_ (net)
                      0.166818    0.000454    6.088388 v _087_/A3 (sky130_fd_sc_hd__a31o_2)
     1    0.001899    0.057737    0.471569    6.559958 v _087_/X (sky130_fd_sc_hd__a31o_2)
                                                         _025_ (net)
                      0.057737    0.000120    6.560078 v _088_/D (sky130_fd_sc_hd__or4_2)
     2    0.045670    0.463721    1.690721    8.250798 v _088_/X (sky130_fd_sc_hd__or4_2)
                                                         uo_out[1] (net)
                      0.463736    0.003178    8.253977 v _123_/B (sky130_fd_sc_hd__or2_2)
     1    0.004822    0.121813    0.803352    9.057328 v _123_/X (sky130_fd_sc_hd__or2_2)
                                                         _058_ (net)
                      0.121813    0.000223    9.057551 v _124_/D (sky130_fd_sc_hd__nor4_2)
     1    0.002414    0.294470    0.226619    9.284170 ^ _124_/Y (sky130_fd_sc_hd__nor4_2)
                                                         zero_flag (net)
                      0.294470    0.000172    9.284343 ^ _147_/A (sky130_fd_sc_hd__buf_2)
     1    0.034297    0.273224    0.442245    9.726588 ^ _147_/X (sky130_fd_sc_hd__buf_2)
                                                         uo_out[5] (net)
                      0.273233    0.001895    9.728483 ^ uo_out[5] (out)
                                              9.728483   data arrival time

                                 20.000000   20.000000   clock clk (rise edge)
                                  0.000000   20.000000   clock network delay (propagated)
                                 -0.250000   19.750002   clock uncertainty
                                  0.000000   19.750002   clock reconvergence pessimism
                                 -4.000000   15.750001   output external delay
                                             15.750001   data required time
---------------------------------------------------------------------------------------------
                                             15.750001   data required time
                                             -9.728483   data arrival time
---------------------------------------------------------------------------------------------
                                              6.021518   slack (MET)




===========================================================================
report_checks --slack_max -0.01
============================================================================
======================= max_ss_100C_1v60 Corner ===================================

No paths found.


===========================================================================
 report_check_types -max_slew -max_cap -max_fanout -violators
============================================================================
======================= max_ss_100C_1v60 Corner ===================================



===========================================================================
report_parasitic_annotation -report_unannotated
============================================================================
Found 26 unannotated drivers.
 clk
 ena
 rst_n
 uio_in[3]
 uio_in[4]
 uio_in[5]
 uio_in[6]
 uio_in[7]
 tt_um_josue_olivos_alu/HI
 tt_um_josue_olivos_alu_12/HI
 tt_um_josue_olivos_alu_13/HI
 tt_um_josue_olivos_alu_14/HI
 tt_um_josue_olivos_alu_15/HI
 tt_um_josue_olivos_alu_16/HI
 tt_um_josue_olivos_alu_17/HI
 tt_um_josue_olivos_alu_18/HI
 tt_um_josue_olivos_alu_19/HI
 tt_um_josue_olivos_alu_20/HI
 tt_um_josue_olivos_alu_21/HI
 tt_um_josue_olivos_alu_22/HI
 tt_um_josue_olivos_alu_23/HI
 tt_um_josue_olivos_alu_24/HI
 tt_um_josue_olivos_alu_25/HI
 tt_um_josue_olivos_alu_26/HI
 tt_um_josue_olivos_alu_27/HI
 tt_um_josue_olivos_alu_28/HI
Found 0 partially unannotated drivers.

===========================================================================
max slew violation count 0
max fanout violation count 0
max cap violation count 0
============================================================================

===========================================================================
check_setup -verbose -unconstrained_endpoints -multiple_clock -no_clock -no_input_delay -loops -generated_clocks
===========================================================================
