[WARNING ORD-0039] .openroad ignored with -python
Unannotated report:
['report_parasitic_annotation -report_unannotated\n',
 '============================================================================\n',
 'Found 26 unannotated drivers.\n',
 ' clk\n',
 ' ena\n',
 ' rst_n\n',
 ' uio_in[3]\n',
 ' uio_in[4]\n',
 ' uio_in[5]\n',
 ' uio_in[6]\n',
 ' uio_in[7]\n',
 ' tt_um_josue_olivos_alu/HI\n',
 ' tt_um_josue_olivos_alu_12/HI\n',
 ' tt_um_josue_olivos_alu_13/HI\n',
 ' tt_um_josue_olivos_alu_14/HI\n',
 ' tt_um_josue_olivos_alu_15/HI\n',
 ' tt_um_josue_olivos_alu_16/HI\n',
 ' tt_um_josue_olivos_alu_17/HI\n',
 ' tt_um_josue_olivos_alu_18/HI\n',
 ' tt_um_josue_olivos_alu_19/HI\n',
 ' tt_um_josue_olivos_alu_20/HI\n',
 ' tt_um_josue_olivos_alu_21/HI\n',
 ' tt_um_josue_olivos_alu_22/HI\n',
 ' tt_um_josue_olivos_alu_23/HI\n',
 ' tt_um_josue_olivos_alu_24/HI\n',
 ' tt_um_josue_olivos_alu_25/HI\n',
 ' tt_um_josue_olivos_alu_26/HI\n',
 ' tt_um_josue_olivos_alu_27/HI\n',
 ' tt_um_josue_olivos_alu_28/HI\n',
 'Found 0 partially unannotated drivers.\n',
 '\n']
Reported nets:
['clk',
 'ena',
 'rst_n',
 'uio_in[3]',
 'uio_in[4]',
 'uio_in[5]',
 'uio_in[6]',
 'uio_in[7]',
 'tt_um_josue_olivos_alu/HI',
 'tt_um_josue_olivos_alu_12/HI',
 'tt_um_josue_olivos_alu_13/HI',
 'tt_um_josue_olivos_alu_14/HI',
 'tt_um_josue_olivos_alu_15/HI',
 'tt_um_josue_olivos_alu_16/HI',
 'tt_um_josue_olivos_alu_17/HI',
 'tt_um_josue_olivos_alu_18/HI',
 'tt_um_josue_olivos_alu_19/HI',
 'tt_um_josue_olivos_alu_20/HI',
 'tt_um_josue_olivos_alu_21/HI',
 'tt_um_josue_olivos_alu_22/HI',
 'tt_um_josue_olivos_alu_23/HI',
 'tt_um_josue_olivos_alu_24/HI',
 'tt_um_josue_olivos_alu_25/HI',
 'tt_um_josue_olivos_alu_26/HI',
 'tt_um_josue_olivos_alu_27/HI',
 'tt_um_josue_olivos_alu_28/HI']
Filtered nets:
[]
done
