+ define_corners max_ss_100C_1v60
Reading timing models for corner max_ss_100C_1v60…
Reading cell library for the 'max_ss_100C_1v60' corner at '/home/jo2022/ttsetup/pdk/ciel/sky130/versions/8afc8346a57fe1ab7934ba5a6056ea8b43078e71/sky130A/libs.ref/sky130_fd_sc_hd/lib/sky130_fd_sc_hd__ss_100C_1v60.lib'…
Reading top-level netlist at '/home/jo2022/ttsky-verilog-template/runs/wokwi/52-openroad-fillinsertion/tt_um_josue_olivos_alu.nl.v'…
Linking design 'tt_um_josue_olivos_alu' from netlist…
Warning: /home/jo2022/ttsky-verilog-template/runs/wokwi/52-openroad-fillinsertion/tt_um_josue_olivos_alu.nl.v line 171, module sky130_fd_sc_hd__fill_1 not found. Creating black box for FILLER_0_27.
Warning: /home/jo2022/ttsky-verilog-template/runs/wokwi/52-openroad-fillinsertion/tt_um_josue_olivos_alu.nl.v line 195, module sky130_fd_sc_hd__fill_2 not found. Creating black box for FILLER_0_333.
Warning: /home/jo2022/ttsky-verilog-template/runs/wokwi/52-openroad-fillinsertion/tt_um_josue_olivos_alu.nl.v line 4375, module sky130_fd_sc_hd__tapvpwrvgnd_1 not found. Creating black box for TAP_TAPCELL_ROW_0_78.
Reading design constraints file at '/nix/store/5qhi22zib758klv5di7jvny5b48ckmw3-python3-3.13.9-env/lib/python3.13/site-packages/librelane/scripts/base.sdc'…
[INFO] Using clock clk…
[INFO] Setting output delay to: 4
[INFO] Setting input delay to: 4
[INFO] Setting load to: 0.033442
[INFO] Setting clock uncertainty to: 0.25
[INFO] Setting clock transition to: 0.1499999999999999944488848768742172978818416595458984375
[INFO] Setting timing derate to: 5%
Reading top-level design parasitics for the 'max_ss_100C_1v60' corner at '/home/jo2022/ttsky-verilog-template/runs/wokwi/54-openroad-rcx/max/tt_um_josue_olivos_alu.max.spef'…
%OL_CREATE_REPORT min.rpt

===========================================================================
report_checks -path_delay min (Hold)
============================================================================
======================= max_ss_100C_1v60 Corner ===================================

Startpoint: ui_in[0] (input port clocked by clk)
Endpoint: uo_out[0] (output port clocked by clk)
Path Group: clk
Path Type: min

Fanout         Cap        Slew       Delay        Time   Description
---------------------------------------------------------------------------------------------
                                  0.000000    0.000000   clock clk (rise edge)
                                  0.000000    0.000000   clock network delay (propagated)
                                  4.000000    4.000000 v input external delay
     1    0.002980    0.019144    0.009856    4.009856 v ui_in[0] (in)
                                                         ui_in[0] (net)
                      0.019145    0.000000    4.009856 v input1/A (sky130_fd_sc_hd__clkdlybuf4s25_1)
     7    0.029938    0.409709    0.703341    4.713197 v input1/X (sky130_fd_sc_hd__clkdlybuf4s25_1)
                                                         net1 (net)
                      0.409711    0.001617    4.714814 v _070_/A (sky130_fd_sc_hd__nor2_2)
     1    0.003647    0.134735    0.293575    5.008389 ^ _070_/Y (sky130_fd_sc_hd__nor2_2)
                                                         _009_ (net)
                      0.134735    0.000202    5.008591 ^ _071_/C (sky130_fd_sc_hd__or3_2)
     2    0.044455    0.354639    0.439890    5.448482 ^ _071_/X (sky130_fd_sc_hd__or3_2)
                                                         uo_out[0] (net)
                      0.354875    0.005625    5.454106 ^ uo_out[0] (out)
                                              5.454106   data arrival time

                                  0.000000    0.000000   clock clk (rise edge)
                                  0.000000    0.000000   clock network delay (propagated)
                                  0.250000    0.250000   clock uncertainty
                                  0.000000    0.250000   clock reconvergence pessimism
                                 -4.000000   -3.750000   output external delay
                                             -3.750000   data required time
---------------------------------------------------------------------------------------------
                                             -3.750000   data required time
                                             -5.454106   data arrival time
---------------------------------------------------------------------------------------------
                                              9.204106   slack (MET)


Startpoint: ui_in[7] (input port clocked by clk)
Endpoint: uo_out[4] (output port clocked by clk)
Path Group: clk
Path Type: min

Fanout         Cap        Slew       Delay        Time   Description
---------------------------------------------------------------------------------------------
                                  0.000000    0.000000   clock clk (rise edge)
                                  0.000000    0.000000   clock network delay (propagated)
                                  4.000000    4.000000 ^ input external delay
     1    0.004578    0.044304    0.025242    4.025241 ^ ui_in[7] (in)
                                                         ui_in[7] (net)
                      0.044305    0.000000    4.025241 ^ input8/A (sky130_fd_sc_hd__clkdlybuf4s25_1)
     4    0.015290    0.260200    0.590652    4.615894 ^ input8/X (sky130_fd_sc_hd__clkdlybuf4s25_1)
                                                         net8 (net)
                      0.260200    0.000917    4.616811 ^ _108_/B (sky130_fd_sc_hd__nand2_2)
     2    0.009873    0.111168    0.200433    4.817245 v _108_/Y (sky130_fd_sc_hd__nand2_2)
                                                         _044_ (net)
                      0.111172    0.000810    4.818054 v _126_/A (sky130_fd_sc_hd__nand2_2)
     1    0.003084    0.053395    0.096785    4.914839 ^ _126_/Y (sky130_fd_sc_hd__nand2_2)
                                                         _060_ (net)
                      0.053395    0.000141    4.914980 ^ _127_/B1 (sky130_fd_sc_hd__a22o_2)
     1    0.003874    0.068264    0.247109    5.162089 ^ _127_/X (sky130_fd_sc_hd__a22o_2)
                                                         carry_out (net)
                      0.068264    0.000280    5.162369 ^ _146_/A (sky130_fd_sc_hd__buf_2)
     1    0.034003    0.270411    0.340452    5.502821 ^ _146_/X (sky130_fd_sc_hd__buf_2)
                                                         uo_out[4] (net)
                      0.270419    0.001863    5.504684 ^ uo_out[4] (out)
                                              5.504684   data arrival time

                                  0.000000    0.000000   clock clk (rise edge)
                                  0.000000    0.000000   clock network delay (propagated)
                                  0.250000    0.250000   clock uncertainty
                                  0.000000    0.250000   clock reconvergence pessimism
                                 -4.000000   -3.750000   output external delay
                                             -3.750000   data required time
---------------------------------------------------------------------------------------------
                                             -3.750000   data required time
                                             -5.504684   data arrival time
---------------------------------------------------------------------------------------------
                                              9.254684   slack (MET)


Startpoint: ui_in[5] (input port clocked by clk)
Endpoint: uo_out[1] (output port clocked by clk)
Path Group: clk
Path Type: min

Fanout         Cap        Slew       Delay        Time   Description
---------------------------------------------------------------------------------------------
                                  0.000000    0.000000   clock clk (rise edge)
                                  0.000000    0.000000   clock network delay (propagated)
                                  4.000000    4.000000 ^ input external delay
     1    0.003723    0.038433    0.020728    4.020728 ^ ui_in[5] (in)
                                                         ui_in[5] (net)
                      0.038433    0.000000    4.020728 ^ input6/A (sky130_fd_sc_hd__clkdlybuf4s25_1)
     5    0.024125    0.396705    0.684795    4.705523 ^ input6/X (sky130_fd_sc_hd__clkdlybuf4s25_1)
                                                         net6 (net)
                      0.396705    0.001575    4.707098 ^ _077_/A2 (sky130_fd_sc_hd__a31o_2)
     1    0.002217    0.050529    0.418318    5.125416 ^ _077_/X (sky130_fd_sc_hd__a31o_2)
                                                         _015_ (net)
                      0.050529    0.000157    5.125573 ^ _088_/A (sky130_fd_sc_hd__or4_2)
     2    0.045807    0.364495    0.421023    5.546596 ^ _088_/X (sky130_fd_sc_hd__or4_2)
                                                         uo_out[1] (net)
                      0.364651    0.003727    5.550323 ^ uo_out[1] (out)
                                              5.550323   data arrival time

                                  0.000000    0.000000   clock clk (rise edge)
                                  0.000000    0.000000   clock network delay (propagated)
                                  0.250000    0.250000   clock uncertainty
                                  0.000000    0.250000   clock reconvergence pessimism
                                 -4.000000   -3.750000   output external delay
                                             -3.750000   data required time
---------------------------------------------------------------------------------------------
                                             -3.750000   data required time
                                             -5.550323   data arrival time
---------------------------------------------------------------------------------------------
                                              9.300323   slack (MET)


Startpoint: ui_in[6] (input port clocked by clk)
Endpoint: uo_out[3] (output port clocked by clk)
Path Group: clk
Path Type: min

Fanout         Cap        Slew       Delay        Time   Description
---------------------------------------------------------------------------------------------
                                  0.000000    0.000000   clock clk (rise edge)
                                  0.000000    0.000000   clock network delay (propagated)
                                  4.000000    4.000000 ^ input external delay
     1    0.004069    0.040791    0.022564    4.022564 ^ ui_in[6] (in)
                                                         ui_in[6] (net)
                      0.040806    0.000000    4.022564 ^ input7/A (sky130_fd_sc_hd__clkdlybuf4s25_1)
     4    0.017606    0.296098    0.613815    4.636379 ^ input7/X (sky130_fd_sc_hd__clkdlybuf4s25_1)
                                                         net7 (net)
                      0.296115    0.002501    4.638880 ^ _091_/B (sky130_fd_sc_hd__nand2_2)
     3    0.013794    0.144621    0.237202    4.876082 v _091_/Y (sky130_fd_sc_hd__nand2_2)
                                                         _028_ (net)
                      0.144624    0.000897    4.876978 v _111_/A (sky130_fd_sc_hd__nand3_2)
     1    0.003798    0.069072    0.121763    4.998741 ^ _111_/Y (sky130_fd_sc_hd__nand3_2)
                                                         _047_ (net)
                      0.069072    0.000262    4.999003 ^ _121_/A3 (sky130_fd_sc_hd__a31o_2)
     2    0.007143    0.087984    0.357080    5.356083 ^ _121_/X (sky130_fd_sc_hd__a31o_2)
                                                         _057_ (net)
                      0.087984    0.000435    5.356518 ^ _122_/B (sky130_fd_sc_hd__or2_2)
     1    0.034155    0.283143    0.360322    5.716841 ^ _122_/X (sky130_fd_sc_hd__or2_2)
                                                         uo_out[3] (net)
                      0.283151    0.001873    5.718714 ^ uo_out[3] (out)
                                              5.718714   data arrival time

                                  0.000000    0.000000   clock clk (rise edge)
                                  0.000000    0.000000   clock network delay (propagated)
                                  0.250000    0.250000   clock uncertainty
                                  0.000000    0.250000   clock reconvergence pessimism
                                 -4.000000   -3.750000   output external delay
                                             -3.750000   data required time
---------------------------------------------------------------------------------------------
                                             -3.750000   data required time
                                             -5.718714   data arrival time
---------------------------------------------------------------------------------------------
                                              9.468714   slack (MET)


Startpoint: ui_in[5] (input port clocked by clk)
Endpoint: uo_out[2] (output port clocked by clk)
Path Group: clk
Path Type: min

Fanout         Cap        Slew       Delay        Time   Description
---------------------------------------------------------------------------------------------
                                  0.000000    0.000000   clock clk (rise edge)
                                  0.000000    0.000000   clock network delay (propagated)
                                  4.000000    4.000000 ^ input external delay
     1    0.003723    0.038433    0.020728    4.020728 ^ ui_in[5] (in)
                                                         ui_in[5] (net)
                      0.038433    0.000000    4.020728 ^ input6/A (sky130_fd_sc_hd__clkdlybuf4s25_1)
     5    0.024125    0.396705    0.684795    4.705523 ^ input6/X (sky130_fd_sc_hd__clkdlybuf4s25_1)
                                                         net6 (net)
                      0.396712    0.002279    4.707802 ^ _073_/B (sky130_fd_sc_hd__nand2_2)
     2    0.007914    0.112211    0.226219    4.934021 v _073_/Y (sky130_fd_sc_hd__nand2_2)
                                                         _011_ (net)
                      0.112211    0.000467    4.934488 v _094_/A (sky130_fd_sc_hd__nand3_2)
     1    0.002950    0.058482    0.101838    5.036326 ^ _094_/Y (sky130_fd_sc_hd__nand3_2)
                                                         _031_ (net)
                      0.058485    0.000141    5.036467 ^ _095_/A2 (sky130_fd_sc_hd__a21bo_2)
     1    0.002944    0.053099    0.236732    5.273199 ^ _095_/X (sky130_fd_sc_hd__a21bo_2)
                                                         _032_ (net)
                      0.053099    0.000140    5.273339 ^ _106_/B1 (sky130_fd_sc_hd__o21a_2)
     2    0.043989    0.372175    0.479161    5.752500 ^ _106_/X (sky130_fd_sc_hd__o21a_2)
                                                         uo_out[2] (net)
                      0.372373    0.004852    5.757352 ^ uo_out[2] (out)
                                              5.757352   data arrival time

                                  0.000000    0.000000   clock clk (rise edge)
                                  0.000000    0.000000   clock network delay (propagated)
                                  0.250000    0.250000   clock uncertainty
                                  0.000000    0.250000   clock reconvergence pessimism
                                 -4.000000   -3.750000   output external delay
                                             -3.750000   data required time
---------------------------------------------------------------------------------------------
                                             -3.750000   data required time
                                             -5.757352   data arrival time
---------------------------------------------------------------------------------------------
                                              9.507352   slack (MET)


Startpoint: ui_in[6] (input port clocked by clk)
Endpoint: uo_out[5] (output port clocked by clk)
Path Group: clk
Path Type: min

Fanout         Cap        Slew       Delay        Time   Description
---------------------------------------------------------------------------------------------
                                  0.000000    0.000000   clock clk (rise edge)
                                  0.000000    0.000000   clock network delay (propagated)
                                  4.000000    4.000000 ^ input external delay
     1    0.004069    0.040791    0.022564    4.022564 ^ ui_in[6] (in)
                                                         ui_in[6] (net)
                      0.040806    0.000000    4.022564 ^ input7/A (sky130_fd_sc_hd__clkdlybuf4s25_1)
     4    0.017606    0.296098    0.613815    4.636379 ^ input7/X (sky130_fd_sc_hd__clkdlybuf4s25_1)
                                                         net7 (net)
                      0.296115    0.002501    4.638880 ^ _091_/B (sky130_fd_sc_hd__nand2_2)
     3    0.013794    0.144621    0.237202    4.876082 v _091_/Y (sky130_fd_sc_hd__nand2_2)
                                                         _028_ (net)
                      0.144624    0.000897    4.876978 v _111_/A (sky130_fd_sc_hd__nand3_2)
     1    0.003798    0.069072    0.121763    4.998741 ^ _111_/Y (sky130_fd_sc_hd__nand3_2)
                                                         _047_ (net)
                      0.069072    0.000262    4.999003 ^ _121_/A3 (sky130_fd_sc_hd__a31o_2)
     2    0.007143    0.087984    0.357080    5.356083 ^ _121_/X (sky130_fd_sc_hd__a31o_2)
                                                         _057_ (net)
                      0.087985    0.000492    5.356575 ^ _124_/C (sky130_fd_sc_hd__nor4_2)
     1    0.002286    0.030925    0.080278    5.436852 v _124_/Y (sky130_fd_sc_hd__nor4_2)
                                                         zero_flag (net)
                      0.030925    0.000162    5.437014 v _147_/A (sky130_fd_sc_hd__buf_2)
     1    0.034297    0.166552    0.325906    5.762920 v _147_/X (sky130_fd_sc_hd__buf_2)
                                                         uo_out[5] (net)
                      0.166573    0.001895    5.764815 v uo_out[5] (out)
                                              5.764815   data arrival time

                                  0.000000    0.000000   clock clk (rise edge)
                                  0.000000    0.000000   clock network delay (propagated)
                                  0.250000    0.250000   clock uncertainty
                                  0.000000    0.250000   clock reconvergence pessimism
                                 -4.000000   -3.750000   output external delay
                                             -3.750000   data required time
---------------------------------------------------------------------------------------------
                                             -3.750000   data required time
                                             -5.764815   data arrival time
---------------------------------------------------------------------------------------------
                                              9.514816   slack (MET)



%OL_END_REPORT
%OL_CREATE_REPORT max.rpt

===========================================================================
report_checks -path_delay max (Setup)
============================================================================
======================= max_ss_100C_1v60 Corner ===================================

Startpoint: ui_in[1] (input port clocked by clk)
Endpoint: uo_out[5] (output port clocked by clk)
Path Group: clk
Path Type: max

Fanout         Cap        Slew       Delay        Time   Description
---------------------------------------------------------------------------------------------
                                  0.000000    0.000000   clock clk (rise edge)
                                  0.000000    0.000000   clock network delay (propagated)
                                  4.000000    4.000000 v input external delay
     1    0.003539    0.021320    0.011624    4.011624 v ui_in[1] (in)
                                                         ui_in[1] (net)
                      0.021321    0.000000    4.011624 v input2/A (sky130_fd_sc_hd__clkdlybuf4s25_1)
     8    0.033728    0.458211    0.739290    4.750914 v input2/X (sky130_fd_sc_hd__clkdlybuf4s25_1)
                                                         net2 (net)
                      0.458226    0.003046    4.753960 v _074_/A (sky130_fd_sc_hd__xnor2_2)
     6    0.025014    0.283580    0.539398    5.293358 v _074_/Y (sky130_fd_sc_hd__xnor2_2)
                                                         _012_ (net)
                      0.283580    0.001134    5.294492 v _086_/B (sky130_fd_sc_hd__or2_2)
     3    0.013593    0.166818    0.793443    6.087935 v _086_/X (sky130_fd_sc_hd__or2_2)
                                                         _024_ (net)
                      0.166818    0.000454    6.088388 v _087_/A3 (sky130_fd_sc_hd__a31o_2)
     1    0.001899    0.057737    0.471569    6.559958 v _087_/X (sky130_fd_sc_hd__a31o_2)
                                                         _025_ (net)
                      0.057737    0.000120    6.560078 v _088_/D (sky130_fd_sc_hd__or4_2)
     2    0.045670    0.463721    1.690721    8.250798 v _088_/X (sky130_fd_sc_hd__or4_2)
                                                         uo_out[1] (net)
                      0.463736    0.003178    8.253977 v _123_/B (sky130_fd_sc_hd__or2_2)
     1    0.004822    0.121813    0.803352    9.057328 v _123_/X (sky130_fd_sc_hd__or2_2)
                                                         _058_ (net)
                      0.121813    0.000223    9.057551 v _124_/D (sky130_fd_sc_hd__nor4_2)
     1    0.002414    0.294470    0.226619    9.284170 ^ _124_/Y (sky130_fd_sc_hd__nor4_2)
                                                         zero_flag (net)
                      0.294470    0.000172    9.284343 ^ _147_/A (sky130_fd_sc_hd__buf_2)
     1    0.034297    0.273224    0.442245    9.726588 ^ _147_/X (sky130_fd_sc_hd__buf_2)
                                                         uo_out[5] (net)
                      0.273233    0.001895    9.728483 ^ uo_out[5] (out)
                                              9.728483   data arrival time

                                 20.000000   20.000000   clock clk (rise edge)
                                  0.000000   20.000000   clock network delay (propagated)
                                 -0.250000   19.750002   clock uncertainty
                                  0.000000   19.750002   clock reconvergence pessimism
                                 -4.000000   15.750001   output external delay
                                             15.750001   data required time
---------------------------------------------------------------------------------------------
                                             15.750001   data required time
                                             -9.728483   data arrival time
---------------------------------------------------------------------------------------------
                                              6.021518   slack (MET)


Startpoint: uio_in[1] (input port clocked by clk)
Endpoint: uo_out[3] (output port clocked by clk)
Path Group: clk
Path Type: max

Fanout         Cap        Slew       Delay        Time   Description
---------------------------------------------------------------------------------------------
                                  0.000000    0.000000   clock clk (rise edge)
                                  0.000000    0.000000   clock network delay (propagated)
                                  4.000000    4.000000 v input external delay
     1    0.003274    0.020284    0.010786    4.010786 v uio_in[1] (in)
                                                         uio_in[1] (net)
                      0.020285    0.000000    4.010786 v input10/A (sky130_fd_sc_hd__clkdlybuf4s25_1)
    10    0.033646    0.457005    0.738576    4.749362 v input10/X (sky130_fd_sc_hd__clkdlybuf4s25_1)
                                                         net10 (net)
                      0.457006    0.001548    4.750910 v _066_/C_N (sky130_fd_sc_hd__nor3b_2)
     4    0.015967    0.184095    0.563415    5.314325 v _066_/Y (sky130_fd_sc_hd__nor3b_2)
                                                         _005_ (net)
                      0.184095    0.000217    5.314542 v _117_/C (sky130_fd_sc_hd__and3_2)
     1    0.002709    0.071096    0.482898    5.797440 v _117_/X (sky130_fd_sc_hd__and3_2)
                                                         _053_ (net)
                      0.071096    0.000191    5.797630 v _118_/B1 (sky130_fd_sc_hd__a21o_2)
     1    0.002448    0.055393    0.331298    6.128928 v _118_/X (sky130_fd_sc_hd__a21o_2)
                                                         _054_ (net)
                      0.055393    0.000151    6.129079 v _120_/B (sky130_fd_sc_hd__or3b_2)
     1    0.005002    0.177942    1.045594    7.174673 v _120_/X (sky130_fd_sc_hd__or3b_2)
                                                         _056_ (net)
                      0.177942    0.000349    7.175022 v _121_/B1 (sky130_fd_sc_hd__a31o_2)
     2    0.006444    0.080348    0.454700    7.629722 v _121_/X (sky130_fd_sc_hd__a31o_2)
                                                         _057_ (net)
                      0.080348    0.000392    7.630114 v _122_/B (sky130_fd_sc_hd__or2_2)
     1    0.034155    0.250886    0.815423    8.445537 v _122_/X (sky130_fd_sc_hd__or2_2)
                                                         uo_out[3] (net)
                      0.250895    0.001873    8.447411 v uo_out[3] (out)
                                              8.447411   data arrival time

                                 20.000000   20.000000   clock clk (rise edge)
                                  0.000000   20.000000   clock network delay (propagated)
                                 -0.250000   19.750002   clock uncertainty
                                  0.000000   19.750002   clock reconvergence pessimism
                                 -4.000000   15.750001   output external delay
                                             15.750001   data required time
---------------------------------------------------------------------------------------------
                                             15.750001   data required time
                                             -8.447411   data arrival time
---------------------------------------------------------------------------------------------
                                              7.302591   slack (MET)


Startpoint: ui_in[1] (input port clocked by clk)
Endpoint: uo_out[1] (output port clocked by clk)
Path Group: clk
Path Type: max

Fanout         Cap        Slew       Delay        Time   Description
---------------------------------------------------------------------------------------------
                                  0.000000    0.000000   clock clk (rise edge)
                                  0.000000    0.000000   clock network delay (propagated)
                                  4.000000    4.000000 v input external delay
     1    0.003539    0.021320    0.011624    4.011624 v ui_in[1] (in)
                                                         ui_in[1] (net)
                      0.021321    0.000000    4.011624 v input2/A (sky130_fd_sc_hd__clkdlybuf4s25_1)
     8    0.033728    0.458211    0.739290    4.750914 v input2/X (sky130_fd_sc_hd__clkdlybuf4s25_1)
                                                         net2 (net)
                      0.458226    0.003046    4.753960 v _074_/A (sky130_fd_sc_hd__xnor2_2)
     6    0.025014    0.283580    0.539398    5.293358 v _074_/Y (sky130_fd_sc_hd__xnor2_2)
                                                         _012_ (net)
                      0.283580    0.001134    5.294492 v _086_/B (sky130_fd_sc_hd__or2_2)
     3    0.013593    0.166818    0.793443    6.087935 v _086_/X (sky130_fd_sc_hd__or2_2)
                                                         _024_ (net)
                      0.166818    0.000454    6.088388 v _087_/A3 (sky130_fd_sc_hd__a31o_2)
     1    0.001899    0.057737    0.471569    6.559958 v _087_/X (sky130_fd_sc_hd__a31o_2)
                                                         _025_ (net)
                      0.057737    0.000120    6.560078 v _088_/D (sky130_fd_sc_hd__or4_2)
     2    0.045670    0.463721    1.690721    8.250798 v _088_/X (sky130_fd_sc_hd__or4_2)
                                                         uo_out[1] (net)
                      0.463745    0.003718    8.254517 v uo_out[1] (out)
                                              8.254517   data arrival time

                                 20.000000   20.000000   clock clk (rise edge)
                                  0.000000   20.000000   clock network delay (propagated)
                                 -0.250000   19.750002   clock uncertainty
                                  0.000000   19.750002   clock reconvergence pessimism
                                 -4.000000   15.750001   output external delay
                                             15.750001   data required time
---------------------------------------------------------------------------------------------
                                             15.750001   data required time
                                             -8.254517   data arrival time
---------------------------------------------------------------------------------------------
                                              7.495484   slack (MET)


Startpoint: uio_in[0] (input port clocked by clk)
Endpoint: uo_out[2] (output port clocked by clk)
Path Group: clk
Path Type: max

Fanout         Cap        Slew       Delay        Time   Description
---------------------------------------------------------------------------------------------
                                  0.000000    0.000000   clock clk (rise edge)
                                  0.000000    0.000000   clock network delay (propagated)
                                  4.000000    4.000000 ^ input external delay
     1    0.003487    0.036833    0.019481    4.019481 ^ uio_in[0] (in)
                                                         uio_in[0] (net)
                      0.036834    0.000000    4.019481 ^ input9/A (sky130_fd_sc_hd__clkdlybuf4s25_1)
    10    0.040746    0.653530    0.868389    4.887870 ^ input9/X (sky130_fd_sc_hd__clkdlybuf4s25_1)
                                                         net9 (net)
                      0.653530    0.001038    4.888907 ^ _079_/A_N (sky130_fd_sc_hd__and3b_2)
     3    0.011651    0.111335    0.658087    5.546995 v _079_/X (sky130_fd_sc_hd__and3b_2)
                                                         _017_ (net)
                      0.111335    0.000711    5.547706 v _103_/B1 (sky130_fd_sc_hd__a2bb2o_2)
     1    0.001742    0.073082    0.504707    6.052413 v _103_/X (sky130_fd_sc_hd__a2bb2o_2)
                                                         _040_ (net)
                      0.073082    0.000076    6.052489 v _105_/B (sky130_fd_sc_hd__or4b_2)
     1    0.003115    0.214878    1.484211    7.536699 v _105_/X (sky130_fd_sc_hd__or4b_2)
                                                         _042_ (net)
                      0.214878    0.000210    7.536909 v _106_/A2 (sky130_fd_sc_hd__o21a_2)
     2    0.043639    0.230921    0.591483    8.128392 v _106_/X (sky130_fd_sc_hd__o21a_2)
                                                         uo_out[2] (net)
                      0.231039    0.004812    8.133204 v uo_out[2] (out)
                                              8.133204   data arrival time

                                 20.000000   20.000000   clock clk (rise edge)
                                  0.000000   20.000000   clock network delay (propagated)
                                 -0.250000   19.750002   clock uncertainty
                                  0.000000   19.750002   clock reconvergence pessimism
                                 -4.000000   15.750001   output external delay
                                             15.750001   data required time
---------------------------------------------------------------------------------------------
                                             15.750001   data required time
                                             -8.133204   data arrival time
---------------------------------------------------------------------------------------------
                                              7.616796   slack (MET)


Startpoint: ui_in[1] (input port clocked by clk)
Endpoint: uo_out[4] (output port clocked by clk)
Path Group: clk
Path Type: max

Fanout         Cap        Slew       Delay        Time   Description
---------------------------------------------------------------------------------------------
                                  0.000000    0.000000   clock clk (rise edge)
                                  0.000000    0.000000   clock network delay (propagated)
                                  4.000000    4.000000 v input external delay
     1    0.003539    0.021320    0.011624    4.011624 v ui_in[1] (in)
                                                         ui_in[1] (net)
                      0.021321    0.000000    4.011624 v input2/A (sky130_fd_sc_hd__clkdlybuf4s25_1)
     8    0.033728    0.458211    0.739290    4.750914 v input2/X (sky130_fd_sc_hd__clkdlybuf4s25_1)
                                                         net2 (net)
                      0.458226    0.003046    4.753960 v _074_/A (sky130_fd_sc_hd__xnor2_2)
     6    0.025014    0.283580    0.539398    5.293358 v _074_/Y (sky130_fd_sc_hd__xnor2_2)
                                                         _012_ (net)
                      0.283580    0.001134    5.294492 v _086_/B (sky130_fd_sc_hd__or2_2)
     3    0.013593    0.166818    0.793443    6.087935 v _086_/X (sky130_fd_sc_hd__or2_2)
                                                         _024_ (net)
                      0.166820    0.000980    6.088914 v _093_/A2 (sky130_fd_sc_hd__a21o_2)
     3    0.014147    0.109021    0.477947    6.566862 v _093_/X (sky130_fd_sc_hd__a21o_2)
                                                         _030_ (net)
                      0.109028    0.000980    6.567842 v _110_/A2 (sky130_fd_sc_hd__a21o_2)
     2    0.008682    0.083730    0.425850    6.993692 v _110_/X (sky130_fd_sc_hd__a21o_2)
                                                         _046_ (net)
                      0.083789    0.000528    6.994220 v _126_/B (sky130_fd_sc_hd__nand2_2)
     1    0.003084    0.061599    0.099840    7.094060 ^ _126_/Y (sky130_fd_sc_hd__nand2_2)
                                                         _060_ (net)
                      0.061599    0.000141    7.094201 ^ _127_/B1 (sky130_fd_sc_hd__a22o_2)
     1    0.003874    0.078865    0.250610    7.344811 ^ _127_/X (sky130_fd_sc_hd__a22o_2)
                                                         carry_out (net)
                      0.078865    0.000280    7.345091 ^ _146_/A (sky130_fd_sc_hd__buf_2)
     1    0.034003    0.270427    0.345312    7.690403 ^ _146_/X (sky130_fd_sc_hd__buf_2)
                                                         uo_out[4] (net)
                      0.270435    0.001863    7.692266 ^ uo_out[4] (out)
                                              7.692266   data arrival time

                                 20.000000   20.000000   clock clk (rise edge)
                                  0.000000   20.000000   clock network delay (propagated)
                                 -0.250000   19.750002   clock uncertainty
                                  0.000000   19.750002   clock reconvergence pessimism
                                 -4.000000   15.750001   output external delay
                                             15.750001   data required time
---------------------------------------------------------------------------------------------
                                             15.750001   data required time
                                             -7.692266   data arrival time
---------------------------------------------------------------------------------------------
                                              8.057734   slack (MET)


Startpoint: uio_in[2] (input port clocked by clk)
Endpoint: uo_out[0] (output port clocked by clk)
Path Group: clk
Path Type: max

Fanout         Cap        Slew       Delay        Time   Description
---------------------------------------------------------------------------------------------
                                  0.000000    0.000000   clock clk (rise edge)
                                  0.000000    0.000000   clock network delay (propagated)
                                  4.000000    4.000000 ^ input external delay
     1    0.003151    0.034572    0.017703    4.017703 ^ uio_in[2] (in)
                                                         uio_in[2] (net)
                      0.034572    0.000000    4.017703 ^ input11/A (sky130_fd_sc_hd__clkdlybuf4s25_1)
    10    0.041984    0.673164    0.879820    4.897522 ^ input11/X (sky130_fd_sc_hd__clkdlybuf4s25_1)
                                                         net11 (net)
                      0.673165    0.002398    4.899920 ^ _061_/A_N (sky130_fd_sc_hd__and3b_2)
     4    0.017494    0.137100    0.693662    5.593583 v _061_/X (sky130_fd_sc_hd__and3b_2)
                                                         _000_ (net)
                      0.137100    0.000477    5.594059 v _065_/B1 (sky130_fd_sc_hd__o22a_2)
     1    0.003046    0.070356    0.408027    6.002086 v _065_/X (sky130_fd_sc_hd__o22a_2)
                                                         _004_ (net)
                      0.070356    0.000179    6.002265 v _071_/A (sky130_fd_sc_hd__or3_2)
     2    0.044336    0.374304    1.407580    7.409846 v _071_/X (sky130_fd_sc_hd__or3_2)
                                                         uo_out[0] (net)
                      0.374395    0.005611    7.415456 v uo_out[0] (out)
                                              7.415456   data arrival time

                                 20.000000   20.000000   clock clk (rise edge)
                                  0.000000   20.000000   clock network delay (propagated)
                                 -0.250000   19.750002   clock uncertainty
                                  0.000000   19.750002   clock reconvergence pessimism
                                 -4.000000   15.750001   output external delay
                                             15.750001   data required time
---------------------------------------------------------------------------------------------
                                             15.750001   data required time
                                             -7.415456   data arrival time
---------------------------------------------------------------------------------------------
                                              8.334544   slack (MET)



%OL_END_REPORT
%OL_CREATE_REPORT checks.rpt

===========================================================================
report_checks -unconstrained
===========================================================================
======================= max_ss_100C_1v60 Corner ===================================

Startpoint: ui_in[1] (input port clocked by clk)
Endpoint: uo_out[5] (output port clocked by clk)
Path Group: clk
Path Type: max

Fanout         Cap        Slew       Delay        Time   Description
---------------------------------------------------------------------------------------------
                                  0.000000    0.000000   clock clk (rise edge)
                                  0.000000    0.000000   clock network delay (propagated)
                                  4.000000    4.000000 v input external delay
     1    0.003539    0.021320    0.011624    4.011624 v ui_in[1] (in)
                                                         ui_in[1] (net)
                      0.021321    0.000000    4.011624 v input2/A (sky130_fd_sc_hd__clkdlybuf4s25_1)
     8    0.033728    0.458211    0.739290    4.750914 v input2/X (sky130_fd_sc_hd__clkdlybuf4s25_1)
                                                         net2 (net)
                      0.458226    0.003046    4.753960 v _074_/A (sky130_fd_sc_hd__xnor2_2)
     6    0.025014    0.283580    0.539398    5.293358 v _074_/Y (sky130_fd_sc_hd__xnor2_2)
                                                         _012_ (net)
                      0.283580    0.001134    5.294492 v _086_/B (sky130_fd_sc_hd__or2_2)
     3    0.013593    0.166818    0.793443    6.087935 v _086_/X (sky130_fd_sc_hd__or2_2)
                                                         _024_ (net)
                      0.166818    0.000454    6.088388 v _087_/A3 (sky130_fd_sc_hd__a31o_2)
     1    0.001899    0.057737    0.471569    6.559958 v _087_/X (sky130_fd_sc_hd__a31o_2)
                                                         _025_ (net)
                      0.057737    0.000120    6.560078 v _088_/D (sky130_fd_sc_hd__or4_2)
     2    0.045670    0.463721    1.690721    8.250798 v _088_/X (sky130_fd_sc_hd__or4_2)
                                                         uo_out[1] (net)
                      0.463736    0.003178    8.253977 v _123_/B (sky130_fd_sc_hd__or2_2)
     1    0.004822    0.121813    0.803352    9.057328 v _123_/X (sky130_fd_sc_hd__or2_2)
                                                         _058_ (net)
                      0.121813    0.000223    9.057551 v _124_/D (sky130_fd_sc_hd__nor4_2)
     1    0.002414    0.294470    0.226619    9.284170 ^ _124_/Y (sky130_fd_sc_hd__nor4_2)
                                                         zero_flag (net)
                      0.294470    0.000172    9.284343 ^ _147_/A (sky130_fd_sc_hd__buf_2)
     1    0.034297    0.273224    0.442245    9.726588 ^ _147_/X (sky130_fd_sc_hd__buf_2)
                                                         uo_out[5] (net)
                      0.273233    0.001895    9.728483 ^ uo_out[5] (out)
                                              9.728483   data arrival time

                                 20.000000   20.000000   clock clk (rise edge)
                                  0.000000   20.000000   clock network delay (propagated)
                                 -0.250000   19.750002   clock uncertainty
                                  0.000000   19.750002   clock reconvergence pessimism
                                 -4.000000   15.750001   output external delay
                                             15.750001   data required time
---------------------------------------------------------------------------------------------
                                             15.750001   data required time
                                             -9.728483   data arrival time
---------------------------------------------------------------------------------------------
                                              6.021518   slack (MET)




===========================================================================
report_checks --slack_max -0.01
============================================================================
======================= max_ss_100C_1v60 Corner ===================================

No paths found.


===========================================================================
 report_check_types -max_slew -max_cap -max_fanout -violators
============================================================================
======================= max_ss_100C_1v60 Corner ===================================



===========================================================================
report_parasitic_annotation -report_unannotated
============================================================================
Found 26 unannotated drivers.
 clk
 ena
 rst_n
 uio_in[3]
 uio_in[4]
 uio_in[5]
 uio_in[6]
 uio_in[7]
 tt_um_josue_olivos_alu/HI
 tt_um_josue_olivos_alu_12/HI
 tt_um_josue_olivos_alu_13/HI
 tt_um_josue_olivos_alu_14/HI
 tt_um_josue_olivos_alu_15/HI
 tt_um_josue_olivos_alu_16/HI
 tt_um_josue_olivos_alu_17/HI
 tt_um_josue_olivos_alu_18/HI
 tt_um_josue_olivos_alu_19/HI
 tt_um_josue_olivos_alu_20/HI
 tt_um_josue_olivos_alu_21/HI
 tt_um_josue_olivos_alu_22/HI
 tt_um_josue_olivos_alu_23/HI
 tt_um_josue_olivos_alu_24/HI
 tt_um_josue_olivos_alu_25/HI
 tt_um_josue_olivos_alu_26/HI
 tt_um_josue_olivos_alu_27/HI
 tt_um_josue_olivos_alu_28/HI
Found 0 partially unannotated drivers.

===========================================================================
max slew violation count 0
%OL_METRIC_I design__max_slew_violation__count__corner:max_ss_100C_1v60 0
max fanout violation count 0
%OL_METRIC_I design__max_fanout_violation__count__corner:max_ss_100C_1v60 0
max cap violation count 0
%OL_METRIC_I design__max_cap_violation__count__corner:max_ss_100C_1v60 0
============================================================================

===========================================================================
check_setup -verbose -unconstrained_endpoints -multiple_clock -no_clock -no_input_delay -loops -generated_clocks
===========================================================================
%OL_END_REPORT
%OL_CREATE_REPORT power.rpt

===========================================================================
 report_power
============================================================================
======================= max_ss_100C_1v60 Corner ===================================

Group                    Internal    Switching      Leakage        Total
                            Power        Power        Power        Power (Watts)
------------------------------------------------------------------------
Sequential           0.000000e+00 0.000000e+00 0.000000e+00 0.000000e+00   0.0%
Combinational        6.778202e-06 9.355149e-06 4.056421e-07 1.653899e-05  99.9%
Clock                0.000000e+00 0.000000e+00 1.214763e-08 1.214763e-08   0.1%
Macro                0.000000e+00 0.000000e+00 0.000000e+00 0.000000e+00   0.0%
Pad                  0.000000e+00 0.000000e+00 0.000000e+00 0.000000e+00   0.0%
------------------------------------------------------------------------
Total                6.778202e-06 9.355149e-06 4.177897e-07 1.655114e-05 100.0%
                            41.0%        56.5%         2.5%
%OL_METRIC_F power__internal__total 6.7782020778395236e-6
%OL_METRIC_F power__switching__total 9.355148904433008e-6
%OL_METRIC_F power__leakage__total 4.17789692619408e-7
%OL_METRIC_F power__total 1.6551141015952453e-5

%OL_END_REPORT
%OL_CREATE_REPORT skew.min.rpt

===========================================================================
Clock Skew (Hold)
============================================================================
%OL_METRIC_F clock__skew__worst_hold__corner:max_ss_100C_1v60 0.0
======================= max_ss_100C_1v60 Corner ===================================

Clock clk
No launch/capture paths found.

%OL_END_REPORT
%OL_CREATE_REPORT skew.max.rpt

===========================================================================
Clock Skew (Setup)
============================================================================
%OL_METRIC_F clock__skew__worst_setup__corner:max_ss_100C_1v60 0.0
======================= max_ss_100C_1v60 Corner ===================================

Clock clk
No launch/capture paths found.

%OL_END_REPORT
%OL_CREATE_REPORT ws.min.rpt

===========================================================================
Worst Slack (Hold)
============================================================================
%OL_METRIC_F timing__hold__ws__corner:max_ss_100C_1v60 9.204106182177167
max_ss_100C_1v60: 9.204106182177167
%OL_END_REPORT
%OL_CREATE_REPORT ws.max.rpt

===========================================================================
Worst Slack (Setup)
============================================================================
%OL_METRIC_F timing__setup__ws__corner:max_ss_100C_1v60 6.021517677138031
max_ss_100C_1v60: 6.021517677138031
%OL_END_REPORT
%OL_CREATE_REPORT tns.min.rpt

===========================================================================
Total Negative Slack (Hold)
============================================================================
%OL_METRIC_F timing__hold__tns__corner:max_ss_100C_1v60 0.0
max_ss_100C_1v60: 0.0
%OL_END_REPORT
%OL_CREATE_REPORT tns.max.rpt

===========================================================================
Total Negative Slack (Setup)
============================================================================
%OL_METRIC_F timing__setup__tns__corner:max_ss_100C_1v60 0.0
max_ss_100C_1v60: 0.0
%OL_END_REPORT
%OL_CREATE_REPORT wns.min.rpt

===========================================================================
Worst Negative Slack (Hold)
============================================================================
%OL_METRIC_F timing__hold__wns__corner:max_ss_100C_1v60 0
max_ss_100C_1v60: 0
%OL_END_REPORT
%OL_CREATE_REPORT wns.max.rpt

===========================================================================
Worst Negative Slack (Setup)
============================================================================
%OL_METRIC_F timing__setup__wns__corner:max_ss_100C_1v60 0.0
max_ss_100C_1v60: 0.0
%OL_END_REPORT
%OL_CREATE_REPORT violator_list.rpt

===========================================================================
Violator List
============================================================================
%OL_METRIC_I timing__hold_vio__count__corner:max_ss_100C_1v60 0
%OL_METRIC_F timing__hold_r2r__ws__corner:max_ss_100C_1v60 inf
%OL_METRIC_I timing__hold_r2r_vio__count__corner:max_ss_100C_1v60 0
%OL_METRIC_I timing__setup_vio__count__corner:max_ss_100C_1v60 0
%OL_METRIC_F timing__setup_r2r__ws__corner:max_ss_100C_1v60 inf
%OL_METRIC_I timing__setup_r2r_vio__count__corner:max_ss_100C_1v60 0
%OL_END_REPORT
%OL_CREATE_REPORT unpropagated.rpt
%OL_END_REPORT
%OL_CREATE_REPORT clock.rpt
Clock: clk
Sources: clk 
Generated: no
Virtual: yes
Propagated: no
Period: 20.000000

===========================================================================
report_clock_properties
============================================================================
Clock                   Period          Waveform
----------------------------------------------------
clk                  20.000000    0.000000 10.000000

===========================================================================
report_clock_latency
============================================================================
Clock clk


===========================================================================
report_clock_min_period
============================================================================
clk period_min = 0.00 fmax = inf
%OL_END_REPORT
Writing SDF files for all corners…
Removing Clock latencies before writing libs…
Writing timing models for all corners…
Writing timing models for the max_ss_100C_1v60 corner to /home/jo2022/ttsky-verilog-template/runs/wokwi/55-openroad-stapostpnr/max_ss_100C_1v60/tt_um_josue_olivos_alu__max_ss_100C_1v60.lib…
