Reading timing models for corner nom_tt_025C_1v80…
Reading timing library for the 'nom_tt_025C_1v80' corner at '/home/jo2022/ttsetup/pdk/ciel/sky130/versions/8afc8346a57fe1ab7934ba5a6056ea8b43078e71/sky130A/libs.ref/sky130_fd_sc_hd/lib/sky130_fd_sc_hd__tt_025C_1v80.lib'…
Reading OpenROAD database at '/home/jo2022/ttsky-verilog-template/runs/wokwi/42-openroad-repairantennas/1-openroad-diodeinsertion/tt_um_josue_olivos_alu.odb'…
Reading design constraints file at '/nix/store/5qhi22zib758klv5di7jvny5b48ckmw3-python3-3.13.9-env/lib/python3.13/site-packages/librelane/scripts/base.sdc'…
[INFO] Using clock clk…
[INFO] Setting output delay to: 4
[INFO] Setting input delay to: 4
[INFO] Setting load to: 0.033442
[INFO] Setting clock uncertainty to: 0.25
[INFO] Setting clock transition to: 0.1499999999999999944488848768742172978818416595458984375
[INFO] Setting timing derate to: 5%
[INFO ORD-0030] Using 48 thread(s).
+ detailed_route -droute_end_iter 64 -or_seed 42 -verbose 1 -output_drc /home/jo2022/ttsky-verilog-template/runs/wokwi/44-openroad-detailedrouting/drt-run-0/tt_um_josue_olivos_alu.drc
[INFO DRT-0149] Reading tech and libs.
[WARNING DRT-0349] LEF58_ENCLOSURE with no CUTCLASS is not supported. Skipping for layer mcon
[WARNING DRT-0349] LEF58_ENCLOSURE with no CUTCLASS is not supported. Skipping for layer mcon
[WARNING DRT-0349] LEF58_ENCLOSURE with no CUTCLASS is not supported. Skipping for layer via
[WARNING DRT-0349] LEF58_ENCLOSURE with no CUTCLASS is not supported. Skipping for layer via
[WARNING DRT-0349] LEF58_ENCLOSURE with no CUTCLASS is not supported. Skipping for layer via2
[WARNING DRT-0349] LEF58_ENCLOSURE with no CUTCLASS is not supported. Skipping for layer via2
[WARNING DRT-0349] LEF58_ENCLOSURE with no CUTCLASS is not supported. Skipping for layer via3
[WARNING DRT-0349] LEF58_ENCLOSURE with no CUTCLASS is not supported. Skipping for layer via3
[WARNING DRT-0349] LEF58_ENCLOSURE with no CUTCLASS is not supported. Skipping for layer via4
[WARNING DRT-0349] LEF58_ENCLOSURE with no CUTCLASS is not supported. Skipping for layer via4

Units:                1000
Number of layers:     13
Number of macros:     445
Number of vias:       28
Number of viarulegen: 25

[INFO DRT-0150] Reading design.

Design:                   tt_um_josue_olivos_alu
Die area:                 ( 0 0 ) ( 161000 111520 )
Number of track patterns: 12
Number of DEF vias:       0
Number of components:     401
Number of terminals:      45
Number of snets:          2
Number of nets:           117

[INFO DRT-0167] List of default vias:
  Layer via
    default via: M1M2_PR
  Layer via2
    default via: M2M3_PR
  Layer via3
    default via: M3M4_PR
  Layer via4
    default via: M4M5_PR
[INFO DRT-0162] Library cell analysis.
[INFO DRT-0163] Instance analysis.
[INFO DRT-0164] Number of unique instances = 62.
[INFO DRT-0168] Init region query.
[INFO DRT-0024]   Complete FR_MASTERSLICE.
[INFO DRT-0024]   Complete licon.
[INFO DRT-0024]   Complete li1.
[INFO DRT-0024]   Complete mcon.
[INFO DRT-0024]   Complete met1.
[INFO DRT-0024]   Complete via.
[INFO DRT-0024]   Complete met2.
[INFO DRT-0024]   Complete via2.
[INFO DRT-0024]   Complete met3.
[INFO DRT-0024]   Complete via3.
[INFO DRT-0024]   Complete met4.
[INFO DRT-0024]   Complete via4.
[INFO DRT-0024]   Complete met5.
[INFO DRT-0033] FR_MASTERSLICE shape region query size = 0.
[INFO DRT-0033] licon shape region query size = 0.
[INFO DRT-0033] li1 shape region query size = 3530.
[INFO DRT-0033] mcon shape region query size = 0.
[INFO DRT-0033] met1 shape region query size = 1005.
[INFO DRT-0033] via shape region query size = 800.
[INFO DRT-0033] met2 shape region query size = 480.
[INFO DRT-0033] via2 shape region query size = 640.
[INFO DRT-0033] met3 shape region query size = 480.
[INFO DRT-0033] via3 shape region query size = 640.
[INFO DRT-0033] met4 shape region query size = 219.
[INFO DRT-0033] via4 shape region query size = 0.
[INFO DRT-0033] met5 shape region query size = 0.
[INFO DRT-0165] Start pin access.
[INFO DRT-0078]   Complete 455 pins.
[INFO DRT-0081]   Complete 62 unique inst patterns.
[INFO DRT-0084]   Complete 68 groups.
#scanned instances     = 401
#unique  instances     = 62
#stdCellGenAp          = 1369
#stdCellValidPlanarAp  = 0
#stdCellValidViaAp     = 1070
#stdCellPinNoAp        = 0
#stdCellPinCnt         = 304
#instTermValidViaApCnt = 0
#macroGenAp            = 0
#macroValidPlanarAp    = 0
#macroValidViaAp       = 0
#macroNoAp             = 0
[INFO DRT-0166] Complete pin access.
[INFO DRT-0267] cpu time = 00:00:35, elapsed time = 00:00:00, memory = 143.09 (MB), peak = 184.98 (MB)

[INFO DRT-0157] Number of guides:     759

[INFO DRT-0169] Post process guides.
[INFO DRT-0176] GCELLGRID X 0 DO 23 STEP 6900 ;
[INFO DRT-0177] GCELLGRID Y 0 DO 16 STEP 6900 ;
[INFO DRT-0028]   Complete FR_MASTERSLICE.
[INFO DRT-0028]   Complete licon.
[INFO DRT-0028]   Complete li1.
[INFO DRT-0028]   Complete mcon.
[INFO DRT-0028]   Complete met1.
[INFO DRT-0028]   Complete via.
[INFO DRT-0028]   Complete met2.
[INFO DRT-0028]   Complete via2.
[INFO DRT-0028]   Complete met3.
[INFO DRT-0028]   Complete via3.
[INFO DRT-0028]   Complete met4.
[INFO DRT-0028]   Complete via4.
[INFO DRT-0028]   Complete met5.
[INFO DRT-0178] Init guide query.
[INFO DRT-0035]   Complete FR_MASTERSLICE (guide).
[INFO DRT-0035]   Complete licon (guide).
[INFO DRT-0035]   Complete li1 (guide).
[INFO DRT-0035]   Complete mcon (guide).
[INFO DRT-0035]   Complete met1 (guide).
[INFO DRT-0035]   Complete via (guide).
[INFO DRT-0035]   Complete met2 (guide).
[INFO DRT-0035]   Complete via2 (guide).
[INFO DRT-0035]   Complete met3 (guide).
[INFO DRT-0035]   Complete via3 (guide).
[INFO DRT-0035]   Complete met4 (guide).
[INFO DRT-0035]   Complete via4 (guide).
[INFO DRT-0035]   Complete met5 (guide).
[INFO DRT-0036] FR_MASTERSLICE guide region query size = 0.
[INFO DRT-0036] licon guide region query size = 0.
[INFO DRT-0036] li1 guide region query size = 237.
[INFO DRT-0036] mcon guide region query size = 0.
[INFO DRT-0036] met1 guide region query size = 191.
[INFO DRT-0036] via guide region query size = 0.
[INFO DRT-0036] met2 guide region query size = 91.
[INFO DRT-0036] via2 guide region query size = 0.
[INFO DRT-0036] met3 guide region query size = 37.
[INFO DRT-0036] via3 guide region query size = 0.
[INFO DRT-0036] met4 guide region query size = 35.
[INFO DRT-0036] via4 guide region query size = 0.
[INFO DRT-0036] met5 guide region query size = 0.
[INFO DRT-0179] Init gr pin query.
[INFO DRT-0267] cpu time = 00:00:00, elapsed time = 00:00:00, memory = 143.63 (MB), peak = 184.98 (MB)
[INFO DRT-0245] skipped writing guide updates to database.
[INFO DRT-0185] Post process initialize RPin region query.
[INFO DRT-0181] Start track assignment.
[INFO DRT-0184] Done with 363 vertical wires in 1 frboxes and 228 horizontal wires in 1 frboxes.
[INFO DRT-0186] Done with 19 vertical wires in 1 frboxes and 46 horizontal wires in 1 frboxes.
[INFO DRT-0182] Complete track assignment.
[INFO DRT-0267] cpu time = 00:00:02, elapsed time = 00:00:00, memory = 147.25 (MB), peak = 184.98 (MB)
[INFO DRT-0187] Start routing data preparation.
[INFO DRT-0267] cpu time = 00:00:00, elapsed time = 00:00:00, memory = 147.25 (MB), peak = 184.98 (MB)
[INFO DRT-0194] Start detail routing.
[INFO DRT-0195] Start 0th optimization iteration.
    Completing 10% with 0 violations.
    elapsed time = 00:00:00, memory = 148.95 (MB).
    Completing 20% with 0 violations.
    elapsed time = 00:00:00, memory = 151.87 (MB).
    Completing 30% with 0 violations.
    elapsed time = 00:00:00, memory = 153.35 (MB).
    Completing 40% with 12 violations.
    elapsed time = 00:00:00, memory = 153.35 (MB).
    Completing 50% with 12 violations.
    elapsed time = 00:00:00, memory = 156.27 (MB).
    Completing 60% with 18 violations.
    elapsed time = 00:00:00, memory = 157.04 (MB).
    Completing 70% with 18 violations.
    elapsed time = 00:00:00, memory = 157.55 (MB).
    Completing 80% with 18 violations.
    elapsed time = 00:00:00, memory = 157.55 (MB).
    Completing 90% with 22 violations.
    elapsed time = 00:00:00, memory = 160.32 (MB).
    Completing 100% with 29 violations.
    elapsed time = 00:00:00, memory = 162.12 (MB).
[INFO DRT-0199]   Number of violations = 30.
Viol/Layer        mcon   met1
Cut Spacing          1      0
Metal Spacing        0     13
Recheck              0      1
Short                0     15
[INFO DRT-0267] cpu time = 00:00:33, elapsed time = 00:00:00, memory = 520.65 (MB), peak = 520.65 (MB)
Total wire length = 1701 um.
Total wire length on LAYER li1 = 0 um.
Total wire length on LAYER met1 = 985 um.
Total wire length on LAYER met2 = 527 um.
Total wire length on LAYER met3 = 89 um.
Total wire length on LAYER met4 = 99 um.
Total wire length on LAYER met5 = 0 um.
Total number of vias = 684.
Up-via summary (total 684):

----------------------
 FR_MASTERSLICE      0
            li1    312
           met1    298
           met2     39
           met3     35
           met4      0
----------------------
               684


[INFO DRT-0195] Start 1st optimization iteration.
    Completing 10% with 30 violations.
    elapsed time = 00:00:00, memory = 520.65 (MB).
    Completing 20% with 30 violations.
    elapsed time = 00:00:00, memory = 530.26 (MB).
    Completing 30% with 30 violations.
    elapsed time = 00:00:00, memory = 530.95 (MB).
    Completing 40% with 9 violations.
    elapsed time = 00:00:00, memory = 530.95 (MB).
    Completing 50% with 9 violations.
    elapsed time = 00:00:00, memory = 530.95 (MB).
    Completing 60% with 9 violations.
    elapsed time = 00:00:00, memory = 530.95 (MB).
    Completing 70% with 9 violations.
    elapsed time = 00:00:00, memory = 531.46 (MB).
    Completing 80% with 9 violations.
    elapsed time = 00:00:00, memory = 531.72 (MB).
    Completing 90% with 7 violations.
    elapsed time = 00:00:00, memory = 531.72 (MB).
    Completing 100% with 7 violations.
    elapsed time = 00:00:00, memory = 531.72 (MB).
[INFO DRT-0199]   Number of violations = 7.
Viol/Layer        met1
Metal Spacing        4
Short                3
[INFO DRT-0267] cpu time = 00:00:23, elapsed time = 00:00:00, memory = 478.85 (MB), peak = 537.73 (MB)
Total wire length = 1670 um.
Total wire length on LAYER li1 = 0 um.
Total wire length on LAYER met1 = 954 um.
Total wire length on LAYER met2 = 526 um.
Total wire length on LAYER met3 = 92 um.
Total wire length on LAYER met4 = 97 um.
Total wire length on LAYER met5 = 0 um.
Total number of vias = 674.
Up-via summary (total 674):

----------------------
 FR_MASTERSLICE      0
            li1    310
           met1    290
           met2     39
           met3     35
           met4      0
----------------------
               674


[INFO DRT-0195] Start 2nd optimization iteration.
    Completing 10% with 7 violations.
    elapsed time = 00:00:00, memory = 478.85 (MB).
    Completing 20% with 7 violations.
    elapsed time = 00:00:00, memory = 478.85 (MB).
    Completing 30% with 7 violations.
    elapsed time = 00:00:00, memory = 483.61 (MB).
    Completing 40% with 5 violations.
    elapsed time = 00:00:00, memory = 483.61 (MB).
    Completing 50% with 5 violations.
    elapsed time = 00:00:00, memory = 483.61 (MB).
    Completing 60% with 5 violations.
    elapsed time = 00:00:00, memory = 483.84 (MB).
    Completing 70% with 5 violations.
    elapsed time = 00:00:00, memory = 483.84 (MB).
    Completing 80% with 5 violations.
    elapsed time = 00:00:00, memory = 490.90 (MB).
    Completing 90% with 1 violations.
    elapsed time = 00:00:00, memory = 490.90 (MB).
    Completing 100% with 1 violations.
    elapsed time = 00:00:00, memory = 490.90 (MB).
[INFO DRT-0199]   Number of violations = 1.
Viol/Layer        met1
Short                1
[INFO DRT-0267] cpu time = 00:00:24, elapsed time = 00:00:00, memory = 544.64 (MB), peak = 544.64 (MB)
Total wire length = 1676 um.
Total wire length on LAYER li1 = 0 um.
Total wire length on LAYER met1 = 956 um.
Total wire length on LAYER met2 = 531 um.
Total wire length on LAYER met3 = 89 um.
Total wire length on LAYER met4 = 99 um.
Total wire length on LAYER met5 = 0 um.
Total number of vias = 671.
Up-via summary (total 671):

----------------------
 FR_MASTERSLICE      0
            li1    311
           met1    286
           met2     39
           met3     35
           met4      0
----------------------
               671


[INFO DRT-0195] Start 3rd guides tiles iteration.
    Completing 50% with 1 violations.
    elapsed time = 00:00:00, memory = 545.16 (MB).
    Completing 100% with 0 violations.
    elapsed time = 00:00:00, memory = 545.16 (MB).
[INFO DRT-0199]   Number of violations = 0.
[INFO DRT-0267] cpu time = 00:00:07, elapsed time = 00:00:00, memory = 484.28 (MB), peak = 545.16 (MB)
Total wire length = 1675 um.
Total wire length on LAYER li1 = 0 um.
Total wire length on LAYER met1 = 953 um.
Total wire length on LAYER met2 = 533 um.
Total wire length on LAYER met3 = 96 um.
Total wire length on LAYER met4 = 92 um.
Total wire length on LAYER met5 = 0 um.
Total number of vias = 677.
Up-via summary (total 677):

----------------------
 FR_MASTERSLICE      0
            li1    312
           met1    287
           met2     43
           met3     35
           met4      0
----------------------
               677


[INFO DRT-0198] Complete detail routing.
Total wire length = 1675 um.
Total wire length on LAYER li1 = 0 um.
Total wire length on LAYER met1 = 953 um.
Total wire length on LAYER met2 = 533 um.
Total wire length on LAYER met3 = 96 um.
Total wire length on LAYER met4 = 92 um.
Total wire length on LAYER met5 = 0 um.
Total number of vias = 677.
Up-via summary (total 677):

----------------------
 FR_MASTERSLICE      0
            li1    312
           met1    287
           met2     43
           met3     35
           met4      0
----------------------
               677


[INFO DRT-0267] cpu time = 00:01:30, elapsed time = 00:00:02, memory = 484.28 (MB), peak = 545.16 (MB)

[INFO DRT-0180] Post processing.
+ check_antennas 
[INFO ANT-0002] Found 0 net violations.
[INFO ANT-0001] Found 0 pin violations.
Setting global connections for newly added cells…
[INFO] Setting global connections...
[INFO ODB-0403] 0 connections made, 0 conflicts skipped.
Updating metrics…
Cell type report:                       Count       Area
  Fill cell                                78     292.78
  Tap cell                                225     281.52
  Buffer                                    2      10.01
  Timing Repair Buffer                     11     110.11
  Multi-Input combinational cell           85     655.63
  Total                                   401    1350.04
Writing OpenROAD database to '/home/jo2022/ttsky-verilog-template/runs/wokwi/44-openroad-detailedrouting/tt_um_josue_olivos_alu.odb'…
Writing netlist to '/home/jo2022/ttsky-verilog-template/runs/wokwi/44-openroad-detailedrouting/tt_um_josue_olivos_alu.nl.v'…
Writing powered netlist to '/home/jo2022/ttsky-verilog-template/runs/wokwi/44-openroad-detailedrouting/tt_um_josue_olivos_alu.pnl.v'…
Writing layout to '/home/jo2022/ttsky-verilog-template/runs/wokwi/44-openroad-detailedrouting/tt_um_josue_olivos_alu.def'…
Writing timing constraints to '/home/jo2022/ttsky-verilog-template/runs/wokwi/44-openroad-detailedrouting/tt_um_josue_olivos_alu.sdc'…
