                                                                        Cells by Master                                                                         
┏━━━━━━━━━━━━━━━━━━━━━━━━━━━━━━━━━━━━━━━━━━━━━━━━━━━━━━━━━━━━━━━━━━━━━━━━━━━━━━━━━━━━━━━━━━━━━━━━━━━━━━━━━━━━━━━━━━━━━━━━━━━━━━━━━━━┳━━━━━━━━━━━━━━━━━━━━━━━━━━┓
┃ Cell                                                                                                                              ┃ Count                    ┃
┡━━━━━━━━━━━━━━━━━━━━━━━━━━━━━━━━━━━━━━━━━━━━━━━━━━━━━━━━━━━━━━━━━━━━━━━━━━━━━━━━━━━━━━━━━━━━━━━━━━━━━━━━━━━━━━━━━━━━━━━━━━━━━━━━━━━╇━━━━━━━━━━━━━━━━━━━━━━━━━━┩
│ sky130_fd_sc_hd__a211oi_2                                                                                                         │ 1                        │
│ sky130_fd_sc_hd__a21bo_2                                                                                                          │ 1                        │
│ sky130_fd_sc_hd__a21boi_2                                                                                                         │ 1                        │
│ sky130_fd_sc_hd__a21o_2                                                                                                           │ 5                        │
│ sky130_fd_sc_hd__a21oi_2                                                                                                          │ 1                        │
│ sky130_fd_sc_hd__a221oi_2                                                                                                         │ 1                        │
│ sky130_fd_sc_hd__a22o_2                                                                                                           │ 3                        │
│ sky130_fd_sc_hd__a2bb2o_2                                                                                                         │ 2                        │
│ sky130_fd_sc_hd__a31o_2                                                                                                           │ 3                        │
│ sky130_fd_sc_hd__a32o_2                                                                                                           │ 1                        │
│ sky130_fd_sc_hd__and2_2                                                                                                           │ 2                        │
│ sky130_fd_sc_hd__and2b_2                                                                                                          │ 2                        │
│ sky130_fd_sc_hd__and3_2                                                                                                           │ 3                        │
│ sky130_fd_sc_hd__and3b_2                                                                                                          │ 2                        │
│ sky130_fd_sc_hd__buf_2                                                                                                            │ 2                        │
│ sky130_fd_sc_hd__clkdlybuf4s25_1                                                                                                  │ 11                       │
│ sky130_fd_sc_hd__conb_1                                                                                                           │ 18                       │
│ sky130_fd_sc_hd__decap_3                                                                                                          │ 4005                     │
│ sky130_fd_sc_hd__fill_1                                                                                                           │ 196                      │
│ sky130_fd_sc_hd__fill_2                                                                                                           │ 63                       │
│ sky130_fd_sc_hd__nand2_2                                                                                                          │ 10                       │
│ sky130_fd_sc_hd__nand2b_2                                                                                                         │ 2                        │
│ sky130_fd_sc_hd__nand3_2                                                                                                          │ 2                        │
│ sky130_fd_sc_hd__nand3b_2                                                                                                         │ 1                        │
│ sky130_fd_sc_hd__nor2_2                                                                                                           │ 2                        │
│ sky130_fd_sc_hd__nor3_2                                                                                                           │ 1                        │
│ sky130_fd_sc_hd__nor3b_2                                                                                                          │ 2                        │
│ sky130_fd_sc_hd__nor4_2                                                                                                           │ 1                        │
│ sky130_fd_sc_hd__o21a_2                                                                                                           │ 2                        │
│ sky130_fd_sc_hd__o21ai_2                                                                                                          │ 1                        │
│ sky130_fd_sc_hd__o22a_2                                                                                                           │ 2                        │
│ sky130_fd_sc_hd__or2_2                                                                                                            │ 7                        │
│ sky130_fd_sc_hd__or3_2                                                                                                            │ 1                        │
│ sky130_fd_sc_hd__or3b_2                                                                                                           │ 2                        │
│ sky130_fd_sc_hd__or4_2                                                                                                            │ 1                        │
│ sky130_fd_sc_hd__or4b_2                                                                                                           │ 1                        │
│ sky130_fd_sc_hd__tapvpwrvgnd_1                                                                                                    │ 225                      │
│ sky130_fd_sc_hd__xnor2_2                                                                                                          │ 1                        │
└───────────────────────────────────────────────────────────────────────────────────────────────────────────────────────────────────┴──────────────────────────┘
