                                                                       Cells by Function                                                                        
┏━━━━━━━━━━━━━━━━━━━━━━━━━━━━━━━━━━━━━━━━━━━━━━━━━━━━━━━━━━━━━━━━━━━━━━━━━━━━━━━━━━━━━━━━━━━━━━━━━━━━━━━━━━━━━━━━━━━━━━━━━━━━━━━━━┳━━━━━━━━━━━━━━━━━━━━━━━━━━━━┓
┃ Cell Function                                                                                                                   ┃ Count                      ┃
┡━━━━━━━━━━━━━━━━━━━━━━━━━━━━━━━━━━━━━━━━━━━━━━━━━━━━━━━━━━━━━━━━━━━━━━━━━━━━━━━━━━━━━━━━━━━━━━━━━━━━━━━━━━━━━━━━━━━━━━━━━━━━━━━━━╇━━━━━━━━━━━━━━━━━━━━━━━━━━━━┩
│ sky130_fd_sc_hd__a211oi                                                                                                         │ 1                          │
│ sky130_fd_sc_hd__a21bo                                                                                                          │ 1                          │
│ sky130_fd_sc_hd__a21boi                                                                                                         │ 1                          │
│ sky130_fd_sc_hd__a21o                                                                                                           │ 5                          │
│ sky130_fd_sc_hd__a21oi                                                                                                          │ 1                          │
│ sky130_fd_sc_hd__a221oi                                                                                                         │ 1                          │
│ sky130_fd_sc_hd__a22o                                                                                                           │ 3                          │
│ sky130_fd_sc_hd__a2bb2o                                                                                                         │ 2                          │
│ sky130_fd_sc_hd__a31o                                                                                                           │ 3                          │
│ sky130_fd_sc_hd__a32o                                                                                                           │ 1                          │
│ sky130_fd_sc_hd__and2                                                                                                           │ 2                          │
│ sky130_fd_sc_hd__and2b                                                                                                          │ 2                          │
│ sky130_fd_sc_hd__and3                                                                                                           │ 3                          │
│ sky130_fd_sc_hd__and3b                                                                                                          │ 2                          │
│ sky130_fd_sc_hd__buf                                                                                                            │ 2                          │
│ sky130_fd_sc_hd__clkdlybuf4s25                                                                                                  │ 11                         │
│ sky130_fd_sc_hd__conb                                                                                                           │ 18                         │
│ sky130_fd_sc_hd__decap                                                                                                          │ 4005                       │
│ sky130_fd_sc_hd__fill                                                                                                           │ 259                        │
│ sky130_fd_sc_hd__nand2                                                                                                          │ 10                         │
│ sky130_fd_sc_hd__nand2b                                                                                                         │ 2                          │
│ sky130_fd_sc_hd__nand3                                                                                                          │ 2                          │
│ sky130_fd_sc_hd__nand3b                                                                                                         │ 1                          │
│ sky130_fd_sc_hd__nor2                                                                                                           │ 2                          │
│ sky130_fd_sc_hd__nor3                                                                                                           │ 1                          │
│ sky130_fd_sc_hd__nor3b                                                                                                          │ 2                          │
│ sky130_fd_sc_hd__nor4                                                                                                           │ 1                          │
│ sky130_fd_sc_hd__o21a                                                                                                           │ 2                          │
│ sky130_fd_sc_hd__o21ai                                                                                                          │ 1                          │
│ sky130_fd_sc_hd__o22a                                                                                                           │ 2                          │
│ sky130_fd_sc_hd__or2                                                                                                            │ 7                          │
│ sky130_fd_sc_hd__or3                                                                                                            │ 1                          │
│ sky130_fd_sc_hd__or3b                                                                                                           │ 2                          │
│ sky130_fd_sc_hd__or4                                                                                                            │ 1                          │
│ sky130_fd_sc_hd__or4b                                                                                                           │ 1                          │
│ sky130_fd_sc_hd__tapvpwrvgnd                                                                                                    │ 225                        │
│ sky130_fd_sc_hd__xnor2                                                                                                          │ 1                          │
└─────────────────────────────────────────────────────────────────────────────────────────────────────────────────────────────────┴────────────────────────────┘
