[WARNING ORD-0039] .openroad ignored with -python
                                Cells by Master                                 
┏━━━━━━━━━━━━━━━━━━━━━━━━━━━━━━━━━━━━━━━━━━━━━━━━━━━━━━━━━━━━━━━━┳━━━━━━━━━━━━━┓
┃ Cell                                                           ┃ Count       ┃
┡━━━━━━━━━━━━━━━━━━━━━━━━━━━━━━━━━━━━━━━━━━━━━━━━━━━━━━━━━━━━━━━━╇━━━━━━━━━━━━━┩
│ sky130_fd_sc_hd__a211oi_2                                      │ 1           │
│ sky130_fd_sc_hd__a21bo_2                                       │ 1           │
│ sky130_fd_sc_hd__a21boi_2                                      │ 1           │
│ sky130_fd_sc_hd__a21o_2                                        │ 5           │
│ sky130_fd_sc_hd__a21oi_2                                       │ 1           │
│ sky130_fd_sc_hd__a221oi_2                                      │ 1           │
│ sky130_fd_sc_hd__a22o_2                                        │ 3           │
│ sky130_fd_sc_hd__a2bb2o_2                                      │ 2           │
│ sky130_fd_sc_hd__a31o_2                                        │ 3           │
│ sky130_fd_sc_hd__a32o_2                                        │ 1           │
│ sky130_fd_sc_hd__and2_2                                        │ 2           │
│ sky130_fd_sc_hd__and2b_2                                       │ 2           │
│ sky130_fd_sc_hd__and3_2                                        │ 3           │
│ sky130_fd_sc_hd__and3b_2                                       │ 2           │
│ sky130_fd_sc_hd__buf_2                                         │ 2           │
│ sky130_fd_sc_hd__clkdlybuf4s25_1                               │ 11          │
│ sky130_fd_sc_hd__conb_1                                        │ 18          │
│ sky130_fd_sc_hd__decap_3                                       │ 4005        │
│ sky130_fd_sc_hd__fill_1                                        │ 196         │
│ sky130_fd_sc_hd__fill_2                                        │ 63          │
│ sky130_fd_sc_hd__nand2_2                                       │ 10          │
│ sky130_fd_sc_hd__nand2b_2                                      │ 2           │
│ sky130_fd_sc_hd__nand3_2                                       │ 2           │
│ sky130_fd_sc_hd__nand3b_2                                      │ 1           │
│ sky130_fd_sc_hd__nor2_2                                        │ 2           │
│ sky130_fd_sc_hd__nor3_2                                        │ 1           │
│ sky130_fd_sc_hd__nor3b_2                                       │ 2           │
│ sky130_fd_sc_hd__nor4_2                                        │ 1           │
│ sky130_fd_sc_hd__o21a_2                                        │ 2           │
│ sky130_fd_sc_hd__o21ai_2                                       │ 1           │
│ sky130_fd_sc_hd__o22a_2                                        │ 2           │
│ sky130_fd_sc_hd__or2_2                                         │ 7           │
│ sky130_fd_sc_hd__or3_2                                         │ 1           │
│ sky130_fd_sc_hd__or3b_2                                        │ 2           │
│ sky130_fd_sc_hd__or4_2                                         │ 1           │
│ sky130_fd_sc_hd__or4b_2                                        │ 1           │
│ sky130_fd_sc_hd__tapvpwrvgnd_1                                 │ 225         │
│ sky130_fd_sc_hd__xnor2_2                                       │ 1           │
└────────────────────────────────────────────────────────────────┴─────────────┘
                               Cells by Function                                
┏━━━━━━━━━━━━━━━━━━━━━━━━━━━━━━━━━━━━━━━━━━━━━━━━━━━━━━━━━━━━━━━━┳━━━━━━━━━━━━━┓
┃ Cell Function                                                  ┃ Count       ┃
┡━━━━━━━━━━━━━━━━━━━━━━━━━━━━━━━━━━━━━━━━━━━━━━━━━━━━━━━━━━━━━━━━╇━━━━━━━━━━━━━┩
│ sky130_fd_sc_hd__a211oi                                        │ 1           │
│ sky130_fd_sc_hd__a21bo                                         │ 1           │
│ sky130_fd_sc_hd__a21boi                                        │ 1           │
│ sky130_fd_sc_hd__a21o                                          │ 5           │
│ sky130_fd_sc_hd__a21oi                                         │ 1           │
│ sky130_fd_sc_hd__a221oi                                        │ 1           │
│ sky130_fd_sc_hd__a22o                                          │ 3           │
│ sky130_fd_sc_hd__a2bb2o                                        │ 2           │
│ sky130_fd_sc_hd__a31o                                          │ 3           │
│ sky130_fd_sc_hd__a32o                                          │ 1           │
│ sky130_fd_sc_hd__and2                                          │ 2           │
│ sky130_fd_sc_hd__and2b                                         │ 2           │
│ sky130_fd_sc_hd__and3                                          │ 3           │
│ sky130_fd_sc_hd__and3b                                         │ 2           │
│ sky130_fd_sc_hd__buf                                           │ 2           │
│ sky130_fd_sc_hd__clkdlybuf4s25                                 │ 11          │
│ sky130_fd_sc_hd__conb                                          │ 18          │
│ sky130_fd_sc_hd__decap                                         │ 4005        │
│ sky130_fd_sc_hd__fill                                          │ 259         │
│ sky130_fd_sc_hd__nand2                                         │ 10          │
│ sky130_fd_sc_hd__nand2b                                        │ 2           │
│ sky130_fd_sc_hd__nand3                                         │ 2           │
│ sky130_fd_sc_hd__nand3b                                        │ 1           │
│ sky130_fd_sc_hd__nor2                                          │ 2           │
│ sky130_fd_sc_hd__nor3                                          │ 1           │
│ sky130_fd_sc_hd__nor3b                                         │ 2           │
│ sky130_fd_sc_hd__nor4                                          │ 1           │
│ sky130_fd_sc_hd__o21a                                          │ 2           │
│ sky130_fd_sc_hd__o21ai                                         │ 1           │
│ sky130_fd_sc_hd__o22a                                          │ 2           │
│ sky130_fd_sc_hd__or2                                           │ 7           │
│ sky130_fd_sc_hd__or3                                           │ 1           │
│ sky130_fd_sc_hd__or3b                                          │ 2           │
│ sky130_fd_sc_hd__or4                                           │ 1           │
│ sky130_fd_sc_hd__or4b                                          │ 1           │
│ sky130_fd_sc_hd__tapvpwrvgnd                                   │ 225         │
│ sky130_fd_sc_hd__xnor2                                         │ 1           │
└────────────────────────────────────────────────────────────────┴─────────────┘
                                  Cells by SCL                                  
┏━━━━━━━━━━━━━━━━━━━━━━━━━━━━━━━━━━━━━━━━━━━━━━━━━━━━━━━┳━━━━━━━━━━━━━━━━━━━━━━┓
┃ SCL                                                   ┃ Count                ┃
┡━━━━━━━━━━━━━━━━━━━━━━━━━━━━━━━━━━━━━━━━━━━━━━━━━━━━━━━╇━━━━━━━━━━━━━━━━━━━━━━┩
│ sky130_fd_sc_hd                                       │ 4587                 │
└───────────────────────────────────────────────────────┴──────────────────────┘
                             Buffers by Cell Master                             
┏━━━━━━━━━━━━━━━━━━━━━━━━━━━━━━━━━━━━━━━━━━━━━━━━━━━━━━━━━━━━━━━━┳━━━━━━━━━━━━━┓
┃ Buffer                                                         ┃ Count       ┃
┡━━━━━━━━━━━━━━━━━━━━━━━━━━━━━━━━━━━━━━━━━━━━━━━━━━━━━━━━━━━━━━━━╇━━━━━━━━━━━━━┩
│ sky130_fd_sc_hd__buf_2                                         │ 2           │
│ sky130_fd_sc_hd__clkdlybuf4s25_1                               │ 11          │
└────────────────────────────────────────────────────────────────┴─────────────┘
