+ analyze_power_grid -net VPWR -voltage_file /home/jo2022/ttsky-verilog-template/runs/wokwi/56-openroad-irdropreport/net-VPWR.csv
[INFO PSM-0040] All shapes on net VPWR are connected.
########## IR report #################
Net              : VPWR
Corner           : nom_tt_025C_1v80
Total power      : 2.00e-05 W
Supply voltage   : 1.80e+00 V
Worstcase voltage: 1.80e+00 V
Average voltage  : 1.80e+00 V
Average IR drop  : 3.79e-07 V
Worstcase IR drop: 6.58e-06 V
Percentage drop  : 0.00 %
######################################
+ analyze_power_grid -net VGND -voltage_file /home/jo2022/ttsky-verilog-template/runs/wokwi/56-openroad-irdropreport/net-VGND.csv
[INFO PSM-0040] All shapes on net VGND are connected.
########## IR report #################
Net              : VGND
Corner           : nom_tt_025C_1v80
Total power      : 2.00e-05 W
Supply voltage   : 0.00e+00 V
Worstcase voltage: 7.67e-06 V
Average voltage  : 3.87e-07 V
Average IR drop  : 3.87e-07 V
Worstcase IR drop: 7.67e-06 V
Percentage drop  : 0.00 %
######################################
