
===========================================================================
report_checks -unconstrained
===========================================================================
======================= nom_ff_n40C_1v95 Corner ===================================

Startpoint: ui_in[1] (input port clocked by clk)
Endpoint: uo_out[5] (output port clocked by clk)
Path Group: clk
Path Type: max

Fanout         Cap        Slew       Delay        Time   Description
---------------------------------------------------------------------------------------------
                                  0.000000    0.000000   clock clk (rise edge)
                                  0.000000    0.000000   clock network delay (propagated)
                                  4.000000    4.000000 v input external delay
     1    0.003372    0.005553    0.002792    4.002792 v ui_in[1] (in)
                                                         ui_in[1] (net)
                      0.005554    0.000000    4.002792 v input2/A (sky130_fd_sc_hd__clkdlybuf4s25_1)
     8    0.033113    0.170223    0.262138    4.264930 v input2/X (sky130_fd_sc_hd__clkdlybuf4s25_1)
                                                         net2 (net)
                      0.170232    0.001295    4.266224 v _074_/A (sky130_fd_sc_hd__xnor2_2)
     6    0.024602    0.104522    0.183972    4.450196 v _074_/Y (sky130_fd_sc_hd__xnor2_2)
                                                         _012_ (net)
                      0.104559    0.000476    4.450673 v _086_/B (sky130_fd_sc_hd__or2_2)
     3    0.013192    0.057321    0.210787    4.661460 v _086_/X (sky130_fd_sc_hd__or2_2)
                                                         _024_ (net)
                      0.057321    0.000222    4.661681 v _087_/A3 (sky130_fd_sc_hd__a31o_2)
     1    0.001907    0.025718    0.155170    4.816852 v _087_/X (sky130_fd_sc_hd__a31o_2)
                                                         _025_ (net)
                      0.025718    0.000056    4.816907 v _088_/D (sky130_fd_sc_hd__or4_2)
     2    0.045119    0.151177    0.413370    5.230277 v _088_/X (sky130_fd_sc_hd__or4_2)
                                                         uo_out[1] (net)
                      0.151191    0.001466    5.231743 v _123_/B (sky130_fd_sc_hd__or2_2)
     1    0.004700    0.041343    0.205421    5.437164 v _123_/X (sky130_fd_sc_hd__or2_2)
                                                         _058_ (net)
                      0.041343    0.000104    5.437269 v _124_/D (sky130_fd_sc_hd__nor4_2)
     1    0.002482    0.126050    0.080710    5.517979 ^ _124_/Y (sky130_fd_sc_hd__nor4_2)
                                                         zero_flag (net)
                      0.126050    0.000071    5.518050 ^ _147_/A (sky130_fd_sc_hd__buf_2)
     1    0.034215    0.127983    0.160018    5.678068 ^ _147_/X (sky130_fd_sc_hd__buf_2)
                                                         uo_out[5] (net)
                      0.127985    0.000745    5.678813 ^ uo_out[5] (out)
                                              5.678813   data arrival time

                                 20.000000   20.000000   clock clk (rise edge)
                                  0.000000   20.000000   clock network delay (propagated)
                                 -0.250000   19.750002   clock uncertainty
                                  0.000000   19.750002   clock reconvergence pessimism
                                 -4.000000   15.750001   output external delay
                                             15.750001   data required time
---------------------------------------------------------------------------------------------
                                             15.750001   data required time
                                             -5.678813   data arrival time
---------------------------------------------------------------------------------------------
                                             10.071189   slack (MET)




===========================================================================
report_checks --slack_max -0.01
============================================================================
======================= nom_ff_n40C_1v95 Corner ===================================

No paths found.


===========================================================================
 report_check_types -max_slew -max_cap -max_fanout -violators
============================================================================
======================= nom_ff_n40C_1v95 Corner ===================================



===========================================================================
report_parasitic_annotation -report_unannotated
============================================================================
Found 26 unannotated drivers.
 clk
 ena
 rst_n
 uio_in[3]
 uio_in[4]
 uio_in[5]
 uio_in[6]
 uio_in[7]
 tt_um_josue_olivos_alu/HI
 tt_um_josue_olivos_alu_12/HI
 tt_um_josue_olivos_alu_13/HI
 tt_um_josue_olivos_alu_14/HI
 tt_um_josue_olivos_alu_15/HI
 tt_um_josue_olivos_alu_16/HI
 tt_um_josue_olivos_alu_17/HI
 tt_um_josue_olivos_alu_18/HI
 tt_um_josue_olivos_alu_19/HI
 tt_um_josue_olivos_alu_20/HI
 tt_um_josue_olivos_alu_21/HI
 tt_um_josue_olivos_alu_22/HI
 tt_um_josue_olivos_alu_23/HI
 tt_um_josue_olivos_alu_24/HI
 tt_um_josue_olivos_alu_25/HI
 tt_um_josue_olivos_alu_26/HI
 tt_um_josue_olivos_alu_27/HI
 tt_um_josue_olivos_alu_28/HI
Found 0 partially unannotated drivers.

===========================================================================
max slew violation count 0
max fanout violation count 0
max cap violation count 0
============================================================================

===========================================================================
check_setup -verbose -unconstrained_endpoints -multiple_clock -no_clock -no_input_delay -loops -generated_clocks
===========================================================================
