Reading timing models for corner nom_tt_025C_1v80…
Reading timing library for the 'nom_tt_025C_1v80' corner at '/home/jo2022/ttsetup/pdk/ciel/sky130/versions/8afc8346a57fe1ab7934ba5a6056ea8b43078e71/sky130A/libs.ref/sky130_fd_sc_hd/lib/sky130_fd_sc_hd__tt_025C_1v80.lib'…
Reading OpenROAD database at '/home/jo2022/ttsky-verilog-template/runs/wokwi/19-openroad-tapendcapinsertion/tt_um_josue_olivos_alu.odb'…
Reading design constraints file at '/nix/store/5qhi22zib758klv5di7jvny5b48ckmw3-python3-3.13.9-env/lib/python3.13/site-packages/librelane/scripts/base.sdc'…
[INFO] Using clock clk…
[INFO] Setting output delay to: 4
[INFO] Setting input delay to: 4
[INFO] Setting load to: 0.033442
[INFO] Setting clock uncertainty to: 0.25
[INFO] Setting clock transition to: 0.1499999999999999944488848768742172978818416595458984375
[INFO] Setting timing derate to: 5%
[INFO] Setting global connections...
[INFO ODB-0403] 0 connections made, 0 conflicts skipped.
+ pdngen 
[INFO PDN-0001] Inserting grid: stdcell_grid
Setting global connections for newly added cells…
[INFO] Setting global connections...
[INFO ODB-0403] 0 connections made, 0 conflicts skipped.
Updating metrics…
Cell type report:                       Count       Area
  Fill cell                                78     292.78
  Tap cell                                225     281.52
  Buffer                                    2      10.01
  Multi-Input combinational cell           85     655.63
  Total                                   390    1239.94
Writing OpenROAD database to '/home/jo2022/ttsky-verilog-template/runs/wokwi/21-openroad-generatepdn/tt_um_josue_olivos_alu.odb'…
Writing netlist to '/home/jo2022/ttsky-verilog-template/runs/wokwi/21-openroad-generatepdn/tt_um_josue_olivos_alu.nl.v'…
Writing powered netlist to '/home/jo2022/ttsky-verilog-template/runs/wokwi/21-openroad-generatepdn/tt_um_josue_olivos_alu.pnl.v'…
Writing layout to '/home/jo2022/ttsky-verilog-template/runs/wokwi/21-openroad-generatepdn/tt_um_josue_olivos_alu.def'…
Writing timing constraints to '/home/jo2022/ttsky-verilog-template/runs/wokwi/21-openroad-generatepdn/tt_um_josue_olivos_alu.sdc'…
[INFO PSM-0040] All shapes on net VPWR are connected.
[INFO PSM-0040] All shapes on net VGND are connected.
