
 /----------------------------------------------------------------------------\
 |  yosys -- Yosys Open SYnthesis Suite                                       |
 |  Copyright (C) 2012 - 2026  Claire Xenia Wolf <claire@yosyshq.com>         |
 |  Distributed under an ISC-like license, type "license" to see terms        |
 \----------------------------------------------------------------------------/
 Yosys 0.62 (git sha1 7326bb7d6641500ecb285c291a54a662cb1e76cf, clang++ 21.1.2 -fPIC -O3)

1. Executing Liberty frontend: /home/jo2022/ttsetup/pdk/ciel/sky130/versions/8afc8346a57fe1ab7934ba5a6056ea8b43078e71/sky130A/libs.ref/sky130_fd_sc_hd/lib/sky130_fd_sc_hd__tt_025C_1v80.lib
Imported 428 cell types from liberty file.
[INFO] Using SDC file '/home/jo2022/ttsky-verilog-template/runs/wokwi/06-yosys-synthesis/synthesis.abc.sdc' for ABC…wtaf

2. Executing Verilog-2005 frontend: /home/jo2022/ttsky-verilog-template/src/project.v
Parsing SystemVerilog input from `/home/jo2022/ttsky-verilog-template/src/project.v' to AST representation.
Storing AST representation for module `$abstract\tt_um_josue_olivos_alu'.
Successfully finished Verilog frontend.

3. Executing HIERARCHY pass (managing design hierarchy).

4. Executing AST frontend in derive mode using pre-parsed AST for module `\tt_um_josue_olivos_alu'.
Generating RTLIL representation for module `\tt_um_josue_olivos_alu'.

4.1. Analyzing design hierarchy..
Top module:  \tt_um_josue_olivos_alu

4.2. Analyzing design hierarchy..
Top module:  \tt_um_josue_olivos_alu
Removing unused module `$abstract\tt_um_josue_olivos_alu'.
Removed 1 unused modules.
Renaming module tt_um_josue_olivos_alu to tt_um_josue_olivos_alu.

5. Executing ATTRMAP pass (move or copy attributes).

6. Executing TRIBUF pass.

7. Executing HIERARCHY pass (managing design hierarchy).

7.1. Analyzing design hierarchy..
Top module:  \tt_um_josue_olivos_alu

7.2. Analyzing design hierarchy..
Top module:  \tt_um_josue_olivos_alu
Removed 0 unused modules.

8. Executing PROC_CLEAN pass (remove empty switches from decision trees).
Cleaned up 0 empty switches.

9. Executing PROC_RMDEAD pass (remove dead branches from decision trees).
Removed 1 dead cases from process $proc$/home/jo2022/ttsky-verilog-template/src/project.v:33$2 in module tt_um_josue_olivos_alu.
Marked 1 switch rules as full_case in process $proc$/home/jo2022/ttsky-verilog-template/src/project.v:33$2 in module tt_um_josue_olivos_alu.
Removed a total of 1 dead cases.

10. Executing PROC_PRUNE pass (remove redundant assignments in processes).
Removed 0 redundant assignments.
Promoted 2 assignments to connections.

11. Executing PROC_INIT pass (extract init attributes).

12. Executing PROC_ARST pass (detect async resets in processes).

13. Executing PROC_ROM pass (convert switches to ROMs).
Converted 0 switches.
<suppressed ~1 debug messages>

14. Executing PROC_MUX pass (convert decision trees to multiplexers).
Creating decoders for process `\tt_um_josue_olivos_alu.$proc$/home/jo2022/ttsky-verilog-template/src/project.v:33$2'.
     1/2: $1\carry_out[0:0]
     2/2: $1\result[3:0]

15. Executing PROC_DLATCH pass (convert process syncs to latches).
No latch inferred for signal `\tt_um_josue_olivos_alu.\result' from process `\tt_um_josue_olivos_alu.$proc$/home/jo2022/ttsky-verilog-template/src/project.v:33$2'.
No latch inferred for signal `\tt_um_josue_olivos_alu.\carry_out' from process `\tt_um_josue_olivos_alu.$proc$/home/jo2022/ttsky-verilog-template/src/project.v:33$2'.

16. Executing PROC_DFF pass (convert process syncs to FFs).

17. Executing PROC_MEMWR pass (convert process memory writes to cells).

18. Executing PROC_CLEAN pass (remove empty switches from decision trees).
Found and cleaned up 1 empty switch in `\tt_um_josue_olivos_alu.$proc$/home/jo2022/ttsky-verilog-template/src/project.v:33$2'.
Removing empty process `tt_um_josue_olivos_alu.$proc$/home/jo2022/ttsky-verilog-template/src/project.v:33$2'.
Cleaned up 1 empty switch.

19. Executing CHECK pass (checking for obvious problems).
Checking module tt_um_josue_olivos_alu...
Found and reported 0 problems.

20. Executing OPT_EXPR pass (perform const folding).
Optimizing module tt_um_josue_olivos_alu.
<suppressed ~6 debug messages>

21. Executing FLATTEN pass (flatten design).

22. Executing OPT_EXPR pass (perform const folding).
Optimizing module tt_um_josue_olivos_alu.

23. Executing OPT_CLEAN pass (remove unused cells and wires).
Finding unused cells or wires in module \tt_um_josue_olivos_alu..
Removed 0 unused cells and 10 unused wires.
<suppressed ~1 debug messages>

24. Executing OPT_EXPR pass (perform const folding).
Optimizing module tt_um_josue_olivos_alu.

25. Executing OPT_MERGE pass (detect identical cells).
Finding identical cells in module `\tt_um_josue_olivos_alu'.
Computing hashes of 25 cells of `\tt_um_josue_olivos_alu'.
Finding duplicate cells in `\tt_um_josue_olivos_alu'.
Computing hashes of 17 cells of `\tt_um_josue_olivos_alu'.
Finding duplicate cells in `\tt_um_josue_olivos_alu'.
<suppressed ~24 debug messages>
Removed a total of 8 cells.

26. Executing OPT_MUXTREE pass (detect dead branches in mux trees).
Running muxtree optimizer on module \tt_um_josue_olivos_alu..
  Creating internal representation of mux trees.
  Evaluating internal representation of mux trees.
  Analyzing evaluation results.
Removed 0 multiplexer ports.
<suppressed ~4 debug messages>

27. Executing OPT_REDUCE pass (consolidate $*mux and $reduce_* inputs).
  Optimizing cells in module \tt_um_josue_olivos_alu.
    New ctrl vector for $pmux cell $procmux$12: { $procmux$20_CMP $procmux$19_CMP $auto$opt_reduce.cc:137:opt_pmux$31 }
  Optimizing cells in module \tt_um_josue_olivos_alu.
Performed a total of 1 changes.

28. Executing OPT_MERGE pass (detect identical cells).
Finding identical cells in module `\tt_um_josue_olivos_alu'.
Computing hashes of 18 cells of `\tt_um_josue_olivos_alu'.
Finding duplicate cells in `\tt_um_josue_olivos_alu'.
Removed a total of 0 cells.

29. Executing OPT_DFF pass (perform DFF optimizations).

30. Executing OPT_CLEAN pass (remove unused cells and wires).
Finding unused cells or wires in module \tt_um_josue_olivos_alu..
Removed 0 unused cells and 8 unused wires.
<suppressed ~1 debug messages>

31. Executing OPT_EXPR pass (perform const folding).
Optimizing module tt_um_josue_olivos_alu.

32. Rerunning OPT passes. (Maybe there is more to do…)

33. Executing OPT_MUXTREE pass (detect dead branches in mux trees).
Running muxtree optimizer on module \tt_um_josue_olivos_alu..
  Creating internal representation of mux trees.
  Evaluating internal representation of mux trees.
  Analyzing evaluation results.
Removed 0 multiplexer ports.
<suppressed ~4 debug messages>

34. Executing OPT_REDUCE pass (consolidate $*mux and $reduce_* inputs).
  Optimizing cells in module \tt_um_josue_olivos_alu.
Performed a total of 0 changes.

35. Executing OPT_MERGE pass (detect identical cells).
Finding identical cells in module `\tt_um_josue_olivos_alu'.
Computing hashes of 18 cells of `\tt_um_josue_olivos_alu'.
Finding duplicate cells in `\tt_um_josue_olivos_alu'.
Removed a total of 0 cells.

36. Executing OPT_DFF pass (perform DFF optimizations).

37. Executing OPT_CLEAN pass (remove unused cells and wires).
Finding unused cells or wires in module \tt_um_josue_olivos_alu..

38. Executing OPT_EXPR pass (perform const folding).
Optimizing module tt_um_josue_olivos_alu.

39. Executing FSM pass (extract and optimize FSM).

39.1. Executing FSM_DETECT pass (finding FSMs in design).

39.2. Executing FSM_EXTRACT pass (extracting FSM from design).

39.3. Executing FSM_OPT pass (simple optimizations of FSMs).

39.4. Executing OPT_CLEAN pass (remove unused cells and wires).
Finding unused cells or wires in module \tt_um_josue_olivos_alu..

39.5. Executing FSM_OPT pass (simple optimizations of FSMs).

39.6. Executing FSM_RECODE pass (re-assigning FSM state encoding).

39.7. Executing FSM_INFO pass (dumping all available information on FSM cells).

39.8. Executing FSM_MAP pass (mapping FSMs to basic logic).

40. Executing OPT_EXPR pass (perform const folding).
Optimizing module tt_um_josue_olivos_alu.

41. Executing OPT_MERGE pass (detect identical cells).
Finding identical cells in module `\tt_um_josue_olivos_alu'.
Computing hashes of 18 cells of `\tt_um_josue_olivos_alu'.
Finding duplicate cells in `\tt_um_josue_olivos_alu'.
Removed a total of 0 cells.

42. Executing OPT_MUXTREE pass (detect dead branches in mux trees).
Running muxtree optimizer on module \tt_um_josue_olivos_alu..
  Creating internal representation of mux trees.
  Evaluating internal representation of mux trees.
  Analyzing evaluation results.
Removed 0 multiplexer ports.
<suppressed ~4 debug messages>

43. Executing OPT_REDUCE pass (consolidate $*mux and $reduce_* inputs).
  Optimizing cells in module \tt_um_josue_olivos_alu.
Performed a total of 0 changes.

44. Executing OPT_MERGE pass (detect identical cells).
Finding identical cells in module `\tt_um_josue_olivos_alu'.
Computing hashes of 18 cells of `\tt_um_josue_olivos_alu'.
Finding duplicate cells in `\tt_um_josue_olivos_alu'.
Removed a total of 0 cells.

45. Executing OPT_DFF pass (perform DFF optimizations).

46. Executing OPT_CLEAN pass (remove unused cells and wires).
Finding unused cells or wires in module \tt_um_josue_olivos_alu..

47. Executing OPT_EXPR pass (perform const folding).
Optimizing module tt_um_josue_olivos_alu.

48. Executing WREDUCE pass (reducing word size of cells).
Removed top 1 bits (of 3) from port B of cell tt_um_josue_olivos_alu.$procmux$17_CMP0 ($eq).
Removed top 1 bits (of 3) from port B of cell tt_um_josue_olivos_alu.$procmux$18_CMP0 ($eq).
Removed top 2 bits (of 3) from port B of cell tt_um_josue_olivos_alu.$procmux$19_CMP0 ($eq).

49. Executing PEEPOPT pass (run peephole optimizers).

50. Executing OPT_CLEAN pass (remove unused cells and wires).
Finding unused cells or wires in module \tt_um_josue_olivos_alu..

51. Executing ALUMACC pass (create $alu and $macc cells).
Extracting $alu and $macc cells in module tt_um_josue_olivos_alu:
  creating $macc model for $add$/home/jo2022/ttsky-verilog-template/src/project.v:39$3 ($add).
  creating $macc model for $sub$/home/jo2022/ttsky-verilog-template/src/project.v:43$4 ($sub).
  creating $alu model for $macc $sub$/home/jo2022/ttsky-verilog-template/src/project.v:43$4.
  creating $alu model for $macc $add$/home/jo2022/ttsky-verilog-template/src/project.v:39$3.
  creating $alu cell for $add$/home/jo2022/ttsky-verilog-template/src/project.v:39$3: $auto$alumacc.cc:512:replace_alu$32
  creating $alu cell for $sub$/home/jo2022/ttsky-verilog-template/src/project.v:43$4: $auto$alumacc.cc:512:replace_alu$35
  created 2 $alu and 0 $macc cells.

52. Executing SHARE pass (SAT-based resource sharing).

53. Executing OPT_EXPR pass (perform const folding).
Optimizing module tt_um_josue_olivos_alu.

54. Executing OPT_MERGE pass (detect identical cells).
Finding identical cells in module `\tt_um_josue_olivos_alu'.
Computing hashes of 18 cells of `\tt_um_josue_olivos_alu'.
Finding duplicate cells in `\tt_um_josue_olivos_alu'.
Removed a total of 0 cells.

55. Executing OPT_MUXTREE pass (detect dead branches in mux trees).
Running muxtree optimizer on module \tt_um_josue_olivos_alu..
  Creating internal representation of mux trees.
  Evaluating internal representation of mux trees.
  Analyzing evaluation results.
Removed 0 multiplexer ports.
<suppressed ~4 debug messages>

56. Executing OPT_REDUCE pass (consolidate $*mux and $reduce_* inputs).
  Optimizing cells in module \tt_um_josue_olivos_alu.
Performed a total of 0 changes.

57. Executing OPT_MERGE pass (detect identical cells).
Finding identical cells in module `\tt_um_josue_olivos_alu'.
Computing hashes of 18 cells of `\tt_um_josue_olivos_alu'.
Finding duplicate cells in `\tt_um_josue_olivos_alu'.
Removed a total of 0 cells.

58. Executing OPT_DFF pass (perform DFF optimizations).

59. Executing OPT_CLEAN pass (remove unused cells and wires).
Finding unused cells or wires in module \tt_um_josue_olivos_alu..

60. Executing OPT_EXPR pass (perform const folding).
Optimizing module tt_um_josue_olivos_alu.

61. Executing MEMORY pass.

61.1. Executing OPT_MEM pass (optimize memories).
Performed a total of 0 transformations.

61.2. Executing OPT_MEM_PRIORITY pass (removing unnecessary memory write priority relations).
Performed a total of 0 transformations.

61.3. Executing OPT_MEM_FEEDBACK pass (finding memory read-to-write feedback paths).

61.4. Executing MEMORY_BMUX2ROM pass (converting muxes to ROMs).

61.5. Executing MEMORY_DFF pass (merging $dff cells to $memrd).

61.6. Executing OPT_CLEAN pass (remove unused cells and wires).
Finding unused cells or wires in module \tt_um_josue_olivos_alu..

61.7. Executing MEMORY_SHARE pass (consolidating $memrd/$memwr cells).

61.8. Executing OPT_MEM_WIDEN pass (optimize memories where all ports are wide).
Performed a total of 0 transformations.

61.9. Executing OPT_CLEAN pass (remove unused cells and wires).
Finding unused cells or wires in module \tt_um_josue_olivos_alu..

61.10. Executing MEMORY_COLLECT pass (generating $mem cells).

62. Executing OPT_CLEAN pass (remove unused cells and wires).
Finding unused cells or wires in module \tt_um_josue_olivos_alu..

63. Executing OPT_EXPR pass (perform const folding).
Optimizing module tt_um_josue_olivos_alu.
<suppressed ~2 debug messages>

64. Executing OPT_MERGE pass (detect identical cells).
Finding identical cells in module `\tt_um_josue_olivos_alu'.
Computing hashes of 18 cells of `\tt_um_josue_olivos_alu'.
Finding duplicate cells in `\tt_um_josue_olivos_alu'.
Removed a total of 0 cells.

65. Executing OPT_DFF pass (perform DFF optimizations).

66. Executing OPT_CLEAN pass (remove unused cells and wires).
Finding unused cells or wires in module \tt_um_josue_olivos_alu..
Removed 1 unused cells and 1 unused wires.
<suppressed ~2 debug messages>

67. Executing MEMORY_MAP pass (converting memories to logic and flip-flops).

68. Executing OPT_EXPR pass (perform const folding).
Optimizing module tt_um_josue_olivos_alu.

69. Executing OPT_MERGE pass (detect identical cells).
Finding identical cells in module `\tt_um_josue_olivos_alu'.
Computing hashes of 17 cells of `\tt_um_josue_olivos_alu'.
Finding duplicate cells in `\tt_um_josue_olivos_alu'.
Removed a total of 0 cells.

70. Executing OPT_MUXTREE pass (detect dead branches in mux trees).
Running muxtree optimizer on module \tt_um_josue_olivos_alu..
  Creating internal representation of mux trees.
  Evaluating internal representation of mux trees.
  Analyzing evaluation results.
Removed 0 multiplexer ports.
<suppressed ~4 debug messages>

71. Executing OPT_REDUCE pass (consolidate $*mux and $reduce_* inputs).
  Optimizing cells in module \tt_um_josue_olivos_alu.
Performed a total of 0 changes.

72. Executing OPT_MERGE pass (detect identical cells).
Finding identical cells in module `\tt_um_josue_olivos_alu'.
Computing hashes of 17 cells of `\tt_um_josue_olivos_alu'.
Finding duplicate cells in `\tt_um_josue_olivos_alu'.
Removed a total of 0 cells.

73. Executing OPT_SHARE pass.

74. Executing OPT_DFF pass (perform DFF optimizations).

75. Executing OPT_CLEAN pass (remove unused cells and wires).
Finding unused cells or wires in module \tt_um_josue_olivos_alu..

76. Executing OPT_EXPR pass (perform const folding).
Optimizing module tt_um_josue_olivos_alu.

77. Executing TECHMAP pass (map to technology primitives).

77.1. Executing Verilog-2005 frontend: /nix/store/f1q0w7rd0a4ny4hqvfxlhs4cmariidcy-yosys-0.62/bin/../share/yosys/techmap.v
Parsing Verilog input from `/nix/store/f1q0w7rd0a4ny4hqvfxlhs4cmariidcy-yosys-0.62/bin/../share/yosys/techmap.v' to AST representation.
Generating RTLIL representation for module `\_90_simplemap_bool_ops'.
Generating RTLIL representation for module `\_90_simplemap_reduce_ops'.
Generating RTLIL representation for module `\_90_simplemap_logic_ops'.
Generating RTLIL representation for module `\_90_simplemap_compare_ops'.
Generating RTLIL representation for module `\_90_simplemap_various'.
Generating RTLIL representation for module `\_90_simplemap_registers'.
Generating RTLIL representation for module `\_90_shift_ops_shr_shl_sshl_sshr'.
Generating RTLIL representation for module `\_90_shift_shiftx'.
Generating RTLIL representation for module `\_90_fa'.
Generating RTLIL representation for module `\_90_lcu_brent_kung'.
Generating RTLIL representation for module `\_90_alu'.
Generating RTLIL representation for module `\_90_macc'.
Generating RTLIL representation for module `\_90_alumacc'.
Generating RTLIL representation for module `$__div_mod_u'.
Generating RTLIL representation for module `$__div_mod_trunc'.
Generating RTLIL representation for module `\_90_div'.
Generating RTLIL representation for module `\_90_mod'.
Generating RTLIL representation for module `$__div_mod_floor'.
Generating RTLIL representation for module `\_90_divfloor'.
Generating RTLIL representation for module `\_90_modfloor'.
Generating RTLIL representation for module `\_90_pow'.
Generating RTLIL representation for module `\_90_pmux'.
Generating RTLIL representation for module `\_90_demux'.
Generating RTLIL representation for module `\_90_lut'.
Generating RTLIL representation for module `$connect'.
Generating RTLIL representation for module `$input_port'.
Successfully finished Verilog frontend.

77.2. Continuing TECHMAP pass.
Using template $paramod$b85fbb3374a1d9ba7ee4f4d6323c30f939df3ada\_90_alu for cells of type $alu.
Using extmapper simplemap for cells of type $reduce_or.
Using extmapper simplemap for cells of type $logic_not.
Using extmapper simplemap for cells of type $and.
Using extmapper simplemap for cells of type $or.
Using extmapper simplemap for cells of type $xor.
Using extmapper simplemap for cells of type $not.
Using extmapper simplemap for cells of type $eq.
Using template $paramod$c5c783b17ab1d780abfad8cfe6563a0a7b47a3b0\_90_pmux for cells of type $pmux.
Using template $paramod$33afdd83bf3811dac2de7a968d39eea5718691bc\_90_pmux for cells of type $pmux.
Using template $paramod\_90_fa\WIDTH=32'00000000000000000000000000000101 for cells of type $fa.
Using template $paramod\_90_lcu_brent_kung\WIDTH=32'00000000000000000000000000000101 for cells of type $lcu.
Using extmapper simplemap for cells of type $pos.
Using extmapper simplemap for cells of type $mux.
No more expansions possible.
<suppressed ~330 debug messages>

78. Executing OPT_EXPR pass (perform const folding).
Optimizing module tt_um_josue_olivos_alu.
<suppressed ~87 debug messages>

79. Executing OPT_MERGE pass (detect identical cells).
Finding identical cells in module `\tt_um_josue_olivos_alu'.
Computing hashes of 170 cells of `\tt_um_josue_olivos_alu'.
Finding duplicate cells in `\tt_um_josue_olivos_alu'.
Computing hashes of 146 cells of `\tt_um_josue_olivos_alu'.
Finding duplicate cells in `\tt_um_josue_olivos_alu'.
Computing hashes of 142 cells of `\tt_um_josue_olivos_alu'.
Finding duplicate cells in `\tt_um_josue_olivos_alu'.
<suppressed ~84 debug messages>
Removed a total of 28 cells.

80. Executing OPT_DFF pass (perform DFF optimizations).

81. Executing OPT_CLEAN pass (remove unused cells and wires).
Finding unused cells or wires in module \tt_um_josue_olivos_alu..
Removed 0 unused cells and 155 unused wires.
<suppressed ~1 debug messages>

82. Executing OPT_EXPR pass (perform const folding).
Optimizing module tt_um_josue_olivos_alu.

83. Executing OPT_MERGE pass (detect identical cells).
Finding identical cells in module `\tt_um_josue_olivos_alu'.
Computing hashes of 142 cells of `\tt_um_josue_olivos_alu'.
Finding duplicate cells in `\tt_um_josue_olivos_alu'.
Removed a total of 0 cells.

84. Executing OPT_DFF pass (perform DFF optimizations).

85. Executing OPT_CLEAN pass (remove unused cells and wires).
Finding unused cells or wires in module \tt_um_josue_olivos_alu..

86. Executing ABC pass (technology mapping using ABC).

86.1. Extracting gate netlist of module `\tt_um_josue_olivos_alu' to `<abc-temp-dir>/input.blif'..

86.1.1. Executed ABC.
Extracted 142 gates and 153 wires to a netlist network with 11 inputs and 6 outputs.
Running ABC script: <abc-temp-dir>/abc.script
ABC: ======== ABC command line "source <abc-temp-dir>/abc.script"
ABC: + read_blif <abc-temp-dir>/input.blif 
ABC: + read_library /tmp/yosys-abc-Yo8eHh/stdcells.genlib 
ABC: + strash 
ABC: + dretime 
ABC: + map 
ABC: + write_blif <abc-temp-dir>/output.blif 

86.1.2. Re-integrating ABC results.
ABC RESULTS:               AND cells:        4
ABC RESULTS:            ANDNOT cells:       41
ABC RESULTS:               MUX cells:        5
ABC RESULTS:              NAND cells:        5
ABC RESULTS:               NOR cells:       12
ABC RESULTS:               NOT cells:        2
ABC RESULTS:                OR cells:       34
ABC RESULTS:             ORNOT cells:        8
ABC RESULTS:              XNOR cells:        5
ABC RESULTS:               XOR cells:        6
ABC RESULTS:        internal signals:      136
ABC RESULTS:           input signals:       11
ABC RESULTS:          output signals:        6
Removing temp directory.
Removing global temp directory.

87. Executing OPT pass (performing simple optimizations).

87.1. Executing OPT_EXPR pass (perform const folding).
Optimizing module tt_um_josue_olivos_alu.

87.2. Executing OPT_MERGE pass (detect identical cells).
Finding identical cells in module `\tt_um_josue_olivos_alu'.
Computing hashes of 122 cells of `\tt_um_josue_olivos_alu'.
Finding duplicate cells in `\tt_um_josue_olivos_alu'.
Computing hashes of 121 cells of `\tt_um_josue_olivos_alu'.
Finding duplicate cells in `\tt_um_josue_olivos_alu'.
<suppressed ~3 debug messages>
Removed a total of 1 cells.

87.3. Executing OPT_DFF pass (perform DFF optimizations).

87.4. Executing OPT_CLEAN pass (remove unused cells and wires).
Finding unused cells or wires in module \tt_um_josue_olivos_alu..
Removed 0 unused cells and 75 unused wires.
<suppressed ~1 debug messages>

87.5. Finished fast OPT passes.

88. Executing HIERARCHY pass (managing design hierarchy).

88.1. Analyzing design hierarchy..
Top module:  \tt_um_josue_olivos_alu

88.2. Analyzing design hierarchy..
Top module:  \tt_um_josue_olivos_alu
Removed 0 unused modules.

89. Executing CHECK pass (checking for obvious problems).
Checking module tt_um_josue_olivos_alu...
Found and reported 0 problems.

90. Printing statistics.

=== tt_um_josue_olivos_alu ===

        +----------Local Count, excluding submodules.
        | 
      130 wires
      176 wire bits
       15 public wires
       61 public wire bits
        8 ports
       43 port bits
      121 cells
       41   $_ANDNOT_
        4   $_AND_
        5   $_MUX_
        5   $_NAND_
       12   $_NOR_
        2   $_NOT_
        8   $_ORNOT_
       34   $_OR_
        4   $_XNOR_
        6   $_XOR_

91. Executing OPT pass (performing simple optimizations).

91.1. Executing OPT_EXPR pass (perform const folding).
Optimizing module tt_um_josue_olivos_alu.

91.2. Executing OPT_MERGE pass (detect identical cells).
Finding identical cells in module `\tt_um_josue_olivos_alu'.
Computing hashes of 121 cells of `\tt_um_josue_olivos_alu'.
Finding duplicate cells in `\tt_um_josue_olivos_alu'.
Removed a total of 0 cells.

91.3. Executing OPT_MUXTREE pass (detect dead branches in mux trees).
Running muxtree optimizer on module \tt_um_josue_olivos_alu..
  Creating internal representation of mux trees.
  No muxes found in this module.
Removed 0 multiplexer ports.

91.4. Executing OPT_REDUCE pass (consolidate $*mux and $reduce_* inputs).
  Optimizing cells in module \tt_um_josue_olivos_alu.
Performed a total of 0 changes.

91.5. Executing OPT_MERGE pass (detect identical cells).
Finding identical cells in module `\tt_um_josue_olivos_alu'.
Computing hashes of 121 cells of `\tt_um_josue_olivos_alu'.
Finding duplicate cells in `\tt_um_josue_olivos_alu'.
Removed a total of 0 cells.

91.6. Executing OPT_DFF pass (perform DFF optimizations).

91.7. Executing OPT_CLEAN pass (remove unused cells and wires).
Finding unused cells or wires in module \tt_um_josue_olivos_alu..

91.8. Executing OPT_EXPR pass (perform const folding).
Optimizing module tt_um_josue_olivos_alu.

91.9. Finished fast OPT passes. (There is nothing left to do.)

92. Executing OPT_CLEAN pass (remove unused cells and wires).
Finding unused cells or wires in module \tt_um_josue_olivos_alu..
Removed 0 unused cells and 5 unused wires.
<suppressed ~5 debug messages>
{
   "creator": "Yosys 0.62 (git sha1 7326bb7d6641500ecb285c291a54a662cb1e76cf, clang++ 21.1.2 -fPIC -O3)",
   "invocation": "stat -json -liberty /home/jo2022/ttsky-verilog-template/runs/wokwi/tmp/b648ce1278d141e2a73495abfbe7c789.lib ",
   "modules": {
      "\\tt_um_josue_olivos_alu": {
         "num_wires":         125,
         "num_wire_bits":     160,
         "num_pub_wires":     10,
         "num_pub_wire_bits": 45,
         "num_ports":         8,
         "num_port_bits":     43,
         "num_memories":      0,
         "num_memory_bits":   0,
         "num_processes":     0,
         "num_cells":         121,
         "num_submodules":       0,
         "num_cells_by_type": {
            "$_ANDNOT_": 41,
            "$_AND_": 4,
            "$_MUX_": 5,
            "$_NAND_": 5,
            "$_NOR_": 12,
            "$_NOT_": 2,
            "$_ORNOT_": 8,
            "$_OR_": 34,
            "$_XNOR_": 4,
            "$_XOR_": 6
         }
      }
   },
      "design": {
         "num_wires":         125,
         "num_wire_bits":     160,
         "num_pub_wires":     10,
         "num_pub_wire_bits": 45,
         "num_ports":         8,
         "num_port_bits":     43,
         "num_memories":      0,
         "num_memory_bits":   0,
         "num_processes":     0,
         "num_cells":         121,
         "num_submodules":       0,
         "num_cells_by_type": {
            "$_ANDNOT_": 41,
            "$_AND_": 4,
            "$_MUX_": 5,
            "$_NAND_": 5,
            "$_NOR_": 12,
            "$_NOT_": 2,
            "$_ORNOT_": 8,
            "$_OR_": 34,
            "$_XNOR_": 4,
            "$_XOR_": 6
         }
      }
}

93. Printing statistics.

=== tt_um_josue_olivos_alu ===

        +----------Local Count, excluding submodules.
        | 
      125 wires
      160 wire bits
       10 public wires
       45 public wire bits
        8 ports
       43 port bits
      121 cells
       41   $_ANDNOT_
        4   $_AND_
        5   $_MUX_
        5   $_NAND_
       12   $_NOR_
        2   $_NOT_
        8   $_ORNOT_
       34   $_OR_
        4   $_XNOR_
        6   $_XOR_

   Area for cell type $_ANDNOT_ is unknown!
   Area for cell type $_AND_ is unknown!
   Area for cell type $_MUX_ is unknown!
   Area for cell type $_NAND_ is unknown!
   Area for cell type $_NOR_ is unknown!
   Area for cell type $_NOT_ is unknown!
   Area for cell type $_ORNOT_ is unknown!
   Area for cell type $_OR_ is unknown!
   Area for cell type $_XNOR_ is unknown!
   Area for cell type $_XOR_ is unknown!

[INFO] Applying tri-state buffer mapping from '/home/jo2022/ttsetup/pdk/ciel/sky130/versions/8afc8346a57fe1ab7934ba5a6056ea8b43078e71/sky130A/libs.tech/openlane/sky130_fd_sc_hd/tribuff_map.v'…

94. Executing TECHMAP pass (map to technology primitives).

94.1. Executing Verilog-2005 frontend: /home/jo2022/ttsetup/pdk/ciel/sky130/versions/8afc8346a57fe1ab7934ba5a6056ea8b43078e71/sky130A/libs.tech/openlane/sky130_fd_sc_hd/tribuff_map.v
Parsing Verilog input from `/home/jo2022/ttsetup/pdk/ciel/sky130/versions/8afc8346a57fe1ab7934ba5a6056ea8b43078e71/sky130A/libs.tech/openlane/sky130_fd_sc_hd/tribuff_map.v' to AST representation.
Generating RTLIL representation for module `$_TBUF_'.
Successfully finished Verilog frontend.

94.2. Continuing TECHMAP pass.
No more expansions possible.
<suppressed ~3 debug messages>

95. Executing SIMPLEMAP pass (map simple cells to gate primitives).
[INFO] Applying latch mapping from '/home/jo2022/ttsetup/pdk/ciel/sky130/versions/8afc8346a57fe1ab7934ba5a6056ea8b43078e71/sky130A/libs.tech/openlane/sky130_fd_sc_hd/latch_map.v'…

96. Executing TECHMAP pass (map to technology primitives).

96.1. Executing Verilog-2005 frontend: /home/jo2022/ttsetup/pdk/ciel/sky130/versions/8afc8346a57fe1ab7934ba5a6056ea8b43078e71/sky130A/libs.tech/openlane/sky130_fd_sc_hd/latch_map.v
Parsing Verilog input from `/home/jo2022/ttsetup/pdk/ciel/sky130/versions/8afc8346a57fe1ab7934ba5a6056ea8b43078e71/sky130A/libs.tech/openlane/sky130_fd_sc_hd/latch_map.v' to AST representation.
Generating RTLIL representation for module `$_DLATCH_P_'.
Generating RTLIL representation for module `$_DLATCH_N_'.
Successfully finished Verilog frontend.

96.2. Continuing TECHMAP pass.
No more expansions possible.
<suppressed ~4 debug messages>

97. Executing SIMPLEMAP pass (map simple cells to gate primitives).

98. Executing DFFLIBMAP pass (mapping DFF cells to sequential cells from liberty file).
  cell sky130_fd_sc_hd__dfxtp_2 (noninv, pins=3, area=21.27) is a direct match for cell type $_DFF_P_.
  cell sky130_fd_sc_hd__dfrtp_2 (noninv, pins=4, area=26.28) is a direct match for cell type $_DFF_PN0_.
  cell sky130_fd_sc_hd__dfstp_2 (noninv, pins=4, area=26.28) is a direct match for cell type $_DFF_PN1_.
  cell sky130_fd_sc_hd__dfbbn_2 (noninv, pins=6, area=35.03) is a direct match for cell type $_DFFSR_NNN_.
  final dff cell mappings:
    unmapped dff cell: $_DFF_N_
    \sky130_fd_sc_hd__dfxtp_2 _DFF_P_ (.CLK( C), .D( D), .Q( Q));
    unmapped dff cell: $_DFF_NN0_
    unmapped dff cell: $_DFF_NN1_
    unmapped dff cell: $_DFF_NP0_
    unmapped dff cell: $_DFF_NP1_
    \sky130_fd_sc_hd__dfrtp_2 _DFF_PN0_ (.CLK( C), .D( D), .Q( Q), .RESET_B( R));
    \sky130_fd_sc_hd__dfstp_2 _DFF_PN1_ (.CLK( C), .D( D), .Q( Q), .SET_B( R));
    unmapped dff cell: $_DFF_PP0_
    unmapped dff cell: $_DFF_PP1_
    unmapped dff cell: $_DFFE_NN_
    unmapped dff cell: $_DFFE_NP_
    unmapped dff cell: $_DFFE_PN_
    unmapped dff cell: $_DFFE_PP_
    \sky130_fd_sc_hd__dfbbn_2 _DFFSR_NNN_ (.CLK_N( C), .D( D), .Q( Q), .Q_N(~Q), .RESET_B( R), .SET_B( S));
    unmapped dff cell: $_DFFSR_NNP_
    unmapped dff cell: $_DFFSR_NPN_
    unmapped dff cell: $_DFFSR_NPP_
    unmapped dff cell: $_DFFSR_PNN_
    unmapped dff cell: $_DFFSR_PNP_
    unmapped dff cell: $_DFFSR_PPN_
    unmapped dff cell: $_DFFSR_PPP_

98.1. Executing DFFLEGALIZE pass (convert FFs to types supported by the target).
Mapping DFF cells in module `\tt_um_josue_olivos_alu':
{
   "creator": "Yosys 0.62 (git sha1 7326bb7d6641500ecb285c291a54a662cb1e76cf, clang++ 21.1.2 -fPIC -O3)",
   "invocation": "stat -json -liberty /home/jo2022/ttsky-verilog-template/runs/wokwi/tmp/b648ce1278d141e2a73495abfbe7c789.lib ",
   "modules": {
      "\\tt_um_josue_olivos_alu": {
         "num_wires":         125,
         "num_wire_bits":     160,
         "num_pub_wires":     10,
         "num_pub_wire_bits": 45,
         "num_ports":         8,
         "num_port_bits":     43,
         "num_memories":      0,
         "num_memory_bits":   0,
         "num_processes":     0,
         "num_cells":         121,
         "num_submodules":       0,
         "num_cells_by_type": {
            "$_ANDNOT_": 41,
            "$_AND_": 4,
            "$_MUX_": 5,
            "$_NAND_": 5,
            "$_NOR_": 12,
            "$_NOT_": 2,
            "$_ORNOT_": 8,
            "$_OR_": 34,
            "$_XNOR_": 4,
            "$_XOR_": 6
         }
      }
   },
      "design": {
         "num_wires":         125,
         "num_wire_bits":     160,
         "num_pub_wires":     10,
         "num_pub_wire_bits": 45,
         "num_ports":         8,
         "num_port_bits":     43,
         "num_memories":      0,
         "num_memory_bits":   0,
         "num_processes":     0,
         "num_cells":         121,
         "num_submodules":       0,
         "num_cells_by_type": {
            "$_ANDNOT_": 41,
            "$_AND_": 4,
            "$_MUX_": 5,
            "$_NAND_": 5,
            "$_NOR_": 12,
            "$_NOT_": 2,
            "$_ORNOT_": 8,
            "$_OR_": 34,
            "$_XNOR_": 4,
            "$_XOR_": 6
         }
      }
}

99. Printing statistics.

=== tt_um_josue_olivos_alu ===

        +----------Local Count, excluding submodules.
        | 
      125 wires
      160 wire bits
       10 public wires
       45 public wire bits
        8 ports
       43 port bits
      121 cells
       41   $_ANDNOT_
        4   $_AND_
        5   $_MUX_
        5   $_NAND_
       12   $_NOR_
        2   $_NOT_
        8   $_ORNOT_
       34   $_OR_
        4   $_XNOR_
        6   $_XOR_

   Area for cell type $_ANDNOT_ is unknown!
   Area for cell type $_AND_ is unknown!
   Area for cell type $_MUX_ is unknown!
   Area for cell type $_NAND_ is unknown!
   Area for cell type $_NOR_ is unknown!
   Area for cell type $_NOT_ is unknown!
   Area for cell type $_ORNOT_ is unknown!
   Area for cell type $_OR_ is unknown!
   Area for cell type $_XNOR_ is unknown!
   Area for cell type $_XOR_ is unknown!

[INFO] Using generated ABC script '/home/jo2022/ttsky-verilog-template/runs/wokwi/06-yosys-synthesis/AREA_0.abc'…

100. Executing ABC pass (technology mapping using ABC).

100.1. Extracting gate netlist of module `\tt_um_josue_olivos_alu' to `/tmp/yosys-abc-O6GEnd/input.blif'..

100.1.1. Executed ABC.
Extracted 121 gates and 132 wires to a netlist network with 11 inputs and 6 outputs.
Running ABC script: /tmp/yosys-abc-O6GEnd/abc.script
ABC: ======== ABC command line "source /tmp/yosys-abc-O6GEnd/abc.script"
ABC: + read_blif /tmp/yosys-abc-O6GEnd/input.blif 
ABC: + read_lib -w /home/jo2022/ttsky-verilog-template/runs/wokwi/tmp/b648ce1278d141e2a73495abfbe7c789.lib 
ABC: Parsing finished successfully.  Parsing time =     0.03 sec
ABC: Scl_LibertyReadGenlib() skipped sequential cell "sky130_fd_sc_hd__dfbbn_2".
ABC: Scl_LibertyReadGenlib() skipped sequential cell "sky130_fd_sc_hd__dfrbp_2".
ABC: Scl_LibertyReadGenlib() skipped sequential cell "sky130_fd_sc_hd__dfrtp_2".
ABC: Scl_LibertyReadGenlib() skipped sequential cell "sky130_fd_sc_hd__dfrtp_4".
ABC: Scl_LibertyReadGenlib() skipped sequential cell "sky130_fd_sc_hd__dfsbp_2".
ABC: Scl_LibertyReadGenlib() skipped sequential cell "sky130_fd_sc_hd__dfstp_2".
ABC: Scl_LibertyReadGenlib() skipped sequential cell "sky130_fd_sc_hd__dfstp_4".
ABC: Scl_LibertyReadGenlib() skipped sequential cell "sky130_fd_sc_hd__dfxbp_2".
ABC: Scl_LibertyReadGenlib() skipped sequential cell "sky130_fd_sc_hd__dfxtp_2".
ABC: Scl_LibertyReadGenlib() skipped sequential cell "sky130_fd_sc_hd__dfxtp_4".
ABC: Scl_LibertyReadGenlib() skipped sequential cell "sky130_fd_sc_hd__dlxtn_1".
ABC: Scl_LibertyReadGenlib() skipped sequential cell "sky130_fd_sc_hd__dlxtn_2".
ABC: Scl_LibertyReadGenlib() skipped sequential cell "sky130_fd_sc_hd__dlxtn_4".
ABC: Scl_LibertyReadGenlib() skipped sequential cell "sky130_fd_sc_hd__dlxtp_1".
ABC: Scl_LibertyReadGenlib() skipped three-state cell "sky130_fd_sc_hd__ebufn_2".
ABC: Scl_LibertyReadGenlib() skipped three-state cell "sky130_fd_sc_hd__ebufn_4".
ABC: Scl_LibertyReadGenlib() skipped three-state cell "sky130_fd_sc_hd__ebufn_8".
ABC: Library "sky130_fd_sc_hd__tt_025C_1v80" from "/home/jo2022/ttsky-verilog-template/runs/wokwi/tmp/b648ce1278d141e2a73495abfbe7c789.lib" has 175 cells (17 skipped: 14 seq; 3 tri-state; 0 no func; 0 dont_use; 0 with 2 outputs; 0 with 3+ outputs).  Time =     0.05 sec
ABC: Memory =    9.54 MB. Time =     0.05 sec
ABC: Warning: Detected 2 multi-output cells (for example, "sky130_fd_sc_hd__fa_1").
ABC: + read_constr -v /home/jo2022/ttsky-verilog-template/runs/wokwi/06-yosys-synthesis/synthesis.abc.sdc 
ABC: Setting driving cell to be "sky130_fd_sc_hd__inv_2/Y".
ABC: Setting output load to be 33.442001.
ABC: + source /home/jo2022/ttsky-verilog-template/runs/wokwi/06-yosys-synthesis/AREA_0.abc 
ABC: Error: The network is combinational.
ABC: Cannot find the default PI driving cell (sky130_fd_sc_hd__inv_2/Y) in the library.
ABC: WireLoad = "none"  Gates =     67 (  0.0 %)   Cap =  9.5 ff (  1.5 %)   Area =      588.06 ( 97.0 %)   Delay =  2365.69 ps  ( 19.4 %)               
ABC: Path  0 --       6 : 0    8 pi                       A =   0.00  Df =   0.0   -0.0 ps  S =   0.0 ps  Cin =  0.0 ff  Cout =  25.5 ff  Cmax =   0.0 ff  G =    0  
ABC: Path  1 --      31 : 2    6 sky130_fd_sc_hd__xnor2_2 A =  16.27  Df = 283.3 -115.9 ps  S = 330.6 ps  Cin =  8.5 ff  Cout =  22.8 ff  Cmax = 121.8 ff  G =  258  
ABC: Path  2 --      43 : 2    3 sky130_fd_sc_hd__or2_2   A =   6.26  Df = 488.9   -7.0 ps  S =  73.8 ps  Cin =  1.5 ff  Cout =   9.5 ff  Cmax = 299.4 ff  G =  631  
ABC: Path  3 --      44 : 4    1 sky130_fd_sc_hd__a31o_2  A =   8.76  Df = 728.8 -106.9 ps  S =  32.5 ps  Cin =  2.4 ff  Cout =   1.4 ff  Cmax = 271.9 ff  G =   57  
ABC: Path  4 --      45 : 4    2 sky130_fd_sc_hd__or4_2   A =   8.76  Df =1419.2 -567.0 ps  S = 205.7 ps  Cin =  1.5 ff  Cout =  34.9 ff  Cmax = 310.4 ff  G = 2324  
ABC: Path  5 --      80 : 2    1 sky130_fd_sc_hd__or2_2   A =   6.26  Df =1756.1 -758.2 ps  S =  59.3 ps  Cin =  1.5 ff  Cout =   4.7 ff  Cmax = 299.4 ff  G =  296  
ABC: Path  6 --      81 : 4    1 sky130_fd_sc_hd__nor4_2  A =  12.51  Df =2365.7-1229.3 ps  S = 823.9 ps  Cin =  4.3 ff  Cout =  33.4 ff  Cmax =  64.1 ff  G =  774  
ABC: Start-point = pi5 (\ui_in [1]).  End-point = po4 (\zero_flag).
ABC: netlist                       : i/o =   11/    6  lat =    0  nd =    67  edge =    193  area =588.18  delay = 6.00  lev = 6
ABC: + write_blif /tmp/yosys-abc-O6GEnd/output.blif 

100.1.2. Re-integrating ABC results.
ABC RESULTS:   sky130_fd_sc_hd__a211oi_2 cells:        1
ABC RESULTS:   sky130_fd_sc_hd__a21bo_2 cells:        1
ABC RESULTS:   sky130_fd_sc_hd__a21boi_2 cells:        1
ABC RESULTS:   sky130_fd_sc_hd__a21o_2 cells:        5
ABC RESULTS:   sky130_fd_sc_hd__a21oi_2 cells:        1
ABC RESULTS:   sky130_fd_sc_hd__a221oi_2 cells:        1
ABC RESULTS:   sky130_fd_sc_hd__a22o_2 cells:        3
ABC RESULTS:   sky130_fd_sc_hd__a2bb2o_2 cells:        2
ABC RESULTS:   sky130_fd_sc_hd__a31o_2 cells:        3
ABC RESULTS:   sky130_fd_sc_hd__a32o_2 cells:        1
ABC RESULTS:   sky130_fd_sc_hd__and2_2 cells:        2
ABC RESULTS:   sky130_fd_sc_hd__and2b_2 cells:        2
ABC RESULTS:   sky130_fd_sc_hd__and3_2 cells:        3
ABC RESULTS:   sky130_fd_sc_hd__and3b_2 cells:        2
ABC RESULTS:   sky130_fd_sc_hd__nand2_2 cells:       10
ABC RESULTS:   sky130_fd_sc_hd__nand2b_2 cells:        2
ABC RESULTS:   sky130_fd_sc_hd__nand3_2 cells:        2
ABC RESULTS:   sky130_fd_sc_hd__nand3b_2 cells:        1
ABC RESULTS:   sky130_fd_sc_hd__nor2_2 cells:        2
ABC RESULTS:   sky130_fd_sc_hd__nor3_2 cells:        1
ABC RESULTS:   sky130_fd_sc_hd__nor3b_2 cells:        2
ABC RESULTS:   sky130_fd_sc_hd__nor4_2 cells:        1
ABC RESULTS:   sky130_fd_sc_hd__o21a_2 cells:        2
ABC RESULTS:   sky130_fd_sc_hd__o21ai_2 cells:        1
ABC RESULTS:   sky130_fd_sc_hd__o22a_2 cells:        2
ABC RESULTS:   sky130_fd_sc_hd__or2_2 cells:        7
ABC RESULTS:   sky130_fd_sc_hd__or3_2 cells:        1
ABC RESULTS:   sky130_fd_sc_hd__or3b_2 cells:        2
ABC RESULTS:   sky130_fd_sc_hd__or4_2 cells:        1
ABC RESULTS:   sky130_fd_sc_hd__or4b_2 cells:        1
ABC RESULTS:   sky130_fd_sc_hd__xnor2_2 cells:        1
ABC RESULTS:        internal signals:      115
ABC RESULTS:           input signals:       11
ABC RESULTS:          output signals:        6
Removing temp directory.
Removing global temp directory.

101. Executing SETUNDEF pass (replace undef values with defined constants).

102. Executing HILOMAP pass (mapping to constant drivers).

103. Executing SPLITNETS pass (splitting up multi-bit signals).

104. Executing OPT_CLEAN pass (remove unused cells and wires).
Finding unused cells or wires in module \tt_um_josue_olivos_alu..
Removed 0 unused cells and 150 unused wires.
<suppressed ~1 debug messages>

105. Executing INSBUF pass (insert buffer cells for connected wires).
Add tt_um_josue_olivos_alu/$auto$insbuf.cc:97:execute$728: \carry_out -> \uo_out [4]
Add tt_um_josue_olivos_alu/$auto$insbuf.cc:97:execute$729: \zero_flag -> \uo_out [5]

106. Executing CHECK pass (checking for obvious problems).
Checking module tt_um_josue_olivos_alu...
Found and reported 0 problems.
{
   "creator": "Yosys 0.62 (git sha1 7326bb7d6641500ecb285c291a54a662cb1e76cf, clang++ 21.1.2 -fPIC -O3)",
   "invocation": "stat -json -liberty /home/jo2022/ttsky-verilog-template/runs/wokwi/tmp/b648ce1278d141e2a73495abfbe7c789.lib ",
   "modules": {
      "\\tt_um_josue_olivos_alu": {
         "num_wires":         71,
         "num_wire_bits":     106,
         "num_pub_wires":     10,
         "num_pub_wire_bits": 45,
         "num_ports":         8,
         "num_port_bits":     43,
         "num_memories":      0,
         "num_memory_bits":   0,
         "num_processes":     0,
         "num_cells":         87,
         "num_submodules":       0,
         "area":              665.638400,
         "sequential_area":    0.000000,
         "num_cells_by_type": {
            "sky130_fd_sc_hd__a211oi_2": 1,
            "sky130_fd_sc_hd__a21bo_2": 1,
            "sky130_fd_sc_hd__a21boi_2": 1,
            "sky130_fd_sc_hd__a21o_2": 5,
            "sky130_fd_sc_hd__a21oi_2": 1,
            "sky130_fd_sc_hd__a221oi_2": 1,
            "sky130_fd_sc_hd__a22o_2": 3,
            "sky130_fd_sc_hd__a2bb2o_2": 2,
            "sky130_fd_sc_hd__a31o_2": 3,
            "sky130_fd_sc_hd__a32o_2": 1,
            "sky130_fd_sc_hd__and2_2": 2,
            "sky130_fd_sc_hd__and2b_2": 2,
            "sky130_fd_sc_hd__and3_2": 3,
            "sky130_fd_sc_hd__and3b_2": 2,
            "sky130_fd_sc_hd__buf_2": 2,
            "sky130_fd_sc_hd__conb_1": 18,
            "sky130_fd_sc_hd__nand2_2": 10,
            "sky130_fd_sc_hd__nand2b_2": 2,
            "sky130_fd_sc_hd__nand3_2": 2,
            "sky130_fd_sc_hd__nand3b_2": 1,
            "sky130_fd_sc_hd__nor2_2": 2,
            "sky130_fd_sc_hd__nor3_2": 1,
            "sky130_fd_sc_hd__nor3b_2": 2,
            "sky130_fd_sc_hd__nor4_2": 1,
            "sky130_fd_sc_hd__o21a_2": 2,
            "sky130_fd_sc_hd__o21ai_2": 1,
            "sky130_fd_sc_hd__o22a_2": 2,
            "sky130_fd_sc_hd__or2_2": 7,
            "sky130_fd_sc_hd__or3_2": 1,
            "sky130_fd_sc_hd__or3b_2": 2,
            "sky130_fd_sc_hd__or4_2": 1,
            "sky130_fd_sc_hd__or4b_2": 1,
            "sky130_fd_sc_hd__xnor2_2": 1
         }
      }
   },
      "design": {
         "num_wires":         71,
         "num_wire_bits":     106,
         "num_pub_wires":     10,
         "num_pub_wire_bits": 45,
         "num_ports":         8,
         "num_port_bits":     43,
         "num_memories":      0,
         "num_memory_bits":   0,
         "num_processes":     0,
         "num_cells":         87,
         "num_submodules":       0,
         "area":              665.638400,
         "sequential_area":    0.000000,
         "num_cells_by_type": {
            "sky130_fd_sc_hd__a211oi_2": 1,
            "sky130_fd_sc_hd__a21bo_2": 1,
            "sky130_fd_sc_hd__a21boi_2": 1,
            "sky130_fd_sc_hd__a21o_2": 5,
            "sky130_fd_sc_hd__a21oi_2": 1,
            "sky130_fd_sc_hd__a221oi_2": 1,
            "sky130_fd_sc_hd__a22o_2": 3,
            "sky130_fd_sc_hd__a2bb2o_2": 2,
            "sky130_fd_sc_hd__a31o_2": 3,
            "sky130_fd_sc_hd__a32o_2": 1,
            "sky130_fd_sc_hd__and2_2": 2,
            "sky130_fd_sc_hd__and2b_2": 2,
            "sky130_fd_sc_hd__and3_2": 3,
            "sky130_fd_sc_hd__and3b_2": 2,
            "sky130_fd_sc_hd__buf_2": 2,
            "sky130_fd_sc_hd__conb_1": 18,
            "sky130_fd_sc_hd__nand2_2": 10,
            "sky130_fd_sc_hd__nand2b_2": 2,
            "sky130_fd_sc_hd__nand3_2": 2,
            "sky130_fd_sc_hd__nand3b_2": 1,
            "sky130_fd_sc_hd__nor2_2": 2,
            "sky130_fd_sc_hd__nor3_2": 1,
            "sky130_fd_sc_hd__nor3b_2": 2,
            "sky130_fd_sc_hd__nor4_2": 1,
            "sky130_fd_sc_hd__o21a_2": 2,
            "sky130_fd_sc_hd__o21ai_2": 1,
            "sky130_fd_sc_hd__o22a_2": 2,
            "sky130_fd_sc_hd__or2_2": 7,
            "sky130_fd_sc_hd__or3_2": 1,
            "sky130_fd_sc_hd__or3b_2": 2,
            "sky130_fd_sc_hd__or4_2": 1,
            "sky130_fd_sc_hd__or4b_2": 1,
            "sky130_fd_sc_hd__xnor2_2": 1
         }
      }
}

107. Printing statistics.

=== tt_um_josue_olivos_alu ===

        +----------Local Count, excluding submodules.
        |        +-Local Area, excluding submodules.
        |        | 
       71        - wires
      106        - wire bits
       10        - public wires
       45        - public wire bits
        8        - ports
       43        - port bits
       87  665.638 cells
        1   12.512   sky130_fd_sc_hd__a211oi_2
        1    10.01   sky130_fd_sc_hd__a21bo_2
        1   11.261   sky130_fd_sc_hd__a21boi_2
        5   43.792   sky130_fd_sc_hd__a21o_2
        1    8.758   sky130_fd_sc_hd__a21oi_2
        1   15.014   sky130_fd_sc_hd__a221oi_2
        3   30.029   sky130_fd_sc_hd__a22o_2
        2   22.522   sky130_fd_sc_hd__a2bb2o_2
        3   26.275   sky130_fd_sc_hd__a31o_2
        1   11.261   sky130_fd_sc_hd__a32o_2
        2   15.014   sky130_fd_sc_hd__and2_2
        2   17.517   sky130_fd_sc_hd__and2b_2
        3   22.522   sky130_fd_sc_hd__and3_2
        2   20.019   sky130_fd_sc_hd__and3b_2
        2    10.01   sky130_fd_sc_hd__buf_2
       18   67.565   sky130_fd_sc_hd__conb_1
       10    62.56   sky130_fd_sc_hd__nand2_2
        2   17.517   sky130_fd_sc_hd__nand2b_2
        2   20.019   sky130_fd_sc_hd__nand3_2
        1   11.261   sky130_fd_sc_hd__nand3b_2
        2   12.512   sky130_fd_sc_hd__nor2_2
        1    10.01   sky130_fd_sc_hd__nor3_2
        2   25.024   sky130_fd_sc_hd__nor3b_2
        1   12.512   sky130_fd_sc_hd__nor4_2
        2   17.517   sky130_fd_sc_hd__o21a_2
        1    8.758   sky130_fd_sc_hd__o21ai_2
        2   20.019   sky130_fd_sc_hd__o22a_2
        7   43.792   sky130_fd_sc_hd__or2_2
        1    7.507   sky130_fd_sc_hd__or3_2
        2   17.517   sky130_fd_sc_hd__or3b_2
        1    8.758   sky130_fd_sc_hd__or4_2
        1    10.01   sky130_fd_sc_hd__or4b_2
        1   16.266   sky130_fd_sc_hd__xnor2_2

   Chip area for module '\tt_um_josue_olivos_alu': 665.638400
     of which used for sequential elements: 0.000000 (0.00%)

108. Executing Verilog backend.
Dumping module `\tt_um_josue_olivos_alu'.

109. Executing JSON backend.
