Reading technology LEF file at '/home/jo2022/ttsetup/pdk/ciel/sky130/versions/8afc8346a57fe1ab7934ba5a6056ea8b43078e71/sky130A/libs.ref/sky130_fd_sc_hd/techlef/sky130_fd_sc_hd__max.tlef'…
[INFO ODB-0227] LEF file: /home/jo2022/ttsetup/pdk/ciel/sky130/versions/8afc8346a57fe1ab7934ba5a6056ea8b43078e71/sky130A/libs.ref/sky130_fd_sc_hd/techlef/sky130_fd_sc_hd__max.tlef, created 14 layers, 25 vias
Reading cell LEF file at '/home/jo2022/ttsetup/pdk/ciel/sky130/versions/8afc8346a57fe1ab7934ba5a6056ea8b43078e71/sky130A/libs.ref/sky130_fd_sc_hd/lef/sky130_fd_sc_hd.lef'…
[WARNING ODB-0220] WARNING (LEFPARS-2008): NOWIREEXTENSIONATPIN statement is obsolete in version 5.6 or later.
The NOWIREEXTENSIONATPIN statement will be ignored. See file /home/jo2022/ttsetup/pdk/ciel/sky130/versions/8afc8346a57fe1ab7934ba5a6056ea8b43078e71/sky130A/libs.ref/sky130_fd_sc_hd/lef/sky130_fd_sc_hd.lef at line 2.

[INFO ODB-0227] LEF file: /home/jo2022/ttsetup/pdk/ciel/sky130/versions/8afc8346a57fe1ab7934ba5a6056ea8b43078e71/sky130A/libs.ref/sky130_fd_sc_hd/lef/sky130_fd_sc_hd.lef, created 437 library cells
Reading cell LEF file at '/home/jo2022/ttsetup/pdk/ciel/sky130/versions/8afc8346a57fe1ab7934ba5a6056ea8b43078e71/sky130A/libs.ref/sky130_fd_sc_hd/lef/sky130_ef_sc_hd.lef'…
[WARNING ODB-0220] WARNING (LEFPARS-2008): NOWIREEXTENSIONATPIN statement is obsolete in version 5.6 or later.
The NOWIREEXTENSIONATPIN statement will be ignored. See file /home/jo2022/ttsetup/pdk/ciel/sky130/versions/8afc8346a57fe1ab7934ba5a6056ea8b43078e71/sky130A/libs.ref/sky130_fd_sc_hd/lef/sky130_ef_sc_hd.lef at line 2.

[INFO ODB-0227] LEF file: /home/jo2022/ttsetup/pdk/ciel/sky130/versions/8afc8346a57fe1ab7934ba5a6056ea8b43078e71/sky130A/libs.ref/sky130_fd_sc_hd/lef/sky130_ef_sc_hd.lef, created 8 library cells
[INFO ODB-0127] Reading DEF file: /home/jo2022/ttsky-verilog-template/runs/wokwi/53-odb-cellfrequencytables/tt_um_josue_olivos_alu.def
[INFO ODB-0128] Design: tt_um_josue_olivos_alu
[INFO ODB-0130]     Created 45 pins.
[INFO ODB-0131]     Created 4587 components and 18220 component-terminals.
[INFO ODB-0132]     Created 2 special nets and 17898 connections.
[INFO ODB-0133]     Created 117 nets and 304 connections.
[INFO ODB-0134] Finished DEF file: /home/jo2022/ttsky-verilog-template/runs/wokwi/53-odb-cellfrequencytables/tt_um_josue_olivos_alu.def
Using RCX ruleset '/home/jo2022/ttsetup/pdk/ciel/sky130/versions/8afc8346a57fe1ab7934ba5a6056ea8b43078e71/sky130A/libs.tech/openlane/rules.openrcx.sky130A.max.calibre'…
[INFO RCX-0431] Defined process_corner CURRENT_CORNER with ext_model_index 0
[INFO RCX-0029] Defined extraction corner CURRENT_CORNER
+ extract_parasitics  -ext_model_file /home/jo2022/ttsetup/pdk/ciel/sky130/versions/8afc8346a57fe1ab7934ba5a6056ea8b43078e71/sky130A/libs.tech/openlane/rules.openrcx.sky130A.max.calibre -lef_res
[INFO RCX-0435] Reading extraction model file /home/jo2022/ttsetup/pdk/ciel/sky130/versions/8afc8346a57fe1ab7934ba5a6056ea8b43078e71/sky130A/libs.tech/openlane/rules.openrcx.sky130A.max.calibre ...
[INFO RCX-0436] RC segment generation tt_um_josue_olivos_alu (max_merge_res 50.0) ...
[INFO RCX-0040] Final 456 rc segments
[INFO RCX-0439] Coupling Cap extraction tt_um_josue_olivos_alu ...
[INFO RCX-0440] Coupling threshhold is 0.1000 fF, coupling capacitance less than 0.1000 fF will be grounded.
[INFO RCX-0442] 66% of 1001 wires extracted
[INFO RCX-0442] 100% of 1001 wires extracted
[INFO RCX-0045] Extract 117 nets, 565 rsegs, 565 caps, 631 ccs
Setting global connections for newly added cells…
[INFO] Setting global connections...
[INFO ODB-0403] 0 connections made, 0 conflicts skipped.
Updating metrics…
Cell type report:                       Count       Area
  Fill cell                              4264   15436.05
  Tap cell                                225     281.52
  Standard cell                            98     775.74
  Total                                  4587   16493.32
Writing extracted parasitics to '/home/jo2022/ttsky-verilog-template/runs/wokwi/54-openroad-rcx/max/tt_um_josue_olivos_alu.max.spef'…
[INFO RCX-0443] 117 nets finished
