
===========================================================================
report_checks -unconstrained
===========================================================================
======================= nom_ss_100C_1v60 Corner ===================================

Startpoint: ui_in[1] (input port clocked by clk)
Endpoint: uo_out[5] (output port clocked by clk)
Path Group: clk
Path Type: max

Fanout         Cap        Slew       Delay        Time   Description
---------------------------------------------------------------------------------------------
                                  0.000000    0.000000   clock clk (rise edge)
                                  0.000000    0.000000   clock network delay (propagated)
                                  4.000000    4.000000 v input external delay
     1    0.003351    0.020585    0.010979    4.010979 v ui_in[1] (in)
                                                         ui_in[1] (net)
                      0.020585    0.000000    4.010979 v input2/A (sky130_fd_sc_hd__clkdlybuf4s25_1)
     8    0.032876    0.446945    0.732023    4.743002 v input2/X (sky130_fd_sc_hd__clkdlybuf4s25_1)
                                                         net2 (net)
                      0.446945    0.001290    4.744292 v _074_/A (sky130_fd_sc_hd__xnor2_2)
     6    0.024693    0.279963    0.533102    5.277394 v _074_/Y (sky130_fd_sc_hd__xnor2_2)
                                                         _012_ (net)
                      0.279963    0.000476    5.277870 v _086_/B (sky130_fd_sc_hd__or2_2)
     3    0.013283    0.164848    0.789759    6.067629 v _086_/X (sky130_fd_sc_hd__or2_2)
                                                         _024_ (net)
                      0.164848    0.000223    6.067852 v _087_/A3 (sky130_fd_sc_hd__a31o_2)
     1    0.001819    0.057334    0.470009    6.537861 v _087_/X (sky130_fd_sc_hd__a31o_2)
                                                         _025_ (net)
                      0.057334    0.000053    6.537914 v _088_/D (sky130_fd_sc_hd__or4_2)
     2    0.045004    0.458639    1.687493    8.225408 v _088_/X (sky130_fd_sc_hd__or4_2)
                                                         uo_out[1] (net)
                      0.458639    0.001461    8.226869 v _123_/B (sky130_fd_sc_hd__or2_2)
     1    0.004782    0.121387    0.800672    9.027541 v _123_/X (sky130_fd_sc_hd__or2_2)
                                                         _058_ (net)
                      0.121387    0.000107    9.027647 v _124_/D (sky130_fd_sc_hd__nor4_2)
     1    0.002357    0.292549    0.224984    9.252631 ^ _124_/Y (sky130_fd_sc_hd__nor4_2)
                                                         zero_flag (net)
                      0.292549    0.000067    9.252698 ^ _147_/A (sky130_fd_sc_hd__buf_2)
     1    0.034215    0.272379    0.441879    9.694576 ^ _147_/X (sky130_fd_sc_hd__buf_2)
                                                         uo_out[5] (net)
                      0.272379    0.000745    9.695321 ^ uo_out[5] (out)
                                              9.695321   data arrival time

                                 20.000000   20.000000   clock clk (rise edge)
                                  0.000000   20.000000   clock network delay (propagated)
                                 -0.250000   19.750002   clock uncertainty
                                  0.000000   19.750002   clock reconvergence pessimism
                                 -4.000000   15.750001   output external delay
                                             15.750001   data required time
---------------------------------------------------------------------------------------------
                                             15.750001   data required time
                                             -9.695321   data arrival time
---------------------------------------------------------------------------------------------
                                              6.054679   slack (MET)




===========================================================================
report_checks --slack_max -0.01
============================================================================
======================= nom_ss_100C_1v60 Corner ===================================

No paths found.


===========================================================================
 report_check_types -max_slew -max_cap -max_fanout -violators
============================================================================
======================= nom_ss_100C_1v60 Corner ===================================



===========================================================================
report_parasitic_annotation -report_unannotated
============================================================================
Found 26 unannotated drivers.
 clk
 ena
 rst_n
 uio_in[3]
 uio_in[4]
 uio_in[5]
 uio_in[6]
 uio_in[7]
 tt_um_josue_olivos_alu/HI
 tt_um_josue_olivos_alu_12/HI
 tt_um_josue_olivos_alu_13/HI
 tt_um_josue_olivos_alu_14/HI
 tt_um_josue_olivos_alu_15/HI
 tt_um_josue_olivos_alu_16/HI
 tt_um_josue_olivos_alu_17/HI
 tt_um_josue_olivos_alu_18/HI
 tt_um_josue_olivos_alu_19/HI
 tt_um_josue_olivos_alu_20/HI
 tt_um_josue_olivos_alu_21/HI
 tt_um_josue_olivos_alu_22/HI
 tt_um_josue_olivos_alu_23/HI
 tt_um_josue_olivos_alu_24/HI
 tt_um_josue_olivos_alu_25/HI
 tt_um_josue_olivos_alu_26/HI
 tt_um_josue_olivos_alu_27/HI
 tt_um_josue_olivos_alu_28/HI
Found 0 partially unannotated drivers.

===========================================================================
max slew violation count 0
max fanout violation count 0
max cap violation count 0
============================================================================

===========================================================================
check_setup -verbose -unconstrained_endpoints -multiple_clock -no_clock -no_input_delay -loops -generated_clocks
===========================================================================
