
===========================================================================
report_checks -unconstrained
===========================================================================
======================= nom_tt_025C_1v80 Corner ===================================

Startpoint: ui_in[1] (input port clocked by clk)
Endpoint: uo_out[5] (output port clocked by clk)
Path Group: clk
Path Type: max

Fanout         Cap        Slew       Delay        Time   Description
---------------------------------------------------------------------------------------------
                                  0.000000    0.000000   clock clk (rise edge)
                                  0.000000    0.000000   clock network delay (propagated)
                                  4.000000    4.000000 v input external delay
     1    0.003333    0.009859    0.005345    4.005344 v ui_in[1] (in)
                                                         ui_in[1] (net)
                      0.009859    0.000000    4.005344 v input2/A (sky130_fd_sc_hd__clkdlybuf4s25_1)
     8    0.032758    0.244946    0.391302    4.396646 v input2/X (sky130_fd_sc_hd__clkdlybuf4s25_1)
                                                         net2 (net)
                      0.244950    0.001284    4.397930 v _074_/A (sky130_fd_sc_hd__xnor2_2)
     6    0.024501    0.146727    0.280470    4.678401 v _074_/Y (sky130_fd_sc_hd__xnor2_2)
                                                         _012_ (net)
                      0.146727    0.000473    4.678874 v _086_/B (sky130_fd_sc_hd__or2_2)
     3    0.013167    0.083324    0.351732    5.030605 v _086_/X (sky130_fd_sc_hd__or2_2)
                                                         _024_ (net)
                      0.083324    0.000221    5.030827 v _087_/A3 (sky130_fd_sc_hd__a31o_2)
     1    0.001860    0.034123    0.247202    5.278029 v _087_/X (sky130_fd_sc_hd__a31o_2)
                                                         _025_ (net)
                      0.034123    0.000054    5.278083 v _088_/D (sky130_fd_sc_hd__or4_2)
     2    0.045045    0.221256    0.719867    5.997950 v _088_/X (sky130_fd_sc_hd__or4_2)
                                                         uo_out[1] (net)
                      0.221261    0.001462    5.999412 v _123_/B (sky130_fd_sc_hd__or2_2)
     1    0.004704    0.060747    0.347269    6.346682 v _123_/X (sky130_fd_sc_hd__or2_2)
                                                         _058_ (net)
                      0.060747    0.000105    6.346786 v _124_/D (sky130_fd_sc_hd__nor4_2)
     1    0.002411    0.176848    0.121833    6.468619 ^ _124_/Y (sky130_fd_sc_hd__nor4_2)
                                                         zero_flag (net)
                      0.176848    0.000069    6.468688 ^ _147_/A (sky130_fd_sc_hd__buf_2)
     1    0.034215    0.170440    0.241105    6.709793 ^ _147_/X (sky130_fd_sc_hd__buf_2)
                                                         uo_out[5] (net)
                      0.170441    0.000745    6.710537 ^ uo_out[5] (out)
                                              6.710537   data arrival time

                                 20.000000   20.000000   clock clk (rise edge)
                                  0.000000   20.000000   clock network delay (propagated)
                                 -0.250000   19.750002   clock uncertainty
                                  0.000000   19.750002   clock reconvergence pessimism
                                 -4.000000   15.750001   output external delay
                                             15.750001   data required time
---------------------------------------------------------------------------------------------
                                             15.750001   data required time
                                             -6.710537   data arrival time
---------------------------------------------------------------------------------------------
                                              9.039463   slack (MET)




===========================================================================
report_checks --slack_max -0.01
============================================================================
======================= nom_tt_025C_1v80 Corner ===================================

No paths found.


===========================================================================
 report_check_types -max_slew -max_cap -max_fanout -violators
============================================================================
======================= nom_tt_025C_1v80 Corner ===================================



===========================================================================
report_parasitic_annotation -report_unannotated
============================================================================
Found 26 unannotated drivers.
 clk
 ena
 rst_n
 uio_in[3]
 uio_in[4]
 uio_in[5]
 uio_in[6]
 uio_in[7]
 tt_um_josue_olivos_alu/HI
 tt_um_josue_olivos_alu_12/HI
 tt_um_josue_olivos_alu_13/HI
 tt_um_josue_olivos_alu_14/HI
 tt_um_josue_olivos_alu_15/HI
 tt_um_josue_olivos_alu_16/HI
 tt_um_josue_olivos_alu_17/HI
 tt_um_josue_olivos_alu_18/HI
 tt_um_josue_olivos_alu_19/HI
 tt_um_josue_olivos_alu_20/HI
 tt_um_josue_olivos_alu_21/HI
 tt_um_josue_olivos_alu_22/HI
 tt_um_josue_olivos_alu_23/HI
 tt_um_josue_olivos_alu_24/HI
 tt_um_josue_olivos_alu_25/HI
 tt_um_josue_olivos_alu_26/HI
 tt_um_josue_olivos_alu_27/HI
 tt_um_josue_olivos_alu_28/HI
Found 0 partially unannotated drivers.

===========================================================================
max slew violation count 0
max fanout violation count 0
max cap violation count 0
============================================================================

===========================================================================
check_setup -verbose -unconstrained_endpoints -multiple_clock -no_clock -no_input_delay -loops -generated_clocks
===========================================================================
