+ define_corners max_ff_n40C_1v95
Reading timing models for corner max_ff_n40C_1v95…
Reading cell library for the 'max_ff_n40C_1v95' corner at '/home/jo2022/ttsetup/pdk/ciel/sky130/versions/8afc8346a57fe1ab7934ba5a6056ea8b43078e71/sky130A/libs.ref/sky130_fd_sc_hd/lib/sky130_fd_sc_hd__ff_n40C_1v95.lib'…
Reading top-level netlist at '/home/jo2022/ttsky-verilog-template/runs/wokwi/52-openroad-fillinsertion/tt_um_josue_olivos_alu.nl.v'…
Linking design 'tt_um_josue_olivos_alu' from netlist…
Warning: /home/jo2022/ttsky-verilog-template/runs/wokwi/52-openroad-fillinsertion/tt_um_josue_olivos_alu.nl.v line 171, module sky130_fd_sc_hd__fill_1 not found. Creating black box for FILLER_0_27.
Warning: /home/jo2022/ttsky-verilog-template/runs/wokwi/52-openroad-fillinsertion/tt_um_josue_olivos_alu.nl.v line 195, module sky130_fd_sc_hd__fill_2 not found. Creating black box for FILLER_0_333.
Warning: /home/jo2022/ttsky-verilog-template/runs/wokwi/52-openroad-fillinsertion/tt_um_josue_olivos_alu.nl.v line 4375, module sky130_fd_sc_hd__tapvpwrvgnd_1 not found. Creating black box for TAP_TAPCELL_ROW_0_78.
Reading design constraints file at '/nix/store/5qhi22zib758klv5di7jvny5b48ckmw3-python3-3.13.9-env/lib/python3.13/site-packages/librelane/scripts/base.sdc'…
[INFO] Using clock clk…
[INFO] Setting output delay to: 4
[INFO] Setting input delay to: 4
[INFO] Setting load to: 0.033442
[INFO] Setting clock uncertainty to: 0.25
[INFO] Setting clock transition to: 0.1499999999999999944488848768742172978818416595458984375
[INFO] Setting timing derate to: 5%
Reading top-level design parasitics for the 'max_ff_n40C_1v95' corner at '/home/jo2022/ttsky-verilog-template/runs/wokwi/54-openroad-rcx/max/tt_um_josue_olivos_alu.max.spef'…
%OL_CREATE_REPORT min.rpt

===========================================================================
report_checks -path_delay min (Hold)
============================================================================
======================= max_ff_n40C_1v95 Corner ===================================

Startpoint: ui_in[7] (input port clocked by clk)
Endpoint: uo_out[4] (output port clocked by clk)
Path Group: clk
Path Type: min

Fanout         Cap        Slew       Delay        Time   Description
---------------------------------------------------------------------------------------------
                                  0.000000    0.000000   clock clk (rise edge)
                                  0.000000    0.000000   clock network delay (propagated)
                                  4.000000    4.000000 v input external delay
     1    0.004422    0.007218    0.003771    4.003771 v ui_in[7] (in)
                                                         ui_in[7] (net)
                      0.007225    0.000000    4.003771 v input8/A (sky130_fd_sc_hd__clkdlybuf4s25_1)
     4    0.015100    0.083631    0.196620    4.200391 v input8/X (sky130_fd_sc_hd__clkdlybuf4s25_1)
                                                         net8 (net)
                      0.083640    0.000896    4.201286 v _108_/B (sky130_fd_sc_hd__nand2_2)
     2    0.010497    0.058472    0.081414    4.282700 ^ _108_/Y (sky130_fd_sc_hd__nand2_2)
                                                         _044_ (net)
                      0.058488    0.000859    4.283559 ^ _126_/A (sky130_fd_sc_hd__nand2_2)
     1    0.002876    0.017256    0.023736    4.307295 v _126_/Y (sky130_fd_sc_hd__nand2_2)
                                                         _060_ (net)
                      0.017256    0.000130    4.307425 v _127_/B1 (sky130_fd_sc_hd__a22o_2)
     1    0.003840    0.023613    0.091891    4.399317 v _127_/X (sky130_fd_sc_hd__a22o_2)
                                                         carry_out (net)
                      0.023623    0.000277    4.399594 v _146_/A (sky130_fd_sc_hd__buf_2)
     1    0.034003    0.062787    0.113415    4.513009 v _146_/X (sky130_fd_sc_hd__buf_2)
                                                         uo_out[4] (net)
                      0.062856    0.001858    4.514866 v uo_out[4] (out)
                                              4.514866   data arrival time

                                  0.000000    0.000000   clock clk (rise edge)
                                  0.000000    0.000000   clock network delay (propagated)
                                  0.250000    0.250000   clock uncertainty
                                  0.000000    0.250000   clock reconvergence pessimism
                                 -4.000000   -3.750000   output external delay
                                             -3.750000   data required time
---------------------------------------------------------------------------------------------
                                             -3.750000   data required time
                                             -4.514866   data arrival time
---------------------------------------------------------------------------------------------
                                              8.264867   slack (MET)


Startpoint: ui_in[0] (input port clocked by clk)
Endpoint: uo_out[0] (output port clocked by clk)
Path Group: clk
Path Type: min

Fanout         Cap        Slew       Delay        Time   Description
---------------------------------------------------------------------------------------------
                                  0.000000    0.000000   clock clk (rise edge)
                                  0.000000    0.000000   clock network delay (propagated)
                                  4.000000    4.000000 v input external delay
     1    0.003001    0.005005    0.002508    4.002508 v ui_in[0] (in)
                                                         ui_in[0] (net)
                      0.005015    0.000000    4.002508 v input1/A (sky130_fd_sc_hd__clkdlybuf4s25_1)
     7    0.029951    0.154838    0.250293    4.252801 v input1/X (sky130_fd_sc_hd__clkdlybuf4s25_1)
                                                         net1 (net)
                      0.154854    0.001609    4.254410 v _070_/A (sky130_fd_sc_hd__nor2_2)
     1    0.003808    0.055624    0.108759    4.363170 ^ _070_/Y (sky130_fd_sc_hd__nor2_2)
                                                         _009_ (net)
                      0.055624    0.000216    4.363386 ^ _071_/C (sky130_fd_sc_hd__or3_2)
     2    0.044636    0.167411    0.174233    4.537619 ^ _071_/X (sky130_fd_sc_hd__or3_2)
                                                         uo_out[0] (net)
                      0.167692    0.005635    4.543253 ^ uo_out[0] (out)
                                              4.543253   data arrival time

                                  0.000000    0.000000   clock clk (rise edge)
                                  0.000000    0.000000   clock network delay (propagated)
                                  0.250000    0.250000   clock uncertainty
                                  0.000000    0.250000   clock reconvergence pessimism
                                 -4.000000   -3.750000   output external delay
                                             -3.750000   data required time
---------------------------------------------------------------------------------------------
                                             -3.750000   data required time
                                             -4.543253   data arrival time
---------------------------------------------------------------------------------------------
                                              8.293253   slack (MET)


Startpoint: ui_in[5] (input port clocked by clk)
Endpoint: uo_out[1] (output port clocked by clk)
Path Group: clk
Path Type: min

Fanout         Cap        Slew       Delay        Time   Description
---------------------------------------------------------------------------------------------
                                  0.000000    0.000000   clock clk (rise edge)
                                  0.000000    0.000000   clock network delay (propagated)
                                  4.000000    4.000000 ^ input external delay
     1    0.003793    0.017489    0.009907    4.009907 ^ ui_in[5] (in)
                                                         ui_in[5] (net)
                      0.017491    0.000000    4.009907 ^ input6/A (sky130_fd_sc_hd__clkdlybuf4s25_1)
     5    0.024409    0.187517    0.263272    4.273179 ^ input6/X (sky130_fd_sc_hd__clkdlybuf4s25_1)
                                                         net6 (net)
                      0.187528    0.001592    4.274770 ^ _077_/A2 (sky130_fd_sc_hd__a31o_2)
     1    0.002390    0.019225    0.103099    4.377870 ^ _077_/X (sky130_fd_sc_hd__a31o_2)
                                                         _015_ (net)
                      0.019228    0.000171    4.378040 ^ _088_/A (sky130_fd_sc_hd__or4_2)
     2    0.045977    0.172596    0.172788    4.550828 ^ _088_/X (sky130_fd_sc_hd__or4_2)
                                                         uo_out[1] (net)
                      0.172715    0.003734    4.554562 ^ uo_out[1] (out)
                                              4.554562   data arrival time

                                  0.000000    0.000000   clock clk (rise edge)
                                  0.000000    0.000000   clock network delay (propagated)
                                  0.250000    0.250000   clock uncertainty
                                  0.000000    0.250000   clock reconvergence pessimism
                                 -4.000000   -3.750000   output external delay
                                             -3.750000   data required time
---------------------------------------------------------------------------------------------
                                             -3.750000   data required time
                                             -4.554562   data arrival time
---------------------------------------------------------------------------------------------
                                              8.304562   slack (MET)


Startpoint: ui_in[6] (input port clocked by clk)
Endpoint: uo_out[5] (output port clocked by clk)
Path Group: clk
Path Type: min

Fanout         Cap        Slew       Delay        Time   Description
---------------------------------------------------------------------------------------------
                                  0.000000    0.000000   clock clk (rise edge)
                                  0.000000    0.000000   clock network delay (propagated)
                                  4.000000    4.000000 ^ input external delay
     1    0.004139    0.018710    0.010826    4.010826 ^ ui_in[6] (in)
                                                         ui_in[6] (net)
                      0.018714    0.000000    4.010826 ^ input7/A (sky130_fd_sc_hd__clkdlybuf4s25_1)
     4    0.018148    0.141399    0.231737    4.242563 ^ input7/X (sky130_fd_sc_hd__clkdlybuf4s25_1)
                                                         net7 (net)
                      0.141452    0.002575    4.245138 ^ _091_/B (sky130_fd_sc_hd__nand2_2)
     3    0.013716    0.055449    0.062789    4.307928 v _091_/Y (sky130_fd_sc_hd__nand2_2)
                                                         _028_ (net)
                      0.055472    0.000890    4.308818 v _111_/A (sky130_fd_sc_hd__nand3_2)
     1    0.003825    0.029909    0.046861    4.355679 ^ _111_/Y (sky130_fd_sc_hd__nand3_2)
                                                         _047_ (net)
                      0.029910    0.000264    4.355943 ^ _121_/A3 (sky130_fd_sc_hd__a31o_2)
     2    0.007371    0.038341    0.098447    4.454391 ^ _121_/X (sky130_fd_sc_hd__a31o_2)
                                                         _057_ (net)
                      0.038348    0.000505    4.454896 ^ _124_/C (sky130_fd_sc_hd__nor4_2)
     1    0.002380    0.014173    0.024739    4.479635 v _124_/Y (sky130_fd_sc_hd__nor4_2)
                                                         zero_flag (net)
                      0.014174    0.000170    4.479805 v _147_/A (sky130_fd_sc_hd__buf_2)
     1    0.034297    0.063173    0.110392    4.590197 v _147_/X (sky130_fd_sc_hd__buf_2)
                                                         uo_out[5] (net)
                      0.063244    0.001890    4.592087 v uo_out[5] (out)
                                              4.592087   data arrival time

                                  0.000000    0.000000   clock clk (rise edge)
                                  0.000000    0.000000   clock network delay (propagated)
                                  0.250000    0.250000   clock uncertainty
                                  0.000000    0.250000   clock reconvergence pessimism
                                 -4.000000   -3.750000   output external delay
                                             -3.750000   data required time
---------------------------------------------------------------------------------------------
                                             -3.750000   data required time
                                             -4.592087   data arrival time
---------------------------------------------------------------------------------------------
                                              8.342087   slack (MET)


Startpoint: ui_in[5] (input port clocked by clk)
Endpoint: uo_out[2] (output port clocked by clk)
Path Group: clk
Path Type: min

Fanout         Cap        Slew       Delay        Time   Description
---------------------------------------------------------------------------------------------
                                  0.000000    0.000000   clock clk (rise edge)
                                  0.000000    0.000000   clock network delay (propagated)
                                  4.000000    4.000000 ^ input external delay
     1    0.003793    0.017489    0.009907    4.009907 ^ ui_in[5] (in)
                                                         ui_in[5] (net)
                      0.017491    0.000000    4.009907 ^ input6/A (sky130_fd_sc_hd__clkdlybuf4s25_1)
     5    0.024409    0.187517    0.263272    4.273179 ^ input6/X (sky130_fd_sc_hd__clkdlybuf4s25_1)
                                                         net6 (net)
                      0.187545    0.002302    4.275481 ^ _073_/B (sky130_fd_sc_hd__nand2_2)
     2    0.007854    0.049051    0.045630    4.321111 v _073_/Y (sky130_fd_sc_hd__nand2_2)
                                                         _011_ (net)
                      0.049059    0.000464    4.321574 v _094_/A (sky130_fd_sc_hd__nand3_2)
     1    0.002953    0.026677    0.041990    4.363565 ^ _094_/Y (sky130_fd_sc_hd__nand3_2)
                                                         _031_ (net)
                      0.026677    0.000141    4.363706 ^ _095_/A2 (sky130_fd_sc_hd__a21bo_2)
     1    0.003053    0.021998    0.070541    4.434247 ^ _095_/X (sky130_fd_sc_hd__a21bo_2)
                                                         _032_ (net)
                      0.021998    0.000146    4.434393 ^ _106_/B1 (sky130_fd_sc_hd__o21a_2)
     2    0.044029    0.173737    0.160572    4.594965 ^ _106_/X (sky130_fd_sc_hd__o21a_2)
                                                         uo_out[2] (net)
                      0.173936    0.004847    4.599813 ^ uo_out[2] (out)
                                              4.599813   data arrival time

                                  0.000000    0.000000   clock clk (rise edge)
                                  0.000000    0.000000   clock network delay (propagated)
                                  0.250000    0.250000   clock uncertainty
                                  0.000000    0.250000   clock reconvergence pessimism
                                 -4.000000   -3.750000   output external delay
                                             -3.750000   data required time
---------------------------------------------------------------------------------------------
                                             -3.750000   data required time
                                             -4.599813   data arrival time
---------------------------------------------------------------------------------------------
                                              8.349813   slack (MET)


Startpoint: ui_in[6] (input port clocked by clk)
Endpoint: uo_out[3] (output port clocked by clk)
Path Group: clk
Path Type: min

Fanout         Cap        Slew       Delay        Time   Description
---------------------------------------------------------------------------------------------
                                  0.000000    0.000000   clock clk (rise edge)
                                  0.000000    0.000000   clock network delay (propagated)
                                  4.000000    4.000000 ^ input external delay
     1    0.004139    0.018710    0.010826    4.010826 ^ ui_in[6] (in)
                                                         ui_in[6] (net)
                      0.018714    0.000000    4.010826 ^ input7/A (sky130_fd_sc_hd__clkdlybuf4s25_1)
     4    0.018148    0.141399    0.231737    4.242563 ^ input7/X (sky130_fd_sc_hd__clkdlybuf4s25_1)
                                                         net7 (net)
                      0.141452    0.002575    4.245138 ^ _091_/B (sky130_fd_sc_hd__nand2_2)
     3    0.013716    0.055449    0.062789    4.307928 v _091_/Y (sky130_fd_sc_hd__nand2_2)
                                                         _028_ (net)
                      0.055472    0.000890    4.308818 v _111_/A (sky130_fd_sc_hd__nand3_2)
     1    0.003825    0.029909    0.046861    4.355679 ^ _111_/Y (sky130_fd_sc_hd__nand3_2)
                                                         _047_ (net)
                      0.029910    0.000264    4.355943 ^ _121_/A3 (sky130_fd_sc_hd__a31o_2)
     2    0.007371    0.038341    0.098447    4.454391 ^ _121_/X (sky130_fd_sc_hd__a31o_2)
                                                         _057_ (net)
                      0.038346    0.000453    4.454844 ^ _122_/B (sky130_fd_sc_hd__or2_2)
     1    0.034155    0.135634    0.146644    4.601487 ^ _122_/X (sky130_fd_sc_hd__or2_2)
                                                         uo_out[3] (net)
                      0.135672    0.001872    4.603359 ^ uo_out[3] (out)
                                              4.603359   data arrival time

                                  0.000000    0.000000   clock clk (rise edge)
                                  0.000000    0.000000   clock network delay (propagated)
                                  0.250000    0.250000   clock uncertainty
                                  0.000000    0.250000   clock reconvergence pessimism
                                 -4.000000   -3.750000   output external delay
                                             -3.750000   data required time
---------------------------------------------------------------------------------------------
                                             -3.750000   data required time
                                             -4.603359   data arrival time
---------------------------------------------------------------------------------------------
                                              8.353359   slack (MET)



%OL_END_REPORT
%OL_CREATE_REPORT max.rpt

===========================================================================
report_checks -path_delay max (Setup)
============================================================================
======================= max_ff_n40C_1v95 Corner ===================================

Startpoint: ui_in[1] (input port clocked by clk)
Endpoint: uo_out[5] (output port clocked by clk)
Path Group: clk
Path Type: max

Fanout         Cap        Slew       Delay        Time   Description
---------------------------------------------------------------------------------------------
                                  0.000000    0.000000   clock clk (rise edge)
                                  0.000000    0.000000   clock network delay (propagated)
                                  4.000000    4.000000 v input external delay
     1    0.003560    0.005828    0.003011    4.003011 v ui_in[1] (in)
                                                         ui_in[1] (net)
                      0.005836    0.000000    4.003011 v input2/A (sky130_fd_sc_hd__clkdlybuf4s25_1)
     8    0.033965    0.174766    0.264184    4.267196 v input2/X (sky130_fd_sc_hd__clkdlybuf4s25_1)
                                                         net2 (net)
                      0.174828    0.003054    4.270249 v _074_/A (sky130_fd_sc_hd__xnor2_2)
     6    0.024923    0.106239    0.185715    4.455964 v _074_/Y (sky130_fd_sc_hd__xnor2_2)
                                                         _012_ (net)
                      0.106259    0.001135    4.457098 v _086_/B (sky130_fd_sc_hd__or2_2)
     3    0.013502    0.057626    0.212056    4.669154 v _086_/X (sky130_fd_sc_hd__or2_2)
                                                         _024_ (net)
                      0.057628    0.000450    4.669604 v _087_/A3 (sky130_fd_sc_hd__a31o_2)
     1    0.001987    0.025893    0.155560    4.825164 v _087_/X (sky130_fd_sc_hd__a31o_2)
                                                         _025_ (net)
                      0.025893    0.000127    4.825292 v _088_/D (sky130_fd_sc_hd__or4_2)
     2    0.045785    0.152293    0.413602    5.238893 v _088_/X (sky130_fd_sc_hd__or4_2)
                                                         uo_out[1] (net)
                      0.152379    0.003188    5.242081 v _123_/B (sky130_fd_sc_hd__or2_2)
     1    0.004740    0.041430    0.205973    5.448055 v _123_/X (sky130_fd_sc_hd__or2_2)
                                                         _058_ (net)
                      0.041430    0.000218    5.448273 v _124_/D (sky130_fd_sc_hd__nor4_2)
     1    0.002539    0.126858    0.081335    5.529608 ^ _124_/Y (sky130_fd_sc_hd__nor4_2)
                                                         zero_flag (net)
                      0.126859    0.000183    5.529791 ^ _147_/A (sky130_fd_sc_hd__buf_2)
     1    0.034297    0.127930    0.159567    5.689359 ^ _147_/X (sky130_fd_sc_hd__buf_2)
                                                         uo_out[5] (net)
                      0.128013    0.001894    5.691253 ^ uo_out[5] (out)
                                              5.691253   data arrival time

                                 20.000000   20.000000   clock clk (rise edge)
                                  0.000000   20.000000   clock network delay (propagated)
                                 -0.250000   19.750002   clock uncertainty
                                  0.000000   19.750002   clock reconvergence pessimism
                                 -4.000000   15.750001   output external delay
                                             15.750001   data required time
---------------------------------------------------------------------------------------------
                                             15.750001   data required time
                                             -5.691253   data arrival time
---------------------------------------------------------------------------------------------
                                             10.058749   slack (MET)


Startpoint: ui_in[1] (input port clocked by clk)
Endpoint: uo_out[3] (output port clocked by clk)
Path Group: clk
Path Type: max

Fanout         Cap        Slew       Delay        Time   Description
---------------------------------------------------------------------------------------------
                                  0.000000    0.000000   clock clk (rise edge)
                                  0.000000    0.000000   clock network delay (propagated)
                                  4.000000    4.000000 v input external delay
     1    0.003560    0.005828    0.003011    4.003011 v ui_in[1] (in)
                                                         ui_in[1] (net)
                      0.005836    0.000000    4.003011 v input2/A (sky130_fd_sc_hd__clkdlybuf4s25_1)
     8    0.033965    0.174766    0.264184    4.267196 v input2/X (sky130_fd_sc_hd__clkdlybuf4s25_1)
                                                         net2 (net)
                      0.174828    0.003054    4.270249 v _074_/A (sky130_fd_sc_hd__xnor2_2)
     6    0.024923    0.106239    0.185715    4.455964 v _074_/Y (sky130_fd_sc_hd__xnor2_2)
                                                         _012_ (net)
                      0.106259    0.001135    4.457098 v _086_/B (sky130_fd_sc_hd__or2_2)
     3    0.013502    0.057626    0.212056    4.669154 v _086_/X (sky130_fd_sc_hd__or2_2)
                                                         _024_ (net)
                      0.057645    0.000971    4.670125 v _093_/A2 (sky130_fd_sc_hd__a21o_2)
     3    0.014051    0.044342    0.164792    4.834917 v _093_/X (sky130_fd_sc_hd__a21o_2)
                                                         _030_ (net)
                      0.044369    0.000973    4.835890 v _110_/A2 (sky130_fd_sc_hd__a21o_2)
     2    0.008635    0.035254    0.147881    4.983771 v _110_/X (sky130_fd_sc_hd__a21o_2)
                                                         _046_ (net)
                      0.035262    0.000513    4.984284 v _121_/A2 (sky130_fd_sc_hd__a31o_2)
     2    0.006474    0.034640    0.152480    5.136764 v _121_/X (sky130_fd_sc_hd__a31o_2)
                                                         _057_ (net)
                      0.034640    0.000397    5.137161 v _122_/B (sky130_fd_sc_hd__or2_2)
     1    0.034155    0.092069    0.223937    5.361098 v _122_/X (sky130_fd_sc_hd__or2_2)
                                                         uo_out[3] (net)
                      0.092114    0.001870    5.362968 v uo_out[3] (out)
                                              5.362968   data arrival time

                                 20.000000   20.000000   clock clk (rise edge)
                                  0.000000   20.000000   clock network delay (propagated)
                                 -0.250000   19.750002   clock uncertainty
                                  0.000000   19.750002   clock reconvergence pessimism
                                 -4.000000   15.750001   output external delay
                                             15.750001   data required time
---------------------------------------------------------------------------------------------
                                             15.750001   data required time
                                             -5.362968   data arrival time
---------------------------------------------------------------------------------------------
                                             10.387033   slack (MET)


Startpoint: ui_in[1] (input port clocked by clk)
Endpoint: uo_out[1] (output port clocked by clk)
Path Group: clk
Path Type: max

Fanout         Cap        Slew       Delay        Time   Description
---------------------------------------------------------------------------------------------
                                  0.000000    0.000000   clock clk (rise edge)
                                  0.000000    0.000000   clock network delay (propagated)
                                  4.000000    4.000000 v input external delay
     1    0.003560    0.005828    0.003011    4.003011 v ui_in[1] (in)
                                                         ui_in[1] (net)
                      0.005836    0.000000    4.003011 v input2/A (sky130_fd_sc_hd__clkdlybuf4s25_1)
     8    0.033965    0.174766    0.264184    4.267196 v input2/X (sky130_fd_sc_hd__clkdlybuf4s25_1)
                                                         net2 (net)
                      0.174828    0.003054    4.270249 v _074_/A (sky130_fd_sc_hd__xnor2_2)
     6    0.024923    0.106239    0.185715    4.455964 v _074_/Y (sky130_fd_sc_hd__xnor2_2)
                                                         _012_ (net)
                      0.106259    0.001135    4.457098 v _086_/B (sky130_fd_sc_hd__or2_2)
     3    0.013502    0.057626    0.212056    4.669154 v _086_/X (sky130_fd_sc_hd__or2_2)
                                                         _024_ (net)
                      0.057628    0.000450    4.669604 v _087_/A3 (sky130_fd_sc_hd__a31o_2)
     1    0.001987    0.025893    0.155560    4.825164 v _087_/X (sky130_fd_sc_hd__a31o_2)
                                                         _025_ (net)
                      0.025893    0.000127    4.825292 v _088_/D (sky130_fd_sc_hd__or4_2)
     2    0.045785    0.152293    0.413602    5.238893 v _088_/X (sky130_fd_sc_hd__or4_2)
                                                         uo_out[1] (net)
                      0.152417    0.003723    5.242616 v uo_out[1] (out)
                                              5.242616   data arrival time

                                 20.000000   20.000000   clock clk (rise edge)
                                  0.000000   20.000000   clock network delay (propagated)
                                 -0.250000   19.750002   clock uncertainty
                                  0.000000   19.750002   clock reconvergence pessimism
                                 -4.000000   15.750001   output external delay
                                             15.750001   data required time
---------------------------------------------------------------------------------------------
                                             15.750001   data required time
                                             -5.242616   data arrival time
---------------------------------------------------------------------------------------------
                                             10.507385   slack (MET)


Startpoint: ui_in[1] (input port clocked by clk)
Endpoint: uo_out[4] (output port clocked by clk)
Path Group: clk
Path Type: max

Fanout         Cap        Slew       Delay        Time   Description
---------------------------------------------------------------------------------------------
                                  0.000000    0.000000   clock clk (rise edge)
                                  0.000000    0.000000   clock network delay (propagated)
                                  4.000000    4.000000 v input external delay
     1    0.003560    0.005828    0.003011    4.003011 v ui_in[1] (in)
                                                         ui_in[1] (net)
                      0.005836    0.000000    4.003011 v input2/A (sky130_fd_sc_hd__clkdlybuf4s25_1)
     8    0.033965    0.174766    0.264184    4.267196 v input2/X (sky130_fd_sc_hd__clkdlybuf4s25_1)
                                                         net2 (net)
                      0.174828    0.003054    4.270249 v _074_/A (sky130_fd_sc_hd__xnor2_2)
     6    0.024923    0.106239    0.185715    4.455964 v _074_/Y (sky130_fd_sc_hd__xnor2_2)
                                                         _012_ (net)
                      0.106259    0.001135    4.457098 v _086_/B (sky130_fd_sc_hd__or2_2)
     3    0.013502    0.057626    0.212056    4.669154 v _086_/X (sky130_fd_sc_hd__or2_2)
                                                         _024_ (net)
                      0.057645    0.000971    4.670125 v _093_/A2 (sky130_fd_sc_hd__a21o_2)
     3    0.014051    0.044342    0.164792    4.834917 v _093_/X (sky130_fd_sc_hd__a21o_2)
                                                         _030_ (net)
                      0.044369    0.000973    4.835890 v _110_/A2 (sky130_fd_sc_hd__a21o_2)
     2    0.008635    0.035254    0.147881    4.983771 v _110_/X (sky130_fd_sc_hd__a21o_2)
                                                         _046_ (net)
                      0.035262    0.000524    4.984295 v _126_/B (sky130_fd_sc_hd__nand2_2)
     1    0.003143    0.029311    0.042187    5.026482 ^ _126_/Y (sky130_fd_sc_hd__nand2_2)
                                                         _060_ (net)
                      0.029311    0.000144    5.026626 ^ _127_/B1 (sky130_fd_sc_hd__a22o_2)
     1    0.003999    0.029649    0.068415    5.095041 ^ _127_/X (sky130_fd_sc_hd__a22o_2)
                                                         carry_out (net)
                      0.029650    0.000291    5.095332 ^ _146_/A (sky130_fd_sc_hd__buf_2)
     1    0.034003    0.126974    0.135383    5.230715 ^ _146_/X (sky130_fd_sc_hd__buf_2)
                                                         uo_out[4] (net)
                      0.127014    0.001862    5.232577 ^ uo_out[4] (out)
                                              5.232577   data arrival time

                                 20.000000   20.000000   clock clk (rise edge)
                                  0.000000   20.000000   clock network delay (propagated)
                                 -0.250000   19.750002   clock uncertainty
                                  0.000000   19.750002   clock reconvergence pessimism
                                 -4.000000   15.750001   output external delay
                                             15.750001   data required time
---------------------------------------------------------------------------------------------
                                             15.750001   data required time
                                             -5.232577   data arrival time
---------------------------------------------------------------------------------------------
                                             10.517424   slack (MET)


Startpoint: uio_in[0] (input port clocked by clk)
Endpoint: uo_out[2] (output port clocked by clk)
Path Group: clk
Path Type: max

Fanout         Cap        Slew       Delay        Time   Description
---------------------------------------------------------------------------------------------
                                  0.000000    0.000000   clock clk (rise edge)
                                  0.000000    0.000000   clock network delay (propagated)
                                  4.000000    4.000000 ^ input external delay
     1    0.003557    0.016638    0.009285    4.009285 ^ uio_in[0] (in)
                                                         uio_in[0] (net)
                      0.016640    0.000000    4.009285 ^ input9/A (sky130_fd_sc_hd__clkdlybuf4s25_1)
    10    0.041752    0.314305    0.352137    4.361422 ^ input9/X (sky130_fd_sc_hd__clkdlybuf4s25_1)
                                                         net9 (net)
                      0.314305    0.001068    4.362491 ^ _079_/A_N (sky130_fd_sc_hd__and3b_2)
     3    0.011861    0.045287    0.156499    4.518990 v _079_/X (sky130_fd_sc_hd__and3b_2)
                                                         _017_ (net)
                      0.045299    0.000724    4.519713 v _103_/B1 (sky130_fd_sc_hd__a2bb2o_2)
     1    0.001840    0.028214    0.154357    4.674071 v _103_/X (sky130_fd_sc_hd__a2bb2o_2)
                                                         _040_ (net)
                      0.028214    0.000080    4.674151 v _105_/B (sky130_fd_sc_hd__or4b_2)
     1    0.003096    0.066228    0.352542    5.026693 v _105_/X (sky130_fd_sc_hd__or4b_2)
                                                         _042_ (net)
                      0.066228    0.000208    5.026901 v _106_/A2 (sky130_fd_sc_hd__o21a_2)
     2    0.043570    0.085855    0.196340    5.223241 v _106_/X (sky130_fd_sc_hd__o21a_2)
                                                         uo_out[2] (net)
                      0.086324    0.004786    5.228026 v uo_out[2] (out)
                                              5.228026   data arrival time

                                 20.000000   20.000000   clock clk (rise edge)
                                  0.000000   20.000000   clock network delay (propagated)
                                 -0.250000   19.750002   clock uncertainty
                                  0.000000   19.750002   clock reconvergence pessimism
                                 -4.000000   15.750001   output external delay
                                             15.750001   data required time
---------------------------------------------------------------------------------------------
                                             15.750001   data required time
                                             -5.228026   data arrival time
---------------------------------------------------------------------------------------------
                                             10.521975   slack (MET)


Startpoint: uio_in[2] (input port clocked by clk)
Endpoint: uo_out[0] (output port clocked by clk)
Path Group: clk
Path Type: max

Fanout         Cap        Slew       Delay        Time   Description
---------------------------------------------------------------------------------------------
                                  0.000000    0.000000   clock clk (rise edge)
                                  0.000000    0.000000   clock network delay (propagated)
                                  4.000000    4.000000 ^ input external delay
     1    0.003221    0.015426    0.008399    4.008399 ^ uio_in[2] (in)
                                                         uio_in[2] (net)
                      0.015429    0.000000    4.008399 ^ input11/A (sky130_fd_sc_hd__clkdlybuf4s25_1)
    10    0.042915    0.323091    0.356522    4.364921 ^ input11/X (sky130_fd_sc_hd__clkdlybuf4s25_1)
                                                         net11 (net)
                      0.323117    0.002451    4.367372 ^ _061_/A_N (sky130_fd_sc_hd__and3b_2)
     4    0.017410    0.052287    0.166769    4.534140 v _061_/X (sky130_fd_sc_hd__and3b_2)
                                                         _000_ (net)
                      0.052291    0.000474    4.534614 v _065_/B1 (sky130_fd_sc_hd__o22a_2)
     1    0.003180    0.026749    0.123939    4.658553 v _065_/X (sky130_fd_sc_hd__o22a_2)
                                                         _004_ (net)
                      0.026749    0.000191    4.658744 v _071_/A (sky130_fd_sc_hd__or3_2)
     2    0.044473    0.126842    0.367234    5.025978 v _071_/X (sky130_fd_sc_hd__or3_2)
                                                         uo_out[0] (net)
                      0.127362    0.005616    5.031593 v uo_out[0] (out)
                                              5.031593   data arrival time

                                 20.000000   20.000000   clock clk (rise edge)
                                  0.000000   20.000000   clock network delay (propagated)
                                 -0.250000   19.750002   clock uncertainty
                                  0.000000   19.750002   clock reconvergence pessimism
                                 -4.000000   15.750001   output external delay
                                             15.750001   data required time
---------------------------------------------------------------------------------------------
                                             15.750001   data required time
                                             -5.031593   data arrival time
---------------------------------------------------------------------------------------------
                                             10.718408   slack (MET)



%OL_END_REPORT
%OL_CREATE_REPORT checks.rpt

===========================================================================
report_checks -unconstrained
===========================================================================
======================= max_ff_n40C_1v95 Corner ===================================

Startpoint: ui_in[1] (input port clocked by clk)
Endpoint: uo_out[5] (output port clocked by clk)
Path Group: clk
Path Type: max

Fanout         Cap        Slew       Delay        Time   Description
---------------------------------------------------------------------------------------------
                                  0.000000    0.000000   clock clk (rise edge)
                                  0.000000    0.000000   clock network delay (propagated)
                                  4.000000    4.000000 v input external delay
     1    0.003560    0.005828    0.003011    4.003011 v ui_in[1] (in)
                                                         ui_in[1] (net)
                      0.005836    0.000000    4.003011 v input2/A (sky130_fd_sc_hd__clkdlybuf4s25_1)
     8    0.033965    0.174766    0.264184    4.267196 v input2/X (sky130_fd_sc_hd__clkdlybuf4s25_1)
                                                         net2 (net)
                      0.174828    0.003054    4.270249 v _074_/A (sky130_fd_sc_hd__xnor2_2)
     6    0.024923    0.106239    0.185715    4.455964 v _074_/Y (sky130_fd_sc_hd__xnor2_2)
                                                         _012_ (net)
                      0.106259    0.001135    4.457098 v _086_/B (sky130_fd_sc_hd__or2_2)
     3    0.013502    0.057626    0.212056    4.669154 v _086_/X (sky130_fd_sc_hd__or2_2)
                                                         _024_ (net)
                      0.057628    0.000450    4.669604 v _087_/A3 (sky130_fd_sc_hd__a31o_2)
     1    0.001987    0.025893    0.155560    4.825164 v _087_/X (sky130_fd_sc_hd__a31o_2)
                                                         _025_ (net)
                      0.025893    0.000127    4.825292 v _088_/D (sky130_fd_sc_hd__or4_2)
     2    0.045785    0.152293    0.413602    5.238893 v _088_/X (sky130_fd_sc_hd__or4_2)
                                                         uo_out[1] (net)
                      0.152379    0.003188    5.242081 v _123_/B (sky130_fd_sc_hd__or2_2)
     1    0.004740    0.041430    0.205973    5.448055 v _123_/X (sky130_fd_sc_hd__or2_2)
                                                         _058_ (net)
                      0.041430    0.000218    5.448273 v _124_/D (sky130_fd_sc_hd__nor4_2)
     1    0.002539    0.126858    0.081335    5.529608 ^ _124_/Y (sky130_fd_sc_hd__nor4_2)
                                                         zero_flag (net)
                      0.126859    0.000183    5.529791 ^ _147_/A (sky130_fd_sc_hd__buf_2)
     1    0.034297    0.127930    0.159567    5.689359 ^ _147_/X (sky130_fd_sc_hd__buf_2)
                                                         uo_out[5] (net)
                      0.128013    0.001894    5.691253 ^ uo_out[5] (out)
                                              5.691253   data arrival time

                                 20.000000   20.000000   clock clk (rise edge)
                                  0.000000   20.000000   clock network delay (propagated)
                                 -0.250000   19.750002   clock uncertainty
                                  0.000000   19.750002   clock reconvergence pessimism
                                 -4.000000   15.750001   output external delay
                                             15.750001   data required time
---------------------------------------------------------------------------------------------
                                             15.750001   data required time
                                             -5.691253   data arrival time
---------------------------------------------------------------------------------------------
                                             10.058749   slack (MET)




===========================================================================
report_checks --slack_max -0.01
============================================================================
======================= max_ff_n40C_1v95 Corner ===================================

No paths found.


===========================================================================
 report_check_types -max_slew -max_cap -max_fanout -violators
============================================================================
======================= max_ff_n40C_1v95 Corner ===================================



===========================================================================
report_parasitic_annotation -report_unannotated
============================================================================
Found 26 unannotated drivers.
 clk
 ena
 rst_n
 uio_in[3]
 uio_in[4]
 uio_in[5]
 uio_in[6]
 uio_in[7]
 tt_um_josue_olivos_alu/HI
 tt_um_josue_olivos_alu_12/HI
 tt_um_josue_olivos_alu_13/HI
 tt_um_josue_olivos_alu_14/HI
 tt_um_josue_olivos_alu_15/HI
 tt_um_josue_olivos_alu_16/HI
 tt_um_josue_olivos_alu_17/HI
 tt_um_josue_olivos_alu_18/HI
 tt_um_josue_olivos_alu_19/HI
 tt_um_josue_olivos_alu_20/HI
 tt_um_josue_olivos_alu_21/HI
 tt_um_josue_olivos_alu_22/HI
 tt_um_josue_olivos_alu_23/HI
 tt_um_josue_olivos_alu_24/HI
 tt_um_josue_olivos_alu_25/HI
 tt_um_josue_olivos_alu_26/HI
 tt_um_josue_olivos_alu_27/HI
 tt_um_josue_olivos_alu_28/HI
Found 0 partially unannotated drivers.

===========================================================================
max slew violation count 0
%OL_METRIC_I design__max_slew_violation__count__corner:max_ff_n40C_1v95 0
max fanout violation count 0
%OL_METRIC_I design__max_fanout_violation__count__corner:max_ff_n40C_1v95 0
max cap violation count 0
%OL_METRIC_I design__max_cap_violation__count__corner:max_ff_n40C_1v95 0
============================================================================

===========================================================================
check_setup -verbose -unconstrained_endpoints -multiple_clock -no_clock -no_input_delay -loops -generated_clocks
===========================================================================
%OL_END_REPORT
%OL_CREATE_REPORT power.rpt

===========================================================================
 report_power
============================================================================
======================= max_ff_n40C_1v95 Corner ===================================

Group                    Internal    Switching      Leakage        Total
                            Power        Power        Power        Power (Watts)
------------------------------------------------------------------------
Sequential           0.000000e+00 0.000000e+00 0.000000e+00 0.000000e+00   0.0%
Combinational        9.430722e-06 1.405951e-05 8.313050e-10 2.349107e-05  99.9%
Clock                0.000000e+00 0.000000e+00 1.522847e-08 1.522847e-08   0.1%
Macro                0.000000e+00 0.000000e+00 0.000000e+00 0.000000e+00   0.0%
Pad                  0.000000e+00 0.000000e+00 0.000000e+00 0.000000e+00   0.0%
------------------------------------------------------------------------
Total                9.430722e-06 1.405951e-05 1.605978e-08 2.350629e-05 100.0%
                            40.1%        59.8%         0.1%
%OL_METRIC_F power__internal__total 9.430721547687426e-6
%OL_METRIC_F power__switching__total 1.4059512977837585e-5
%OL_METRIC_F power__leakage__total 1.6059782836919112e-8
%OL_METRIC_F power__total 2.3506294382968917e-5

%OL_END_REPORT
%OL_CREATE_REPORT skew.min.rpt

===========================================================================
Clock Skew (Hold)
============================================================================
%OL_METRIC_F clock__skew__worst_hold__corner:max_ff_n40C_1v95 0.0
======================= max_ff_n40C_1v95 Corner ===================================

Clock clk
No launch/capture paths found.

%OL_END_REPORT
%OL_CREATE_REPORT skew.max.rpt

===========================================================================
Clock Skew (Setup)
============================================================================
%OL_METRIC_F clock__skew__worst_setup__corner:max_ff_n40C_1v95 0.0
======================= max_ff_n40C_1v95 Corner ===================================

Clock clk
No launch/capture paths found.

%OL_END_REPORT
%OL_CREATE_REPORT ws.min.rpt

===========================================================================
Worst Slack (Hold)
============================================================================
%OL_METRIC_F timing__hold__ws__corner:max_ff_n40C_1v95 8.264866358564966
max_ff_n40C_1v95: 8.264866358564966
%OL_END_REPORT
%OL_CREATE_REPORT ws.max.rpt

===========================================================================
Worst Slack (Setup)
============================================================================
%OL_METRIC_F timing__setup__ws__corner:max_ff_n40C_1v95 10.0587487852772
max_ff_n40C_1v95: 10.0587487852772
%OL_END_REPORT
%OL_CREATE_REPORT tns.min.rpt

===========================================================================
Total Negative Slack (Hold)
============================================================================
%OL_METRIC_F timing__hold__tns__corner:max_ff_n40C_1v95 0.0
max_ff_n40C_1v95: 0.0
%OL_END_REPORT
%OL_CREATE_REPORT tns.max.rpt

===========================================================================
Total Negative Slack (Setup)
============================================================================
%OL_METRIC_F timing__setup__tns__corner:max_ff_n40C_1v95 0.0
max_ff_n40C_1v95: 0.0
%OL_END_REPORT
%OL_CREATE_REPORT wns.min.rpt

===========================================================================
Worst Negative Slack (Hold)
============================================================================
%OL_METRIC_F timing__hold__wns__corner:max_ff_n40C_1v95 0
max_ff_n40C_1v95: 0
%OL_END_REPORT
%OL_CREATE_REPORT wns.max.rpt

===========================================================================
Worst Negative Slack (Setup)
============================================================================
%OL_METRIC_F timing__setup__wns__corner:max_ff_n40C_1v95 0.0
max_ff_n40C_1v95: 0.0
%OL_END_REPORT
%OL_CREATE_REPORT violator_list.rpt

===========================================================================
Violator List
============================================================================
%OL_METRIC_I timing__hold_vio__count__corner:max_ff_n40C_1v95 0
%OL_METRIC_F timing__hold_r2r__ws__corner:max_ff_n40C_1v95 inf
%OL_METRIC_I timing__hold_r2r_vio__count__corner:max_ff_n40C_1v95 0
%OL_METRIC_I timing__setup_vio__count__corner:max_ff_n40C_1v95 0
%OL_METRIC_F timing__setup_r2r__ws__corner:max_ff_n40C_1v95 inf
%OL_METRIC_I timing__setup_r2r_vio__count__corner:max_ff_n40C_1v95 0
%OL_END_REPORT
%OL_CREATE_REPORT unpropagated.rpt
%OL_END_REPORT
%OL_CREATE_REPORT clock.rpt
Clock: clk
Sources: clk 
Generated: no
Virtual: yes
Propagated: no
Period: 20.000000

===========================================================================
report_clock_properties
============================================================================
Clock                   Period          Waveform
----------------------------------------------------
clk                  20.000000    0.000000 10.000000

===========================================================================
report_clock_latency
============================================================================
Clock clk


===========================================================================
report_clock_min_period
============================================================================
clk period_min = 0.00 fmax = inf
%OL_END_REPORT
Writing SDF files for all corners…
Removing Clock latencies before writing libs…
Writing timing models for all corners…
Writing timing models for the max_ff_n40C_1v95 corner to /home/jo2022/ttsky-verilog-template/runs/wokwi/55-openroad-stapostpnr/max_ff_n40C_1v95/tt_um_josue_olivos_alu__max_ff_n40C_1v95.lib…
