
===========================================================================
report_checks -unconstrained
===========================================================================
======================= nom_tt_025C_1v80 Corner ===================================

Startpoint: ui_in[1] (input port clocked by clk)
Endpoint: uo_out[5] (output port clocked by clk)
Path Group: clk
Path Type: max

Fanout         Cap        Slew       Delay        Time   Description
---------------------------------------------------------------------------------------------
                                  0.000000    0.000000   clock clk (rise edge)
                                  0.000000    0.000000   clock network delay (propagated)
                                  4.000000    4.000000 v input external delay
     1    0.002632    0.008244    0.004130    4.004129 v ui_in[1] (in)
                                                         ui_in[1] (net)
                      0.008244    0.000000    4.004129 v input2/A (sky130_fd_sc_hd__clkdlybuf4s25_1)
     8    0.028079    0.211425    0.366711    4.370841 v input2/X (sky130_fd_sc_hd__clkdlybuf4s25_1)
                                                         net2 (net)
                      0.211425    0.000228    4.371069 v _074_/A (sky130_fd_sc_hd__xnor2_2)
     6    0.022578    0.133949    0.261001    4.632071 v _074_/Y (sky130_fd_sc_hd__xnor2_2)
                                                         _012_ (net)
                      0.133949    0.000048    4.632119 v _086_/B (sky130_fd_sc_hd__or2_2)
     3    0.011075    0.078188    0.338905    4.971024 v _086_/X (sky130_fd_sc_hd__or2_2)
                                                         _024_ (net)
                      0.078188    0.000030    4.971054 v _087_/A3 (sky130_fd_sc_hd__a31o_2)
     1    0.001599    0.033712    0.243705    5.214759 v _087_/X (sky130_fd_sc_hd__a31o_2)
                                                         _025_ (net)
                      0.033712    0.000003    5.214762 v _088_/D (sky130_fd_sc_hd__or4_2)
     2    0.039361    0.209137    0.705090    5.919852 v _088_/X (sky130_fd_sc_hd__or4_2)
                                                         uo_out[1] (net)
                      0.209137    0.000707    5.920559 v _123_/B (sky130_fd_sc_hd__or2_2)
     1    0.004336    0.060831    0.340700    6.261259 v _123_/X (sky130_fd_sc_hd__or2_2)
                                                         _058_ (net)
                      0.060831    0.000007    6.261266 v _124_/D (sky130_fd_sc_hd__nor4_2)
     1    0.002369    0.176995    0.121226    6.382492 ^ _124_/Y (sky130_fd_sc_hd__nor4_2)
                                                         zero_flag (net)
                      0.176995    0.000006    6.382498 ^ _147_/A (sky130_fd_sc_hd__buf_2)
     1    0.034012    0.169370    0.240910    6.623408 ^ _147_/X (sky130_fd_sc_hd__buf_2)
                                                         uo_out[5] (net)
                      0.169370    0.000123    6.623531 ^ uo_out[5] (out)
                                              6.623531   data arrival time

                                 20.000000   20.000000   clock clk (rise edge)
                                  0.000000   20.000000   clock network delay (propagated)
                                 -0.250000   19.750002   clock uncertainty
                                  0.000000   19.750002   clock reconvergence pessimism
                                 -4.000000   15.750001   output external delay
                                             15.750001   data required time
---------------------------------------------------------------------------------------------
                                             15.750001   data required time
                                             -6.623531   data arrival time
---------------------------------------------------------------------------------------------
                                              9.126471   slack (MET)




===========================================================================
report_checks --slack_max -0.01
============================================================================
======================= nom_tt_025C_1v80 Corner ===================================

No paths found.


===========================================================================
 report_check_types -max_slew -max_cap -max_fanout -violators
============================================================================
======================= nom_tt_025C_1v80 Corner ===================================



===========================================================================
report_parasitic_annotation -report_unannotated
============================================================================
Found 26 unannotated drivers.
 clk
 ena
 rst_n
 uio_in[3]
 uio_in[4]
 uio_in[5]
 uio_in[6]
 uio_in[7]
 tt_um_josue_olivos_alu/HI
 tt_um_josue_olivos_alu_12/HI
 tt_um_josue_olivos_alu_13/HI
 tt_um_josue_olivos_alu_14/HI
 tt_um_josue_olivos_alu_15/HI
 tt_um_josue_olivos_alu_16/HI
 tt_um_josue_olivos_alu_17/HI
 tt_um_josue_olivos_alu_18/HI
 tt_um_josue_olivos_alu_19/HI
 tt_um_josue_olivos_alu_20/HI
 tt_um_josue_olivos_alu_21/HI
 tt_um_josue_olivos_alu_22/HI
 tt_um_josue_olivos_alu_23/HI
 tt_um_josue_olivos_alu_24/HI
 tt_um_josue_olivos_alu_25/HI
 tt_um_josue_olivos_alu_26/HI
 tt_um_josue_olivos_alu_27/HI
 tt_um_josue_olivos_alu_28/HI
Found 0 partially unannotated drivers.

===========================================================================
max slew violation count 0
Writing metric design__max_slew_violation__count__corner:nom_tt_025C_1v80: 0
max fanout violation count 0
Writing metric design__max_fanout_violation__count__corner:nom_tt_025C_1v80: 0
max cap violation count 0
Writing metric design__max_cap_violation__count__corner:nom_tt_025C_1v80: 0
============================================================================

===========================================================================
check_setup -verbose -unconstrained_endpoints -multiple_clock -no_clock -no_input_delay -loops -generated_clocks
===========================================================================
