
===========================================================================
report_checks -unconstrained
===========================================================================
======================= min_ff_n40C_1v95 Corner ===================================

Startpoint: ui_in[1] (input port clocked by clk)
Endpoint: uo_out[5] (output port clocked by clk)
Path Group: clk
Path Type: max

Fanout         Cap        Slew       Delay        Time   Description
---------------------------------------------------------------------------------------------
                                  0.000000    0.000000   clock clk (rise edge)
                                  0.000000    0.000000   clock network delay (propagated)
                                  4.000000    4.000000 v input external delay
     1    0.003242    0.005376    0.002649    4.002649 v ui_in[1] (in)
                                                         ui_in[1] (net)
                      0.005376    0.000000    4.002649 v input2/A (sky130_fd_sc_hd__clkdlybuf4s25_1)
     8    0.032118    0.165195    0.258889    4.261539 v input2/X (sky130_fd_sc_hd__clkdlybuf4s25_1)
                                                         net2 (net)
                      0.165196    0.000635    4.262174 v _074_/A (sky130_fd_sc_hd__xnor2_2)
     6    0.024238    0.102689    0.181736    4.443910 v _074_/Y (sky130_fd_sc_hd__xnor2_2)
                                                         _012_ (net)
                      0.102689    0.000191    4.444101 v _086_/B (sky130_fd_sc_hd__or2_2)
     3    0.012715    0.056529    0.208898    4.652999 v _086_/X (sky130_fd_sc_hd__or2_2)
                                                         _024_ (net)
                      0.056529    0.000089    4.653088 v _087_/A3 (sky130_fd_sc_hd__a31o_2)
     1    0.001847    0.025586    0.154663    4.807751 v _087_/X (sky130_fd_sc_hd__a31o_2)
                                                         _025_ (net)
                      0.025586    0.000017    4.807768 v _088_/D (sky130_fd_sc_hd__or4_2)
     2    0.044211    0.149848    0.412224    5.219992 v _088_/X (sky130_fd_sc_hd__or4_2)
                                                         uo_out[1] (net)
                      0.149849    0.000672    5.220665 v _123_/B (sky130_fd_sc_hd__or2_2)
     1    0.004621    0.041193    0.204697    5.425362 v _123_/X (sky130_fd_sc_hd__or2_2)
                                                         _058_ (net)
                      0.041193    0.000031    5.425392 v _124_/D (sky130_fd_sc_hd__nor4_2)
     1    0.002433    0.125359    0.080143    5.505535 ^ _124_/Y (sky130_fd_sc_hd__nor4_2)
                                                         zero_flag (net)
                      0.125359    0.000024    5.505559 ^ _147_/A (sky130_fd_sc_hd__buf_2)
     1    0.034171    0.127734    0.160216    5.665776 ^ _147_/X (sky130_fd_sc_hd__buf_2)
                                                         uo_out[5] (net)
                      0.127734    0.000193    5.665969 ^ uo_out[5] (out)
                                              5.665969   data arrival time

                                 20.000000   20.000000   clock clk (rise edge)
                                  0.000000   20.000000   clock network delay (propagated)
                                 -0.250000   19.750002   clock uncertainty
                                  0.000000   19.750002   clock reconvergence pessimism
                                 -4.000000   15.750001   output external delay
                                             15.750001   data required time
---------------------------------------------------------------------------------------------
                                             15.750001   data required time
                                             -5.665969   data arrival time
---------------------------------------------------------------------------------------------
                                             10.084032   slack (MET)




===========================================================================
report_checks --slack_max -0.01
============================================================================
======================= min_ff_n40C_1v95 Corner ===================================

No paths found.


===========================================================================
 report_check_types -max_slew -max_cap -max_fanout -violators
============================================================================
======================= min_ff_n40C_1v95 Corner ===================================



===========================================================================
report_parasitic_annotation -report_unannotated
============================================================================
Found 26 unannotated drivers.
 clk
 ena
 rst_n
 uio_in[3]
 uio_in[4]
 uio_in[5]
 uio_in[6]
 uio_in[7]
 tt_um_josue_olivos_alu/HI
 tt_um_josue_olivos_alu_12/HI
 tt_um_josue_olivos_alu_13/HI
 tt_um_josue_olivos_alu_14/HI
 tt_um_josue_olivos_alu_15/HI
 tt_um_josue_olivos_alu_16/HI
 tt_um_josue_olivos_alu_17/HI
 tt_um_josue_olivos_alu_18/HI
 tt_um_josue_olivos_alu_19/HI
 tt_um_josue_olivos_alu_20/HI
 tt_um_josue_olivos_alu_21/HI
 tt_um_josue_olivos_alu_22/HI
 tt_um_josue_olivos_alu_23/HI
 tt_um_josue_olivos_alu_24/HI
 tt_um_josue_olivos_alu_25/HI
 tt_um_josue_olivos_alu_26/HI
 tt_um_josue_olivos_alu_27/HI
 tt_um_josue_olivos_alu_28/HI
Found 0 partially unannotated drivers.

===========================================================================
max slew violation count 0
max fanout violation count 0
max cap violation count 0
============================================================================

===========================================================================
check_setup -verbose -unconstrained_endpoints -multiple_clock -no_clock -no_input_delay -loops -generated_clocks
===========================================================================
