
===========================================================================
report_checks -path_delay min (Hold)
============================================================================
======================= min_ff_n40C_1v95 Corner ===================================

Startpoint: ui_in[7] (input port clocked by clk)
Endpoint: uo_out[4] (output port clocked by clk)
Path Group: clk
Path Type: min

Fanout         Cap        Slew       Delay        Time   Description
---------------------------------------------------------------------------------------------
                                  0.000000    0.000000   clock clk (rise edge)
                                  0.000000    0.000000   clock network delay (propagated)
                                  4.000000    4.000000 v input external delay
     1    0.004051    0.006592    0.003356    4.003356 v ui_in[7] (in)
                                                         ui_in[7] (net)
                      0.006592    0.000000    4.003356 v input8/A (sky130_fd_sc_hd__clkdlybuf4s25_1)
     4    0.014140    0.078916    0.193178    4.196534 v input8/X (sky130_fd_sc_hd__clkdlybuf4s25_1)
                                                         net8 (net)
                      0.078916    0.000338    4.196872 v _108_/B (sky130_fd_sc_hd__nand2_2)
     2    0.010255    0.057139    0.079058    4.275930 ^ _108_/Y (sky130_fd_sc_hd__nand2_2)
                                                         _044_ (net)
                      0.057139    0.000127    4.276058 ^ _126_/A (sky130_fd_sc_hd__nand2_2)
     1    0.002769    0.016816    0.023445    4.299503 v _126_/Y (sky130_fd_sc_hd__nand2_2)
                                                         _060_ (net)
                      0.016816    0.000016    4.299519 v _127_/B1 (sky130_fd_sc_hd__a22o_2)
     1    0.003479    0.022838    0.090758    4.390277 v _127_/X (sky130_fd_sc_hd__a22o_2)
                                                         carry_out (net)
                      0.022838    0.000048    4.390324 v _146_/A (sky130_fd_sc_hd__buf_2)
     1    0.033915    0.062061    0.114267    4.504591 v _146_/X (sky130_fd_sc_hd__buf_2)
                                                         uo_out[4] (net)
                      0.062061    0.000181    4.504772 v uo_out[4] (out)
                                              4.504772   data arrival time

                                  0.000000    0.000000   clock clk (rise edge)
                                  0.000000    0.000000   clock network delay (propagated)
                                  0.250000    0.250000   clock uncertainty
                                  0.000000    0.250000   clock reconvergence pessimism
                                 -4.000000   -3.750000   output external delay
                                             -3.750000   data required time
---------------------------------------------------------------------------------------------
                                             -3.750000   data required time
                                             -4.504772   data arrival time
---------------------------------------------------------------------------------------------
                                              8.254772   slack (MET)


Startpoint: ui_in[0] (input port clocked by clk)
Endpoint: uo_out[0] (output port clocked by clk)
Path Group: clk
Path Type: min

Fanout         Cap        Slew       Delay        Time   Description
---------------------------------------------------------------------------------------------
                                  0.000000    0.000000   clock clk (rise edge)
                                  0.000000    0.000000   clock network delay (propagated)
                                  4.000000    4.000000 v input external delay
     1    0.002828    0.004772    0.002284    4.002284 v ui_in[0] (in)
                                                         ui_in[0] (net)
                      0.004772    0.000000    4.002284 v input1/A (sky130_fd_sc_hd__clkdlybuf4s25_1)
     7    0.028330    0.146651    0.245004    4.247287 v input1/X (sky130_fd_sc_hd__clkdlybuf4s25_1)
                                                         net1 (net)
                      0.146651    0.000461    4.247748 v _070_/A (sky130_fd_sc_hd__nor2_2)
     1    0.003388    0.052227    0.103994    4.351742 ^ _070_/Y (sky130_fd_sc_hd__nor2_2)
                                                         _009_ (net)
                      0.052227    0.000045    4.351787 ^ _071_/C (sky130_fd_sc_hd__or3_2)
     2    0.043073    0.161661    0.171879    4.523665 ^ _071_/X (sky130_fd_sc_hd__or3_2)
                                                         uo_out[0] (net)
                      0.161694    0.001928    4.525593 ^ uo_out[0] (out)
                                              4.525593   data arrival time

                                  0.000000    0.000000   clock clk (rise edge)
                                  0.000000    0.000000   clock network delay (propagated)
                                  0.250000    0.250000   clock uncertainty
                                  0.000000    0.250000   clock reconvergence pessimism
                                 -4.000000   -3.750000   output external delay
                                             -3.750000   data required time
---------------------------------------------------------------------------------------------
                                             -3.750000   data required time
                                             -4.525593   data arrival time
---------------------------------------------------------------------------------------------
                                              8.275593   slack (MET)


Startpoint: ui_in[5] (input port clocked by clk)
Endpoint: uo_out[1] (output port clocked by clk)
Path Group: clk
Path Type: min

Fanout         Cap        Slew       Delay        Time   Description
---------------------------------------------------------------------------------------------
                                  0.000000    0.000000   clock clk (rise edge)
                                  0.000000    0.000000   clock network delay (propagated)
                                  4.000000    4.000000 ^ input external delay
     1    0.003523    0.016510    0.009115    4.009115 ^ ui_in[5] (in)
                                                         ui_in[5] (net)
                      0.016510    0.000000    4.009115 ^ input6/A (sky130_fd_sc_hd__clkdlybuf4s25_1)
     5    0.023377    0.179748    0.258908    4.268023 ^ input6/X (sky130_fd_sc_hd__clkdlybuf4s25_1)
                                                         net6 (net)
                      0.179748    0.000270    4.268292 ^ _077_/A2 (sky130_fd_sc_hd__a31o_2)
     1    0.002227    0.018632    0.101867    4.370160 ^ _077_/X (sky130_fd_sc_hd__a31o_2)
                                                         _015_ (net)
                      0.018632    0.000021    4.370181 ^ _088_/A (sky130_fd_sc_hd__or4_2)
     2    0.044403    0.166644    0.170694    4.540874 ^ _088_/X (sky130_fd_sc_hd__or4_2)
                                                         uo_out[1] (net)
                      0.166648    0.000736    4.541610 ^ uo_out[1] (out)
                                              4.541610   data arrival time

                                  0.000000    0.000000   clock clk (rise edge)
                                  0.000000    0.000000   clock network delay (propagated)
                                  0.250000    0.250000   clock uncertainty
                                  0.000000    0.250000   clock reconvergence pessimism
                                 -4.000000   -3.750000   output external delay
                                             -3.750000   data required time
---------------------------------------------------------------------------------------------
                                             -3.750000   data required time
                                             -4.541610   data arrival time
---------------------------------------------------------------------------------------------
                                              8.291611   slack (MET)


Startpoint: ui_in[6] (input port clocked by clk)
Endpoint: uo_out[5] (output port clocked by clk)
Path Group: clk
Path Type: min

Fanout         Cap        Slew       Delay        Time   Description
---------------------------------------------------------------------------------------------
                                  0.000000    0.000000   clock clk (rise edge)
                                  0.000000    0.000000   clock network delay (propagated)
                                  4.000000    4.000000 ^ input external delay
     1    0.003760    0.017368    0.009744    4.009744 ^ ui_in[6] (in)
                                                         ui_in[6] (net)
                      0.017368    0.000000    4.009744 ^ input7/A (sky130_fd_sc_hd__clkdlybuf4s25_1)
     4    0.016598    0.130454    0.224591    4.234335 ^ input7/X (sky130_fd_sc_hd__clkdlybuf4s25_1)
                                                         net7 (net)
                      0.130454    0.000555    4.234890 ^ _091_/B (sky130_fd_sc_hd__nand2_2)
     3    0.013237    0.053413    0.061376    4.296266 v _091_/Y (sky130_fd_sc_hd__nand2_2)
                                                         _028_ (net)
                      0.053429    0.000173    4.296439 v _111_/A (sky130_fd_sc_hd__nand3_2)
     1    0.003582    0.028864    0.045541    4.341980 ^ _111_/Y (sky130_fd_sc_hd__nand3_2)
                                                         _047_ (net)
                      0.028864    0.000046    4.342026 ^ _121_/A3 (sky130_fd_sc_hd__a31o_2)
     2    0.007189    0.037664    0.097892    4.439918 ^ _121_/X (sky130_fd_sc_hd__a31o_2)
                                                         _057_ (net)
                      0.037664    0.000066    4.439984 ^ _124_/C (sky130_fd_sc_hd__nor4_2)
     1    0.002274    0.013927    0.024448    4.464432 v _124_/Y (sky130_fd_sc_hd__nor4_2)
                                                         zero_flag (net)
                      0.013927    0.000023    4.464454 v _147_/A (sky130_fd_sc_hd__buf_2)
     1    0.034171    0.062386    0.111429    4.575883 v _147_/X (sky130_fd_sc_hd__buf_2)
                                                         uo_out[5] (net)
                      0.062386    0.000193    4.576076 v uo_out[5] (out)
                                              4.576076   data arrival time

                                  0.000000    0.000000   clock clk (rise edge)
                                  0.000000    0.000000   clock network delay (propagated)
                                  0.250000    0.250000   clock uncertainty
                                  0.000000    0.250000   clock reconvergence pessimism
                                 -4.000000   -3.750000   output external delay
                                             -3.750000   data required time
---------------------------------------------------------------------------------------------
                                             -3.750000   data required time
                                             -4.576076   data arrival time
---------------------------------------------------------------------------------------------
                                              8.326077   slack (MET)


Startpoint: ui_in[5] (input port clocked by clk)
Endpoint: uo_out[2] (output port clocked by clk)
Path Group: clk
Path Type: min

Fanout         Cap        Slew       Delay        Time   Description
---------------------------------------------------------------------------------------------
                                  0.000000    0.000000   clock clk (rise edge)
                                  0.000000    0.000000   clock network delay (propagated)
                                  4.000000    4.000000 ^ input external delay
     1    0.003523    0.016510    0.009115    4.009115 ^ ui_in[5] (in)
                                                         ui_in[5] (net)
                      0.016510    0.000000    4.009115 ^ input6/A (sky130_fd_sc_hd__clkdlybuf4s25_1)
     5    0.023377    0.179748    0.258908    4.268023 ^ input6/X (sky130_fd_sc_hd__clkdlybuf4s25_1)
                                                         net6 (net)
                      0.179748    0.000481    4.268503 ^ _073_/B (sky130_fd_sc_hd__nand2_2)
     2    0.007668    0.047511    0.045198    4.313701 v _073_/Y (sky130_fd_sc_hd__nand2_2)
                                                         _011_ (net)
                      0.047511    0.000079    4.313779 v _094_/A (sky130_fd_sc_hd__nand3_2)
     1    0.002888    0.026282    0.041210    4.354989 ^ _094_/Y (sky130_fd_sc_hd__nand3_2)
                                                         _031_ (net)
                      0.026282    0.000014    4.355003 ^ _095_/A2 (sky130_fd_sc_hd__a21bo_2)
     1    0.002990    0.021795    0.070279    4.425282 ^ _095_/X (sky130_fd_sc_hd__a21bo_2)
                                                         _032_ (net)
                      0.021795    0.000015    4.425297 ^ _106_/B1 (sky130_fd_sc_hd__o21a_2)
     2    0.042887    0.169079    0.159855    4.585152 ^ _106_/X (sky130_fd_sc_hd__o21a_2)
                                                         uo_out[2] (net)
                      0.169095    0.001377    4.586529 ^ uo_out[2] (out)
                                              4.586529   data arrival time

                                  0.000000    0.000000   clock clk (rise edge)
                                  0.000000    0.000000   clock network delay (propagated)
                                  0.250000    0.250000   clock uncertainty
                                  0.000000    0.250000   clock reconvergence pessimism
                                 -4.000000   -3.750000   output external delay
                                             -3.750000   data required time
---------------------------------------------------------------------------------------------
                                             -3.750000   data required time
                                             -4.586529   data arrival time
---------------------------------------------------------------------------------------------
                                              8.336529   slack (MET)


Startpoint: ui_in[6] (input port clocked by clk)
Endpoint: uo_out[3] (output port clocked by clk)
Path Group: clk
Path Type: min

Fanout         Cap        Slew       Delay        Time   Description
---------------------------------------------------------------------------------------------
                                  0.000000    0.000000   clock clk (rise edge)
                                  0.000000    0.000000   clock network delay (propagated)
                                  4.000000    4.000000 ^ input external delay
     1    0.003760    0.017368    0.009744    4.009744 ^ ui_in[6] (in)
                                                         ui_in[6] (net)
                      0.017368    0.000000    4.009744 ^ input7/A (sky130_fd_sc_hd__clkdlybuf4s25_1)
     4    0.016598    0.130454    0.224591    4.234335 ^ input7/X (sky130_fd_sc_hd__clkdlybuf4s25_1)
                                                         net7 (net)
                      0.130454    0.000555    4.234890 ^ _091_/B (sky130_fd_sc_hd__nand2_2)
     3    0.013237    0.053413    0.061376    4.296266 v _091_/Y (sky130_fd_sc_hd__nand2_2)
                                                         _028_ (net)
                      0.053429    0.000173    4.296439 v _111_/A (sky130_fd_sc_hd__nand3_2)
     1    0.003582    0.028864    0.045541    4.341980 ^ _111_/Y (sky130_fd_sc_hd__nand3_2)
                                                         _047_ (net)
                      0.028864    0.000046    4.342026 ^ _121_/A3 (sky130_fd_sc_hd__a31o_2)
     2    0.007189    0.037664    0.097892    4.439918 ^ _121_/X (sky130_fd_sc_hd__a31o_2)
                                                         _057_ (net)
                      0.037664    0.000067    4.439985 ^ _122_/B (sky130_fd_sc_hd__or2_2)
     1    0.034053    0.135475    0.147277    4.587262 ^ _122_/X (sky130_fd_sc_hd__or2_2)
                                                         uo_out[3] (net)
                      0.135514    0.000185    4.587447 ^ uo_out[3] (out)
                                              4.587447   data arrival time

                                  0.000000    0.000000   clock clk (rise edge)
                                  0.000000    0.000000   clock network delay (propagated)
                                  0.250000    0.250000   clock uncertainty
                                  0.000000    0.250000   clock reconvergence pessimism
                                 -4.000000   -3.750000   output external delay
                                             -3.750000   data required time
---------------------------------------------------------------------------------------------
                                             -3.750000   data required time
                                             -4.587447   data arrival time
---------------------------------------------------------------------------------------------
                                              8.337446   slack (MET)



