
===========================================================================
report_checks -unconstrained
===========================================================================
======================= min_tt_025C_1v80 Corner ===================================

Startpoint: ui_in[1] (input port clocked by clk)
Endpoint: uo_out[5] (output port clocked by clk)
Path Group: clk
Path Type: max

Fanout         Cap        Slew       Delay        Time   Description
---------------------------------------------------------------------------------------------
                                  0.000000    0.000000   clock clk (rise edge)
                                  0.000000    0.000000   clock network delay (propagated)
                                  4.000000    4.000000 v input external delay
     1    0.003203    0.009567    0.005098    4.005098 v ui_in[1] (in)
                                                         ui_in[1] (net)
                      0.009567    0.000000    4.005098 v input2/A (sky130_fd_sc_hd__clkdlybuf4s25_1)
     8    0.031763    0.237704    0.386381    4.391479 v input2/X (sky130_fd_sc_hd__clkdlybuf4s25_1)
                                                         net2 (net)
                      0.237704    0.000630    4.392109 v _074_/A (sky130_fd_sc_hd__xnor2_2)
     6    0.024137    0.144118    0.276559    4.668669 v _074_/Y (sky130_fd_sc_hd__xnor2_2)
                                                         _012_ (net)
                      0.144118    0.000189    4.668858 v _086_/B (sky130_fd_sc_hd__or2_2)
     3    0.012690    0.082393    0.349386    5.018244 v _086_/X (sky130_fd_sc_hd__or2_2)
                                                         _024_ (net)
                      0.082393    0.000089    5.018333 v _087_/A3 (sky130_fd_sc_hd__a31o_2)
     1    0.001800    0.033961    0.246508    5.264841 v _087_/X (sky130_fd_sc_hd__a31o_2)
                                                         _025_ (net)
                      0.033961    0.000017    5.264858 v _088_/D (sky130_fd_sc_hd__or4_2)
     2    0.044137    0.219217    0.717843    5.982701 v _088_/X (sky130_fd_sc_hd__or4_2)
                                                         uo_out[1] (net)
                      0.219217    0.000671    5.983372 v _123_/B (sky130_fd_sc_hd__or2_2)
     1    0.004625    0.060552    0.346103    6.329474 v _123_/X (sky130_fd_sc_hd__or2_2)
                                                         _058_ (net)
                      0.060552    0.000031    6.329505 v _124_/D (sky130_fd_sc_hd__nor4_2)
     1    0.002362    0.175875    0.121016    6.450521 ^ _124_/Y (sky130_fd_sc_hd__nor4_2)
                                                         zero_flag (net)
                      0.175875    0.000024    6.450545 ^ _147_/A (sky130_fd_sc_hd__buf_2)
     1    0.034171    0.170120    0.241083    6.691628 ^ _147_/X (sky130_fd_sc_hd__buf_2)
                                                         uo_out[5] (net)
                      0.170120    0.000193    6.691821 ^ uo_out[5] (out)
                                              6.691821   data arrival time

                                 20.000000   20.000000   clock clk (rise edge)
                                  0.000000   20.000000   clock network delay (propagated)
                                 -0.250000   19.750002   clock uncertainty
                                  0.000000   19.750002   clock reconvergence pessimism
                                 -4.000000   15.750001   output external delay
                                             15.750001   data required time
---------------------------------------------------------------------------------------------
                                             15.750001   data required time
                                             -6.691821   data arrival time
---------------------------------------------------------------------------------------------
                                              9.058180   slack (MET)




===========================================================================
report_checks --slack_max -0.01
============================================================================
======================= min_tt_025C_1v80 Corner ===================================

No paths found.


===========================================================================
 report_check_types -max_slew -max_cap -max_fanout -violators
============================================================================
======================= min_tt_025C_1v80 Corner ===================================



===========================================================================
report_parasitic_annotation -report_unannotated
============================================================================
Found 26 unannotated drivers.
 clk
 ena
 rst_n
 uio_in[3]
 uio_in[4]
 uio_in[5]
 uio_in[6]
 uio_in[7]
 tt_um_josue_olivos_alu/HI
 tt_um_josue_olivos_alu_12/HI
 tt_um_josue_olivos_alu_13/HI
 tt_um_josue_olivos_alu_14/HI
 tt_um_josue_olivos_alu_15/HI
 tt_um_josue_olivos_alu_16/HI
 tt_um_josue_olivos_alu_17/HI
 tt_um_josue_olivos_alu_18/HI
 tt_um_josue_olivos_alu_19/HI
 tt_um_josue_olivos_alu_20/HI
 tt_um_josue_olivos_alu_21/HI
 tt_um_josue_olivos_alu_22/HI
 tt_um_josue_olivos_alu_23/HI
 tt_um_josue_olivos_alu_24/HI
 tt_um_josue_olivos_alu_25/HI
 tt_um_josue_olivos_alu_26/HI
 tt_um_josue_olivos_alu_27/HI
 tt_um_josue_olivos_alu_28/HI
Found 0 partially unannotated drivers.

===========================================================================
max slew violation count 0
max fanout violation count 0
max cap violation count 0
============================================================================

===========================================================================
check_setup -verbose -unconstrained_endpoints -multiple_clock -no_clock -no_input_delay -loops -generated_clocks
===========================================================================
