
===========================================================================
report_checks -unconstrained
===========================================================================
======================= nom_tt_025C_1v80 Corner ===================================

Startpoint: ui_in[1] (input port clocked by clk)
Endpoint: uo_out[5] (output port clocked by clk)
Path Group: clk
Path Type: max

Fanout         Cap        Slew       Delay        Time   Description
---------------------------------------------------------------------------------------------
                                  0.000000    0.000000   clock clk (rise edge)
                                  0.000000    0.000000   clock network delay (propagated)
                                  4.000000    4.000000 v input external delay
     1    0.002772    0.008558    0.004394    4.004394 v ui_in[1] (in)
                                                         ui_in[1] (net)
                      0.008558    0.000000    4.004394 v input2/A (sky130_fd_sc_hd__clkdlybuf4s25_1)
     8    0.030418    0.228297    0.378554    4.382948 v input2/X (sky130_fd_sc_hd__clkdlybuf4s25_1)
                                                         net2 (net)
                      0.228300    0.001106    4.384054 v _074_/A (sky130_fd_sc_hd__xnor2_2)
     6    0.024845    0.145245    0.274664    4.658718 v _074_/Y (sky130_fd_sc_hd__xnor2_2)
                                                         _012_ (net)
                      0.145245    0.000393    4.659111 v _086_/B (sky130_fd_sc_hd__or2_2)
     3    0.012129    0.080964    0.347995    5.007106 v _086_/X (sky130_fd_sc_hd__or2_2)
                                                         _024_ (net)
                      0.080964    0.000275    5.007381 v _087_/A3 (sky130_fd_sc_hd__a31o_2)
     1    0.002581    0.035980    0.249879    5.257260 v _087_/X (sky130_fd_sc_hd__a31o_2)
                                                         _025_ (net)
                      0.035980    0.000079    5.257338 v _088_/D (sky130_fd_sc_hd__or4_2)
     2    0.039335    0.209383    0.705148    5.962486 v _088_/X (sky130_fd_sc_hd__or4_2)
                                                         uo_out[1] (net)
                      0.209388    0.001290    5.963776 v _123_/B (sky130_fd_sc_hd__or2_2)
     1    0.004733    0.060814    0.342499    6.306275 v _123_/X (sky130_fd_sc_hd__or2_2)
                                                         _058_ (net)
                      0.060814    0.000116    6.306391 v _124_/D (sky130_fd_sc_hd__nor4_2)
     1    0.002890    0.186258    0.129379    6.435771 ^ _124_/Y (sky130_fd_sc_hd__nor4_2)
                                                         zero_flag (net)
                      0.186258    0.000072    6.435843 ^ _147_/A (sky130_fd_sc_hd__buf_2)
     1    0.034114    0.170000    0.243247    6.679090 ^ _147_/X (sky130_fd_sc_hd__buf_2)
                                                         uo_out[5] (net)
                      0.170002    0.000838    6.679928 ^ uo_out[5] (out)
                                              6.679928   data arrival time

                                 20.000000   20.000000   clock clk (rise edge)
                                  0.000000   20.000000   clock network delay (propagated)
                                 -0.250000   19.750002   clock uncertainty
                                  0.000000   19.750002   clock reconvergence pessimism
                                 -4.000000   15.750001   output external delay
                                             15.750001   data required time
---------------------------------------------------------------------------------------------
                                             15.750001   data required time
                                             -6.679928   data arrival time
---------------------------------------------------------------------------------------------
                                              9.070073   slack (MET)




===========================================================================
report_checks --slack_max -0.01
============================================================================
======================= nom_tt_025C_1v80 Corner ===================================

No paths found.


===========================================================================
 report_check_types -max_slew -max_cap -max_fanout -violators
============================================================================
======================= nom_tt_025C_1v80 Corner ===================================



===========================================================================
report_parasitic_annotation -report_unannotated
============================================================================
Found 26 unannotated drivers.
 clk
 ena
 rst_n
 uio_in[3]
 uio_in[4]
 uio_in[5]
 uio_in[6]
 uio_in[7]
 tt_um_josue_olivos_alu/HI
 tt_um_josue_olivos_alu_12/HI
 tt_um_josue_olivos_alu_13/HI
 tt_um_josue_olivos_alu_14/HI
 tt_um_josue_olivos_alu_15/HI
 tt_um_josue_olivos_alu_16/HI
 tt_um_josue_olivos_alu_17/HI
 tt_um_josue_olivos_alu_18/HI
 tt_um_josue_olivos_alu_19/HI
 tt_um_josue_olivos_alu_20/HI
 tt_um_josue_olivos_alu_21/HI
 tt_um_josue_olivos_alu_22/HI
 tt_um_josue_olivos_alu_23/HI
 tt_um_josue_olivos_alu_24/HI
 tt_um_josue_olivos_alu_25/HI
 tt_um_josue_olivos_alu_26/HI
 tt_um_josue_olivos_alu_27/HI
 tt_um_josue_olivos_alu_28/HI
Found 0 partially unannotated drivers.

===========================================================================
max slew violation count 0
Writing metric design__max_slew_violation__count__corner:nom_tt_025C_1v80: 0
max fanout violation count 0
Writing metric design__max_fanout_violation__count__corner:nom_tt_025C_1v80: 0
max cap violation count 0
Writing metric design__max_cap_violation__count__corner:nom_tt_025C_1v80: 0
============================================================================

===========================================================================
check_setup -verbose -unconstrained_endpoints -multiple_clock -no_clock -no_input_delay -loops -generated_clocks
===========================================================================
