
===========================================================================
report_checks -unconstrained
===========================================================================
======================= nom_tt_025C_1v80 Corner ===================================

Startpoint: ui_in[1] (input port clocked by clk)
Endpoint: uo_out[5] (output port clocked by clk)
Path Group: clk
Path Type: max

Fanout         Cap        Slew       Delay        Time   Description
---------------------------------------------------------------------------------------------
                                  0.000000    0.000000   clock clk (rise edge)
                                  0.000000    0.000000   clock network delay (propagated)
                                  4.000000    4.000000 ^ input external delay
     8    0.030147    0.140902    0.097275    4.097275 ^ ui_in[1] (in)
                                                         ui_in[1] (net)
                      0.140903    0.000000    4.097275 ^ _074_/A (sky130_fd_sc_hd__xnor2_2)
     6    0.022358    0.118360    0.146769    4.244044 v _074_/Y (sky130_fd_sc_hd__xnor2_2)
                                                         _012_ (net)
                      0.118360    0.000049    4.244093 v _086_/B (sky130_fd_sc_hd__or2_2)
     3    0.011248    0.078741    0.333344    4.577437 v _086_/X (sky130_fd_sc_hd__or2_2)
                                                         _024_ (net)
                      0.078741    0.000036    4.577473 v _087_/A3 (sky130_fd_sc_hd__a31o_2)
     1    0.001793    0.034314    0.244930    4.822403 v _087_/X (sky130_fd_sc_hd__a31o_2)
                                                         _025_ (net)
                      0.034314    0.000004    4.822408 v _088_/D (sky130_fd_sc_hd__or4_2)
     2    0.039054    0.208604    0.704427    5.526834 v _088_/X (sky130_fd_sc_hd__or4_2)
                                                         uo_out[1] (net)
                      0.208604    0.000621    5.527455 v _123_/B (sky130_fd_sc_hd__or2_2)
     1    0.004275    0.060662    0.340217    5.867672 v _123_/X (sky130_fd_sc_hd__or2_2)
                                                         _058_ (net)
                      0.060662    0.000006    5.867679 v _124_/D (sky130_fd_sc_hd__nor4_2)
     1    0.002464    0.178992    0.122637    5.990316 ^ _124_/Y (sky130_fd_sc_hd__nor4_2)
                                                         zero_flag (net)
                      0.178992    0.000006    5.990322 ^ _147_/A (sky130_fd_sc_hd__buf_2)
     1    0.033958    0.169115    0.241281    6.231604 ^ _147_/X (sky130_fd_sc_hd__buf_2)
                                                         uo_out[5] (net)
                      0.169115    0.000104    6.231708 ^ uo_out[5] (out)
                                              6.231708   data arrival time

                                 20.000000   20.000000   clock clk (rise edge)
                                  0.000000   20.000000   clock network delay (propagated)
                                 -0.250000   19.750002   clock uncertainty
                                  0.000000   19.750002   clock reconvergence pessimism
                                 -4.000000   15.750001   output external delay
                                             15.750001   data required time
---------------------------------------------------------------------------------------------
                                             15.750001   data required time
                                             -6.231708   data arrival time
---------------------------------------------------------------------------------------------
                                              9.518293   slack (MET)




===========================================================================
report_checks --slack_max -0.01
============================================================================
======================= nom_tt_025C_1v80 Corner ===================================

No paths found.


===========================================================================
 report_check_types -max_slew -max_cap -max_fanout -violators
============================================================================
======================= nom_tt_025C_1v80 Corner ===================================



===========================================================================
report_parasitic_annotation -report_unannotated
============================================================================
Found 26 unannotated drivers.
 clk
 ena
 rst_n
 uio_in[3]
 uio_in[4]
 uio_in[5]
 uio_in[6]
 uio_in[7]
 _128_/HI
 _129_/HI
 _130_/HI
 _131_/HI
 _132_/HI
 _133_/HI
 _134_/HI
 _135_/HI
 _136_/HI
 _137_/HI
 _138_/HI
 _139_/HI
 _140_/HI
 _141_/HI
 _142_/HI
 _143_/HI
 _144_/HI
 _145_/HI
Found 0 partially unannotated drivers.

===========================================================================
max slew violation count 0
Writing metric design__max_slew_violation__count__corner:nom_tt_025C_1v80: 0
max fanout violation count 0
Writing metric design__max_fanout_violation__count__corner:nom_tt_025C_1v80: 0
max cap violation count 0
Writing metric design__max_cap_violation__count__corner:nom_tt_025C_1v80: 0
============================================================================

===========================================================================
check_setup -verbose -unconstrained_endpoints -multiple_clock -no_clock -no_input_delay -loops -generated_clocks
===========================================================================
