
===========================================================================
report_checks -path_delay max (Setup)
============================================================================
======================= nom_tt_025C_1v80 Corner ===================================

Startpoint: ui_in[1] (input port clocked by clk)
Endpoint: uo_out[5] (output port clocked by clk)
Path Group: clk
Path Type: max

Fanout         Cap        Slew       Delay        Time   Description
---------------------------------------------------------------------------------------------
                                  0.000000    0.000000   clock clk (rise edge)
                                  0.000000    0.000000   clock network delay (propagated)
                                  4.000000    4.000000 ^ input external delay
     8    0.030147    0.140902    0.097275    4.097275 ^ ui_in[1] (in)
                                                         ui_in[1] (net)
                      0.140903    0.000000    4.097275 ^ _074_/A (sky130_fd_sc_hd__xnor2_2)
     6    0.022358    0.118360    0.146769    4.244044 v _074_/Y (sky130_fd_sc_hd__xnor2_2)
                                                         _012_ (net)
                      0.118360    0.000049    4.244093 v _086_/B (sky130_fd_sc_hd__or2_2)
     3    0.011248    0.078741    0.333344    4.577437 v _086_/X (sky130_fd_sc_hd__or2_2)
                                                         _024_ (net)
                      0.078741    0.000036    4.577473 v _087_/A3 (sky130_fd_sc_hd__a31o_2)
     1    0.001793    0.034314    0.244930    4.822403 v _087_/X (sky130_fd_sc_hd__a31o_2)
                                                         _025_ (net)
                      0.034314    0.000004    4.822408 v _088_/D (sky130_fd_sc_hd__or4_2)
     2    0.039054    0.208604    0.704427    5.526834 v _088_/X (sky130_fd_sc_hd__or4_2)
                                                         uo_out[1] (net)
                      0.208604    0.000621    5.527455 v _123_/B (sky130_fd_sc_hd__or2_2)
     1    0.004275    0.060662    0.340217    5.867672 v _123_/X (sky130_fd_sc_hd__or2_2)
                                                         _058_ (net)
                      0.060662    0.000006    5.867679 v _124_/D (sky130_fd_sc_hd__nor4_2)
     1    0.002464    0.178992    0.122637    5.990316 ^ _124_/Y (sky130_fd_sc_hd__nor4_2)
                                                         zero_flag (net)
                      0.178992    0.000006    5.990322 ^ _147_/A (sky130_fd_sc_hd__buf_2)
     1    0.033958    0.169115    0.241281    6.231604 ^ _147_/X (sky130_fd_sc_hd__buf_2)
                                                         uo_out[5] (net)
                      0.169115    0.000104    6.231708 ^ uo_out[5] (out)
                                              6.231708   data arrival time

                                 20.000000   20.000000   clock clk (rise edge)
                                  0.000000   20.000000   clock network delay (propagated)
                                 -0.250000   19.750002   clock uncertainty
                                  0.000000   19.750002   clock reconvergence pessimism
                                 -4.000000   15.750001   output external delay
                                             15.750001   data required time
---------------------------------------------------------------------------------------------
                                             15.750001   data required time
                                             -6.231708   data arrival time
---------------------------------------------------------------------------------------------
                                              9.518293   slack (MET)


Startpoint: ui_in[1] (input port clocked by clk)
Endpoint: uo_out[3] (output port clocked by clk)
Path Group: clk
Path Type: max

Fanout         Cap        Slew       Delay        Time   Description
---------------------------------------------------------------------------------------------
                                  0.000000    0.000000   clock clk (rise edge)
                                  0.000000    0.000000   clock network delay (propagated)
                                  4.000000    4.000000 ^ input external delay
     8    0.030147    0.140902    0.097275    4.097275 ^ ui_in[1] (in)
                                                         ui_in[1] (net)
                      0.140903    0.000000    4.097275 ^ _074_/A (sky130_fd_sc_hd__xnor2_2)
     6    0.022358    0.118360    0.146769    4.244044 v _074_/Y (sky130_fd_sc_hd__xnor2_2)
                                                         _012_ (net)
                      0.118360    0.000049    4.244093 v _086_/B (sky130_fd_sc_hd__or2_2)
     3    0.011248    0.078741    0.333344    4.577437 v _086_/X (sky130_fd_sc_hd__or2_2)
                                                         _024_ (net)
                      0.078741    0.000094    4.577531 v _093_/A2 (sky130_fd_sc_hd__a21o_2)
     3    0.011086    0.054657    0.245202    4.822733 v _093_/X (sky130_fd_sc_hd__a21o_2)
                                                         _030_ (net)
                      0.054657    0.000079    4.822812 v _110_/A2 (sky130_fd_sc_hd__a21o_2)
     2    0.006865    0.045126    0.221968    5.044780 v _110_/X (sky130_fd_sc_hd__a21o_2)
                                                         _046_ (net)
                      0.045126    0.000012    5.044792 v _121_/A2 (sky130_fd_sc_hd__a31o_2)
     2    0.005960    0.044466    0.236012    5.280804 v _121_/X (sky130_fd_sc_hd__a31o_2)
                                                         _057_ (net)
                      0.044466    0.000018    5.280822 v _122_/B (sky130_fd_sc_hd__or2_2)
     1    0.033925    0.132616    0.370866    5.651688 v _122_/X (sky130_fd_sc_hd__or2_2)
                                                         uo_out[3] (net)
                      0.132616    0.000099    5.651788 v uo_out[3] (out)
                                              5.651788   data arrival time

                                 20.000000   20.000000   clock clk (rise edge)
                                  0.000000   20.000000   clock network delay (propagated)
                                 -0.250000   19.750002   clock uncertainty
                                  0.000000   19.750002   clock reconvergence pessimism
                                 -4.000000   15.750001   output external delay
                                             15.750001   data required time
---------------------------------------------------------------------------------------------
                                             15.750001   data required time
                                             -5.651788   data arrival time
---------------------------------------------------------------------------------------------
                                             10.098213   slack (MET)


Startpoint: ui_in[1] (input port clocked by clk)
Endpoint: uo_out[1] (output port clocked by clk)
Path Group: clk
Path Type: max

Fanout         Cap        Slew       Delay        Time   Description
---------------------------------------------------------------------------------------------
                                  0.000000    0.000000   clock clk (rise edge)
                                  0.000000    0.000000   clock network delay (propagated)
                                  4.000000    4.000000 ^ input external delay
     8    0.030147    0.140902    0.097275    4.097275 ^ ui_in[1] (in)
                                                         ui_in[1] (net)
                      0.140903    0.000000    4.097275 ^ _074_/A (sky130_fd_sc_hd__xnor2_2)
     6    0.022358    0.118360    0.146769    4.244044 v _074_/Y (sky130_fd_sc_hd__xnor2_2)
                                                         _012_ (net)
                      0.118360    0.000049    4.244093 v _086_/B (sky130_fd_sc_hd__or2_2)
     3    0.011248    0.078741    0.333344    4.577437 v _086_/X (sky130_fd_sc_hd__or2_2)
                                                         _024_ (net)
                      0.078741    0.000036    4.577473 v _087_/A3 (sky130_fd_sc_hd__a31o_2)
     1    0.001793    0.034314    0.244930    4.822403 v _087_/X (sky130_fd_sc_hd__a31o_2)
                                                         _025_ (net)
                      0.034314    0.000004    4.822408 v _088_/D (sky130_fd_sc_hd__or4_2)
     2    0.039054    0.208604    0.704427    5.526834 v _088_/X (sky130_fd_sc_hd__or4_2)
                                                         uo_out[1] (net)
                      0.208604    0.000707    5.527542 v uo_out[1] (out)
                                              5.527542   data arrival time

                                 20.000000   20.000000   clock clk (rise edge)
                                  0.000000   20.000000   clock network delay (propagated)
                                 -0.250000   19.750002   clock uncertainty
                                  0.000000   19.750002   clock reconvergence pessimism
                                 -4.000000   15.750001   output external delay
                                             15.750001   data required time
---------------------------------------------------------------------------------------------
                                             15.750001   data required time
                                             -5.527542   data arrival time
---------------------------------------------------------------------------------------------
                                             10.222459   slack (MET)


Startpoint: uio_in[0] (input port clocked by clk)
Endpoint: uo_out[2] (output port clocked by clk)
Path Group: clk
Path Type: max

Fanout         Cap        Slew       Delay        Time   Description
---------------------------------------------------------------------------------------------
                                  0.000000    0.000000   clock clk (rise edge)
                                  0.000000    0.000000   clock network delay (propagated)
                                  4.000000    4.000000 ^ input external delay
    10    0.034990    0.162490    0.112339    4.112339 ^ uio_in[0] (in)
                                                         uio_in[0] (net)
                      0.162490    0.000000    4.112339 ^ _079_/A_N (sky130_fd_sc_hd__and3b_2)
     3    0.007449    0.048641    0.239973    4.352312 v _079_/X (sky130_fd_sc_hd__and3b_2)
                                                         _017_ (net)
                      0.048641    0.000014    4.352326 v _103_/B1 (sky130_fd_sc_hd__a2bb2o_2)
     1    0.001573    0.039193    0.244489    4.596815 v _103_/X (sky130_fd_sc_hd__a2bb2o_2)
                                                         _040_ (net)
                      0.039193    0.000000    4.596816 v _105_/B (sky130_fd_sc_hd__or4b_2)
     1    0.002611    0.098402    0.619110    5.215926 v _105_/X (sky130_fd_sc_hd__or4b_2)
                                                         _042_ (net)
                      0.098402    0.000005    5.215931 v _106_/A2 (sky130_fd_sc_hd__o21a_2)
     2    0.040665    0.115393    0.301680    5.517611 v _106_/X (sky130_fd_sc_hd__o21a_2)
                                                         uo_out[2] (net)
                      0.115394    0.000590    5.518201 v uo_out[2] (out)
                                              5.518201   data arrival time

                                 20.000000   20.000000   clock clk (rise edge)
                                  0.000000   20.000000   clock network delay (propagated)
                                 -0.250000   19.750002   clock uncertainty
                                  0.000000   19.750002   clock reconvergence pessimism
                                 -4.000000   15.750001   output external delay
                                             15.750001   data required time
---------------------------------------------------------------------------------------------
                                             15.750001   data required time
                                             -5.518201   data arrival time
---------------------------------------------------------------------------------------------
                                             10.231800   slack (MET)


Startpoint: ui_in[1] (input port clocked by clk)
Endpoint: uo_out[4] (output port clocked by clk)
Path Group: clk
Path Type: max

Fanout         Cap        Slew       Delay        Time   Description
---------------------------------------------------------------------------------------------
                                  0.000000    0.000000   clock clk (rise edge)
                                  0.000000    0.000000   clock network delay (propagated)
                                  4.000000    4.000000 ^ input external delay
     8    0.030147    0.140902    0.097275    4.097275 ^ ui_in[1] (in)
                                                         ui_in[1] (net)
                      0.140903    0.000000    4.097275 ^ _074_/A (sky130_fd_sc_hd__xnor2_2)
     6    0.022358    0.118360    0.146769    4.244044 v _074_/Y (sky130_fd_sc_hd__xnor2_2)
                                                         _012_ (net)
                      0.118360    0.000049    4.244093 v _086_/B (sky130_fd_sc_hd__or2_2)
     3    0.011248    0.078741    0.333344    4.577437 v _086_/X (sky130_fd_sc_hd__or2_2)
                                                         _024_ (net)
                      0.078741    0.000094    4.577531 v _093_/A2 (sky130_fd_sc_hd__a21o_2)
     3    0.011086    0.054657    0.245202    4.822733 v _093_/X (sky130_fd_sc_hd__a21o_2)
                                                         _030_ (net)
                      0.054657    0.000079    4.822812 v _110_/A2 (sky130_fd_sc_hd__a21o_2)
     2    0.006865    0.045126    0.221968    5.044780 v _110_/X (sky130_fd_sc_hd__a21o_2)
                                                         _046_ (net)
                      0.045126    0.000015    5.044795 v _126_/B (sky130_fd_sc_hd__nand2_2)
     1    0.002573    0.035365    0.055812    5.100607 ^ _126_/Y (sky130_fd_sc_hd__nand2_2)
                                                         _060_ (net)
                      0.035365    0.000000    5.100608 ^ _127_/B1 (sky130_fd_sc_hd__a22o_2)
     1    0.002944    0.037731    0.112082    5.212690 ^ _127_/X (sky130_fd_sc_hd__a22o_2)
                                                         carry_out (net)
                      0.037731    0.000013    5.212703 ^ _146_/A (sky130_fd_sc_hd__buf_2)
     1    0.033895    0.168362    0.194341    5.407045 ^ _146_/X (sky130_fd_sc_hd__buf_2)
                                                         uo_out[4] (net)
                      0.168362    0.000096    5.407141 ^ uo_out[4] (out)
                                              5.407141   data arrival time

                                 20.000000   20.000000   clock clk (rise edge)
                                  0.000000   20.000000   clock network delay (propagated)
                                 -0.250000   19.750002   clock uncertainty
                                  0.000000   19.750002   clock reconvergence pessimism
                                 -4.000000   15.750001   output external delay
                                             15.750001   data required time
---------------------------------------------------------------------------------------------
                                             15.750001   data required time
                                             -5.407141   data arrival time
---------------------------------------------------------------------------------------------
                                             10.342859   slack (MET)


Startpoint: uio_in[2] (input port clocked by clk)
Endpoint: uo_out[0] (output port clocked by clk)
Path Group: clk
Path Type: max

Fanout         Cap        Slew       Delay        Time   Description
---------------------------------------------------------------------------------------------
                                  0.000000    0.000000   clock clk (rise edge)
                                  0.000000    0.000000   clock network delay (propagated)
                                  4.000000    4.000000 ^ input external delay
    10    0.037311    0.172691    0.119500    4.119500 ^ uio_in[2] (in)
                                                         uio_in[2] (net)
                      0.172691    0.000000    4.119500 ^ _061_/A_N (sky130_fd_sc_hd__and3b_2)
     4    0.014056    0.063241    0.261682    4.381182 v _061_/X (sky130_fd_sc_hd__and3b_2)
                                                         _000_ (net)
                      0.063241    0.000022    4.381204 v _065_/B1 (sky130_fd_sc_hd__o22a_2)
     1    0.001570    0.032384    0.192033    4.573237 v _065_/X (sky130_fd_sc_hd__o22a_2)
                                                         _004_ (net)
                      0.032384    0.000000    4.573238 v _071_/A (sky130_fd_sc_hd__or3_2)
     2    0.038174    0.170514    0.606644    5.179883 v _071_/X (sky130_fd_sc_hd__or3_2)
                                                         uo_out[0] (net)
                      0.170514    0.000510    5.180392 v uo_out[0] (out)
                                              5.180392   data arrival time

                                 20.000000   20.000000   clock clk (rise edge)
                                  0.000000   20.000000   clock network delay (propagated)
                                 -0.250000   19.750002   clock uncertainty
                                  0.000000   19.750002   clock reconvergence pessimism
                                 -4.000000   15.750001   output external delay
                                             15.750001   data required time
---------------------------------------------------------------------------------------------
                                             15.750001   data required time
                                             -5.180392   data arrival time
---------------------------------------------------------------------------------------------
                                             10.569609   slack (MET)



