
===========================================================================
report_checks -unconstrained
===========================================================================
======================= max_tt_025C_1v80 Corner ===================================

Startpoint: ui_in[1] (input port clocked by clk)
Endpoint: uo_out[5] (output port clocked by clk)
Path Group: clk
Path Type: max

Fanout         Cap        Slew       Delay        Time   Description
---------------------------------------------------------------------------------------------
                                  0.000000    0.000000   clock clk (rise edge)
                                  0.000000    0.000000   clock network delay (propagated)
                                  4.000000    4.000000 v input external delay
     1    0.003521    0.010290    0.005712    4.005712 v ui_in[1] (in)
                                                         ui_in[1] (net)
                      0.010294    0.000000    4.005712 v input2/A (sky130_fd_sc_hd__clkdlybuf4s25_1)
     8    0.033610    0.251395    0.394820    4.400532 v input2/X (sky130_fd_sc_hd__clkdlybuf4s25_1)
                                                         net2 (net)
                      0.251432    0.003030    4.403562 v _074_/A (sky130_fd_sc_hd__xnor2_2)
     6    0.024822    0.148915    0.283644    4.687206 v _074_/Y (sky130_fd_sc_hd__xnor2_2)
                                                         _012_ (net)
                      0.148921    0.001128    4.688334 v _086_/B (sky130_fd_sc_hd__or2_2)
     3    0.013477    0.083952    0.353356    5.041690 v _086_/X (sky130_fd_sc_hd__or2_2)
                                                         _024_ (net)
                      0.083952    0.000449    5.042140 v _087_/A3 (sky130_fd_sc_hd__a31o_2)
     1    0.001940    0.034338    0.247864    5.290004 v _087_/X (sky130_fd_sc_hd__a31o_2)
                                                         _025_ (net)
                      0.034338    0.000123    5.290127 v _088_/D (sky130_fd_sc_hd__or4_2)
     2    0.045711    0.223123    0.720676    6.010804 v _088_/X (sky130_fd_sc_hd__or4_2)
                                                         uo_out[1] (net)
                      0.223171    0.003181    6.013985 v _123_/B (sky130_fd_sc_hd__or2_2)
     1    0.004744    0.060855    0.348206    6.362191 v _123_/X (sky130_fd_sc_hd__or2_2)
                                                         _058_ (net)
                      0.060855    0.000219    6.362411 v _124_/D (sky130_fd_sc_hd__nor4_2)
     1    0.002468    0.177987    0.122736    6.485147 ^ _124_/Y (sky130_fd_sc_hd__nor4_2)
                                                         zero_flag (net)
                      0.177987    0.000177    6.485323 ^ _147_/A (sky130_fd_sc_hd__buf_2)
     1    0.034297    0.171016    0.240878    6.726201 ^ _147_/X (sky130_fd_sc_hd__buf_2)
                                                         uo_out[5] (net)
                      0.171036    0.001895    6.728096 ^ uo_out[5] (out)
                                              6.728096   data arrival time

                                 20.000000   20.000000   clock clk (rise edge)
                                  0.000000   20.000000   clock network delay (propagated)
                                 -0.250000   19.750002   clock uncertainty
                                  0.000000   19.750002   clock reconvergence pessimism
                                 -4.000000   15.750001   output external delay
                                             15.750001   data required time
---------------------------------------------------------------------------------------------
                                             15.750001   data required time
                                             -6.728096   data arrival time
---------------------------------------------------------------------------------------------
                                              9.021905   slack (MET)




===========================================================================
report_checks --slack_max -0.01
============================================================================
======================= max_tt_025C_1v80 Corner ===================================

No paths found.


===========================================================================
 report_check_types -max_slew -max_cap -max_fanout -violators
============================================================================
======================= max_tt_025C_1v80 Corner ===================================



===========================================================================
report_parasitic_annotation -report_unannotated
============================================================================
Found 26 unannotated drivers.
 clk
 ena
 rst_n
 uio_in[3]
 uio_in[4]
 uio_in[5]
 uio_in[6]
 uio_in[7]
 tt_um_josue_olivos_alu/HI
 tt_um_josue_olivos_alu_12/HI
 tt_um_josue_olivos_alu_13/HI
 tt_um_josue_olivos_alu_14/HI
 tt_um_josue_olivos_alu_15/HI
 tt_um_josue_olivos_alu_16/HI
 tt_um_josue_olivos_alu_17/HI
 tt_um_josue_olivos_alu_18/HI
 tt_um_josue_olivos_alu_19/HI
 tt_um_josue_olivos_alu_20/HI
 tt_um_josue_olivos_alu_21/HI
 tt_um_josue_olivos_alu_22/HI
 tt_um_josue_olivos_alu_23/HI
 tt_um_josue_olivos_alu_24/HI
 tt_um_josue_olivos_alu_25/HI
 tt_um_josue_olivos_alu_26/HI
 tt_um_josue_olivos_alu_27/HI
 tt_um_josue_olivos_alu_28/HI
Found 0 partially unannotated drivers.

===========================================================================
max slew violation count 0
max fanout violation count 0
max cap violation count 0
============================================================================

===========================================================================
check_setup -verbose -unconstrained_endpoints -multiple_clock -no_clock -no_input_delay -loops -generated_clocks
===========================================================================
