+ define_corners max_tt_025C_1v80
Reading timing models for corner max_tt_025C_1v80…
Reading cell library for the 'max_tt_025C_1v80' corner at '/home/jo2022/ttsetup/pdk/ciel/sky130/versions/8afc8346a57fe1ab7934ba5a6056ea8b43078e71/sky130A/libs.ref/sky130_fd_sc_hd/lib/sky130_fd_sc_hd__tt_025C_1v80.lib'…
Reading top-level netlist at '/home/jo2022/ttsky-verilog-template/runs/wokwi/52-openroad-fillinsertion/tt_um_josue_olivos_alu.nl.v'…
Linking design 'tt_um_josue_olivos_alu' from netlist…
Warning: /home/jo2022/ttsky-verilog-template/runs/wokwi/52-openroad-fillinsertion/tt_um_josue_olivos_alu.nl.v line 171, module sky130_fd_sc_hd__fill_1 not found. Creating black box for FILLER_0_27.
Warning: /home/jo2022/ttsky-verilog-template/runs/wokwi/52-openroad-fillinsertion/tt_um_josue_olivos_alu.nl.v line 195, module sky130_fd_sc_hd__fill_2 not found. Creating black box for FILLER_0_333.
Warning: /home/jo2022/ttsky-verilog-template/runs/wokwi/52-openroad-fillinsertion/tt_um_josue_olivos_alu.nl.v line 4375, module sky130_fd_sc_hd__tapvpwrvgnd_1 not found. Creating black box for TAP_TAPCELL_ROW_0_78.
Reading design constraints file at '/nix/store/5qhi22zib758klv5di7jvny5b48ckmw3-python3-3.13.9-env/lib/python3.13/site-packages/librelane/scripts/base.sdc'…
[INFO] Using clock clk…
[INFO] Setting output delay to: 4
[INFO] Setting input delay to: 4
[INFO] Setting load to: 0.033442
[INFO] Setting clock uncertainty to: 0.25
[INFO] Setting clock transition to: 0.1499999999999999944488848768742172978818416595458984375
[INFO] Setting timing derate to: 5%
Reading top-level design parasitics for the 'max_tt_025C_1v80' corner at '/home/jo2022/ttsky-verilog-template/runs/wokwi/54-openroad-rcx/max/tt_um_josue_olivos_alu.max.spef'…
%OL_CREATE_REPORT min.rpt

===========================================================================
report_checks -path_delay min (Hold)
============================================================================
======================= max_tt_025C_1v80 Corner ===================================

Startpoint: ui_in[0] (input port clocked by clk)
Endpoint: uo_out[0] (output port clocked by clk)
Path Group: clk
Path Type: min

Fanout         Cap        Slew       Delay        Time   Description
---------------------------------------------------------------------------------------------
                                  0.000000    0.000000   clock clk (rise edge)
                                  0.000000    0.000000   clock network delay (propagated)
                                  4.000000    4.000000 v input external delay
     1    0.002962    0.008989    0.004758    4.004758 v ui_in[0] (in)
                                                         ui_in[0] (net)
                      0.008997    0.000000    4.004758 v input1/A (sky130_fd_sc_hd__clkdlybuf4s25_1)
     7    0.029761    0.223684    0.375061    4.379820 v input1/X (sky130_fd_sc_hd__clkdlybuf4s25_1)
                                                         net1 (net)
                      0.223693    0.001602    4.381422 v _070_/A (sky130_fd_sc_hd__nor2_2)
     1    0.003721    0.076842    0.162812    4.544234 ^ _070_/Y (sky130_fd_sc_hd__nor2_2)
                                                         _009_ (net)
                      0.076842    0.000209    4.544442 ^ _071_/C (sky130_fd_sc_hd__or3_2)
     2    0.044537    0.222302    0.249636    4.794078 ^ _071_/X (sky130_fd_sc_hd__or3_2)
                                                         uo_out[0] (net)
                      0.222511    0.005628    4.799706 ^ uo_out[0] (out)
                                              4.799706   data arrival time

                                  0.000000    0.000000   clock clk (rise edge)
                                  0.000000    0.000000   clock network delay (propagated)
                                  0.250000    0.250000   clock uncertainty
                                  0.000000    0.250000   clock reconvergence pessimism
                                 -4.000000   -3.750000   output external delay
                                             -3.750000   data required time
---------------------------------------------------------------------------------------------
                                             -3.750000   data required time
                                             -4.799706   data arrival time
---------------------------------------------------------------------------------------------
                                              8.549707   slack (MET)


Startpoint: ui_in[7] (input port clocked by clk)
Endpoint: uo_out[4] (output port clocked by clk)
Path Group: clk
Path Type: min

Fanout         Cap        Slew       Delay        Time   Description
---------------------------------------------------------------------------------------------
                                  0.000000    0.000000   clock clk (rise edge)
                                  0.000000    0.000000   clock network delay (propagated)
                                  4.000000    4.000000 ^ input external delay
     1    0.004608    0.027586    0.016660    4.016660 ^ ui_in[7] (in)
                                                         ui_in[7] (net)
                      0.027588    0.000000    4.016660 ^ input8/A (sky130_fd_sc_hd__clkdlybuf4s25_1)
     4    0.015615    0.165355    0.325350    4.342010 ^ input8/X (sky130_fd_sc_hd__clkdlybuf4s25_1)
                                                         net8 (net)
                      0.165358    0.000936    4.342945 ^ _108_/B (sky130_fd_sc_hd__nand2_2)
     2    0.009821    0.060396    0.091672    4.434617 v _108_/Y (sky130_fd_sc_hd__nand2_2)
                                                         _044_ (net)
                      0.060407    0.000805    4.435421 v _126_/A (sky130_fd_sc_hd__nand2_2)
     1    0.003093    0.031666    0.054500    4.489922 ^ _126_/Y (sky130_fd_sc_hd__nand2_2)
                                                         _060_ (net)
                      0.031666    0.000141    4.490063 ^ _127_/B1 (sky130_fd_sc_hd__a22o_2)
     1    0.003928    0.037921    0.115934    4.605997 ^ _127_/X (sky130_fd_sc_hd__a22o_2)
                                                         carry_out (net)
                      0.037932    0.000285    4.606282 ^ _146_/A (sky130_fd_sc_hd__buf_2)
     1    0.034003    0.169149    0.193527    4.799809 ^ _146_/X (sky130_fd_sc_hd__buf_2)
                                                         uo_out[4] (net)
                      0.169179    0.001863    4.801672 ^ uo_out[4] (out)
                                              4.801672   data arrival time

                                  0.000000    0.000000   clock clk (rise edge)
                                  0.000000    0.000000   clock network delay (propagated)
                                  0.250000    0.250000   clock uncertainty
                                  0.000000    0.250000   clock reconvergence pessimism
                                 -4.000000   -3.750000   output external delay
                                             -3.750000   data required time
---------------------------------------------------------------------------------------------
                                             -3.750000   data required time
                                             -4.801672   data arrival time
---------------------------------------------------------------------------------------------
                                              8.551672   slack (MET)


Startpoint: ui_in[5] (input port clocked by clk)
Endpoint: uo_out[1] (output port clocked by clk)
Path Group: clk
Path Type: min

Fanout         Cap        Slew       Delay        Time   Description
---------------------------------------------------------------------------------------------
                                  0.000000    0.000000   clock clk (rise edge)
                                  0.000000    0.000000   clock network delay (propagated)
                                  4.000000    4.000000 ^ input external delay
     1    0.003753    0.023876    0.013720    4.013720 ^ ui_in[5] (in)
                                                         ui_in[5] (net)
                      0.023878    0.000000    4.013720 ^ input6/A (sky130_fd_sc_hd__clkdlybuf4s25_1)
     5    0.024247    0.249067    0.382284    4.396005 ^ input6/X (sky130_fd_sc_hd__clkdlybuf4s25_1)
                                                         net6 (net)
                      0.249072    0.001581    4.397586 ^ _077_/A2 (sky130_fd_sc_hd__a31o_2)
     1    0.002293    0.029258    0.189319    4.586905 ^ _077_/X (sky130_fd_sc_hd__a31o_2)
                                                         _015_ (net)
                      0.029258    0.000163    4.587067 ^ _088_/A (sky130_fd_sc_hd__or4_2)
     2    0.045886    0.227903    0.245090    4.832157 ^ _088_/X (sky130_fd_sc_hd__or4_2)
                                                         uo_out[1] (net)
                      0.227991    0.003729    4.835886 ^ uo_out[1] (out)
                                              4.835886   data arrival time

                                  0.000000    0.000000   clock clk (rise edge)
                                  0.000000    0.000000   clock network delay (propagated)
                                  0.250000    0.250000   clock uncertainty
                                  0.000000    0.250000   clock reconvergence pessimism
                                 -4.000000   -3.750000   output external delay
                                             -3.750000   data required time
---------------------------------------------------------------------------------------------
                                             -3.750000   data required time
                                             -4.835886   data arrival time
---------------------------------------------------------------------------------------------
                                              8.585886   slack (MET)


Startpoint: ui_in[6] (input port clocked by clk)
Endpoint: uo_out[3] (output port clocked by clk)
Path Group: clk
Path Type: min

Fanout         Cap        Slew       Delay        Time   Description
---------------------------------------------------------------------------------------------
                                  0.000000    0.000000   clock clk (rise edge)
                                  0.000000    0.000000   clock network delay (propagated)
                                  4.000000    4.000000 ^ input external delay
     1    0.004099    0.025377    0.014943    4.014943 ^ ui_in[6] (in)
                                                         ui_in[6] (net)
                      0.025379    0.000000    4.014943 ^ input7/A (sky130_fd_sc_hd__clkdlybuf4s25_1)
     4    0.017866    0.187280    0.339090    4.354033 ^ input7/X (sky130_fd_sc_hd__clkdlybuf4s25_1)
                                                         net7 (net)
                      0.187315    0.002537    4.356570 ^ _091_/B (sky130_fd_sc_hd__nand2_2)
     3    0.013690    0.075147    0.109783    4.466353 v _091_/Y (sky130_fd_sc_hd__nand2_2)
                                                         _028_ (net)
                      0.075157    0.000889    4.467242 v _111_/A (sky130_fd_sc_hd__nand3_2)
     1    0.003804    0.040280    0.066313    4.533555 ^ _111_/Y (sky130_fd_sc_hd__nand3_2)
                                                         _047_ (net)
                      0.040281    0.000263    4.533818 ^ _121_/A3 (sky130_fd_sc_hd__a31o_2)
     2    0.007251    0.052960    0.162635    4.696453 ^ _121_/X (sky130_fd_sc_hd__a31o_2)
                                                         _057_ (net)
                      0.052962    0.000443    4.696896 ^ _122_/B (sky130_fd_sc_hd__or2_2)
     1    0.034155    0.179750    0.209007    4.905903 ^ _122_/X (sky130_fd_sc_hd__or2_2)
                                                         uo_out[3] (net)
                      0.179832    0.001872    4.907775 ^ uo_out[3] (out)
                                              4.907775   data arrival time

                                  0.000000    0.000000   clock clk (rise edge)
                                  0.000000    0.000000   clock network delay (propagated)
                                  0.250000    0.250000   clock uncertainty
                                  0.000000    0.250000   clock reconvergence pessimism
                                 -4.000000   -3.750000   output external delay
                                             -3.750000   data required time
---------------------------------------------------------------------------------------------
                                             -3.750000   data required time
                                             -4.907775   data arrival time
---------------------------------------------------------------------------------------------
                                              8.657775   slack (MET)


Startpoint: ui_in[6] (input port clocked by clk)
Endpoint: uo_out[5] (output port clocked by clk)
Path Group: clk
Path Type: min

Fanout         Cap        Slew       Delay        Time   Description
---------------------------------------------------------------------------------------------
                                  0.000000    0.000000   clock clk (rise edge)
                                  0.000000    0.000000   clock network delay (propagated)
                                  4.000000    4.000000 ^ input external delay
     1    0.004099    0.025377    0.014943    4.014943 ^ ui_in[6] (in)
                                                         ui_in[6] (net)
                      0.025379    0.000000    4.014943 ^ input7/A (sky130_fd_sc_hd__clkdlybuf4s25_1)
     4    0.017866    0.187280    0.339090    4.354033 ^ input7/X (sky130_fd_sc_hd__clkdlybuf4s25_1)
                                                         net7 (net)
                      0.187315    0.002537    4.356570 ^ _091_/B (sky130_fd_sc_hd__nand2_2)
     3    0.013690    0.075147    0.109783    4.466353 v _091_/Y (sky130_fd_sc_hd__nand2_2)
                                                         _028_ (net)
                      0.075157    0.000889    4.467242 v _111_/A (sky130_fd_sc_hd__nand3_2)
     1    0.003804    0.040280    0.066313    4.533555 ^ _111_/Y (sky130_fd_sc_hd__nand3_2)
                                                         _047_ (net)
                      0.040281    0.000263    4.533818 ^ _121_/A3 (sky130_fd_sc_hd__a31o_2)
     2    0.007251    0.052960    0.162635    4.696453 ^ _121_/X (sky130_fd_sc_hd__a31o_2)
                                                         _057_ (net)
                      0.052963    0.000498    4.696951 ^ _124_/C (sky130_fd_sc_hd__nor4_2)
     1    0.002308    0.018619    0.041415    4.738366 v _124_/Y (sky130_fd_sc_hd__nor4_2)
                                                         zero_flag (net)
                      0.018620    0.000163    4.738530 v _147_/A (sky130_fd_sc_hd__buf_2)
     1    0.034297    0.090192    0.167928    4.906458 v _147_/X (sky130_fd_sc_hd__buf_2)
                                                         uo_out[5] (net)
                      0.090239    0.001892    4.908350 v uo_out[5] (out)
                                              4.908350   data arrival time

                                  0.000000    0.000000   clock clk (rise edge)
                                  0.000000    0.000000   clock network delay (propagated)
                                  0.250000    0.250000   clock uncertainty
                                  0.000000    0.250000   clock reconvergence pessimism
                                 -4.000000   -3.750000   output external delay
                                             -3.750000   data required time
---------------------------------------------------------------------------------------------
                                             -3.750000   data required time
                                             -4.908350   data arrival time
---------------------------------------------------------------------------------------------
                                              8.658350   slack (MET)


Startpoint: ui_in[5] (input port clocked by clk)
Endpoint: uo_out[2] (output port clocked by clk)
Path Group: clk
Path Type: min

Fanout         Cap        Slew       Delay        Time   Description
---------------------------------------------------------------------------------------------
                                  0.000000    0.000000   clock clk (rise edge)
                                  0.000000    0.000000   clock network delay (propagated)
                                  4.000000    4.000000 ^ input external delay
     1    0.003753    0.023876    0.013720    4.013720 ^ ui_in[5] (in)
                                                         ui_in[5] (net)
                      0.023878    0.000000    4.013720 ^ input6/A (sky130_fd_sc_hd__clkdlybuf4s25_1)
     5    0.024247    0.249067    0.382284    4.396005 ^ input6/X (sky130_fd_sc_hd__clkdlybuf4s25_1)
                                                         net6 (net)
                      0.249084    0.002289    4.398294 ^ _073_/B (sky130_fd_sc_hd__nand2_2)
     2    0.007836    0.064826    0.097502    4.495795 v _073_/Y (sky130_fd_sc_hd__nand2_2)
                                                         _011_ (net)
                      0.064828    0.000463    4.496258 v _094_/A (sky130_fd_sc_hd__nand3_2)
     1    0.002950    0.035120    0.058677    4.554935 ^ _094_/Y (sky130_fd_sc_hd__nand3_2)
                                                         _031_ (net)
                      0.035121    0.000141    4.555076 ^ _095_/A2 (sky130_fd_sc_hd__a21bo_2)
     1    0.002946    0.030735    0.112245    4.667321 ^ _095_/X (sky130_fd_sc_hd__a21bo_2)
                                                         _032_ (net)
                      0.030735    0.000140    4.667462 ^ _106_/B1 (sky130_fd_sc_hd__o21a_2)
     2    0.044012    0.231694    0.259202    4.926664 ^ _106_/X (sky130_fd_sc_hd__o21a_2)
                                                         uo_out[2] (net)
                      0.231841    0.004850    4.931514 ^ uo_out[2] (out)
                                              4.931514   data arrival time

                                  0.000000    0.000000   clock clk (rise edge)
                                  0.000000    0.000000   clock network delay (propagated)
                                  0.250000    0.250000   clock uncertainty
                                  0.000000    0.250000   clock reconvergence pessimism
                                 -4.000000   -3.750000   output external delay
                                             -3.750000   data required time
---------------------------------------------------------------------------------------------
                                             -3.750000   data required time
                                             -4.931514   data arrival time
---------------------------------------------------------------------------------------------
                                              8.681514   slack (MET)



%OL_END_REPORT
%OL_CREATE_REPORT max.rpt

===========================================================================
report_checks -path_delay max (Setup)
============================================================================
======================= max_tt_025C_1v80 Corner ===================================

Startpoint: ui_in[1] (input port clocked by clk)
Endpoint: uo_out[5] (output port clocked by clk)
Path Group: clk
Path Type: max

Fanout         Cap        Slew       Delay        Time   Description
---------------------------------------------------------------------------------------------
                                  0.000000    0.000000   clock clk (rise edge)
                                  0.000000    0.000000   clock network delay (propagated)
                                  4.000000    4.000000 v input external delay
     1    0.003521    0.010290    0.005712    4.005712 v ui_in[1] (in)
                                                         ui_in[1] (net)
                      0.010294    0.000000    4.005712 v input2/A (sky130_fd_sc_hd__clkdlybuf4s25_1)
     8    0.033610    0.251395    0.394820    4.400532 v input2/X (sky130_fd_sc_hd__clkdlybuf4s25_1)
                                                         net2 (net)
                      0.251432    0.003030    4.403562 v _074_/A (sky130_fd_sc_hd__xnor2_2)
     6    0.024822    0.148915    0.283644    4.687206 v _074_/Y (sky130_fd_sc_hd__xnor2_2)
                                                         _012_ (net)
                      0.148921    0.001128    4.688334 v _086_/B (sky130_fd_sc_hd__or2_2)
     3    0.013477    0.083952    0.353356    5.041690 v _086_/X (sky130_fd_sc_hd__or2_2)
                                                         _024_ (net)
                      0.083952    0.000449    5.042140 v _087_/A3 (sky130_fd_sc_hd__a31o_2)
     1    0.001940    0.034338    0.247864    5.290004 v _087_/X (sky130_fd_sc_hd__a31o_2)
                                                         _025_ (net)
                      0.034338    0.000123    5.290127 v _088_/D (sky130_fd_sc_hd__or4_2)
     2    0.045711    0.223123    0.720676    6.010804 v _088_/X (sky130_fd_sc_hd__or4_2)
                                                         uo_out[1] (net)
                      0.223171    0.003181    6.013985 v _123_/B (sky130_fd_sc_hd__or2_2)
     1    0.004744    0.060855    0.348206    6.362191 v _123_/X (sky130_fd_sc_hd__or2_2)
                                                         _058_ (net)
                      0.060855    0.000219    6.362411 v _124_/D (sky130_fd_sc_hd__nor4_2)
     1    0.002468    0.177987    0.122736    6.485147 ^ _124_/Y (sky130_fd_sc_hd__nor4_2)
                                                         zero_flag (net)
                      0.177987    0.000177    6.485323 ^ _147_/A (sky130_fd_sc_hd__buf_2)
     1    0.034297    0.171016    0.240878    6.726201 ^ _147_/X (sky130_fd_sc_hd__buf_2)
                                                         uo_out[5] (net)
                      0.171036    0.001895    6.728096 ^ uo_out[5] (out)
                                              6.728096   data arrival time

                                 20.000000   20.000000   clock clk (rise edge)
                                  0.000000   20.000000   clock network delay (propagated)
                                 -0.250000   19.750002   clock uncertainty
                                  0.000000   19.750002   clock reconvergence pessimism
                                 -4.000000   15.750001   output external delay
                                             15.750001   data required time
---------------------------------------------------------------------------------------------
                                             15.750001   data required time
                                             -6.728096   data arrival time
---------------------------------------------------------------------------------------------
                                              9.021905   slack (MET)


Startpoint: ui_in[1] (input port clocked by clk)
Endpoint: uo_out[3] (output port clocked by clk)
Path Group: clk
Path Type: max

Fanout         Cap        Slew       Delay        Time   Description
---------------------------------------------------------------------------------------------
                                  0.000000    0.000000   clock clk (rise edge)
                                  0.000000    0.000000   clock network delay (propagated)
                                  4.000000    4.000000 v input external delay
     1    0.003521    0.010290    0.005712    4.005712 v ui_in[1] (in)
                                                         ui_in[1] (net)
                      0.010294    0.000000    4.005712 v input2/A (sky130_fd_sc_hd__clkdlybuf4s25_1)
     8    0.033610    0.251395    0.394820    4.400532 v input2/X (sky130_fd_sc_hd__clkdlybuf4s25_1)
                                                         net2 (net)
                      0.251432    0.003030    4.403562 v _074_/A (sky130_fd_sc_hd__xnor2_2)
     6    0.024822    0.148915    0.283644    4.687206 v _074_/Y (sky130_fd_sc_hd__xnor2_2)
                                                         _012_ (net)
                      0.148921    0.001128    4.688334 v _086_/B (sky130_fd_sc_hd__or2_2)
     3    0.013477    0.083952    0.353356    5.041690 v _086_/X (sky130_fd_sc_hd__or2_2)
                                                         _024_ (net)
                      0.083952    0.000971    5.042661 v _093_/A2 (sky130_fd_sc_hd__a21o_2)
     3    0.014033    0.060003    0.254920    5.297581 v _093_/X (sky130_fd_sc_hd__a21o_2)
                                                         _030_ (net)
                      0.060021    0.000972    5.298553 v _110_/A2 (sky130_fd_sc_hd__a21o_2)
     2    0.008617    0.048054    0.229526    5.528079 v _110_/X (sky130_fd_sc_hd__a21o_2)
                                                         _046_ (net)
                      0.048059    0.000512    5.528591 v _121_/A2 (sky130_fd_sc_hd__a31o_2)
     2    0.006400    0.045471    0.238627    5.767218 v _121_/X (sky130_fd_sc_hd__a31o_2)
                                                         _057_ (net)
                      0.045471    0.000390    5.767608 v _122_/B (sky130_fd_sc_hd__or2_2)
     1    0.034155    0.134288    0.370405    6.138012 v _122_/X (sky130_fd_sc_hd__or2_2)
                                                         uo_out[3] (net)
                      0.134316    0.001871    6.139884 v uo_out[3] (out)
                                              6.139884   data arrival time

                                 20.000000   20.000000   clock clk (rise edge)
                                  0.000000   20.000000   clock network delay (propagated)
                                 -0.250000   19.750002   clock uncertainty
                                  0.000000   19.750002   clock reconvergence pessimism
                                 -4.000000   15.750001   output external delay
                                             15.750001   data required time
---------------------------------------------------------------------------------------------
                                             15.750001   data required time
                                             -6.139884   data arrival time
---------------------------------------------------------------------------------------------
                                              9.610117   slack (MET)


Startpoint: ui_in[1] (input port clocked by clk)
Endpoint: uo_out[1] (output port clocked by clk)
Path Group: clk
Path Type: max

Fanout         Cap        Slew       Delay        Time   Description
---------------------------------------------------------------------------------------------
                                  0.000000    0.000000   clock clk (rise edge)
                                  0.000000    0.000000   clock network delay (propagated)
                                  4.000000    4.000000 v input external delay
     1    0.003521    0.010290    0.005712    4.005712 v ui_in[1] (in)
                                                         ui_in[1] (net)
                      0.010294    0.000000    4.005712 v input2/A (sky130_fd_sc_hd__clkdlybuf4s25_1)
     8    0.033610    0.251395    0.394820    4.400532 v input2/X (sky130_fd_sc_hd__clkdlybuf4s25_1)
                                                         net2 (net)
                      0.251432    0.003030    4.403562 v _074_/A (sky130_fd_sc_hd__xnor2_2)
     6    0.024822    0.148915    0.283644    4.687206 v _074_/Y (sky130_fd_sc_hd__xnor2_2)
                                                         _012_ (net)
                      0.148921    0.001128    4.688334 v _086_/B (sky130_fd_sc_hd__or2_2)
     3    0.013477    0.083952    0.353356    5.041690 v _086_/X (sky130_fd_sc_hd__or2_2)
                                                         _024_ (net)
                      0.083952    0.000449    5.042140 v _087_/A3 (sky130_fd_sc_hd__a31o_2)
     1    0.001940    0.034338    0.247864    5.290004 v _087_/X (sky130_fd_sc_hd__a31o_2)
                                                         _025_ (net)
                      0.034338    0.000123    5.290127 v _088_/D (sky130_fd_sc_hd__or4_2)
     2    0.045711    0.223123    0.720676    6.010804 v _088_/X (sky130_fd_sc_hd__or4_2)
                                                         uo_out[1] (net)
                      0.223194    0.003719    6.014523 v uo_out[1] (out)
                                              6.014523   data arrival time

                                 20.000000   20.000000   clock clk (rise edge)
                                  0.000000   20.000000   clock network delay (propagated)
                                 -0.250000   19.750002   clock uncertainty
                                  0.000000   19.750002   clock reconvergence pessimism
                                 -4.000000   15.750001   output external delay
                                             15.750001   data required time
---------------------------------------------------------------------------------------------
                                             15.750001   data required time
                                             -6.014523   data arrival time
---------------------------------------------------------------------------------------------
                                              9.735478   slack (MET)


Startpoint: uio_in[0] (input port clocked by clk)
Endpoint: uo_out[2] (output port clocked by clk)
Path Group: clk
Path Type: max

Fanout         Cap        Slew       Delay        Time   Description
---------------------------------------------------------------------------------------------
                                  0.000000    0.000000   clock clk (rise edge)
                                  0.000000    0.000000   clock network delay (propagated)
                                  4.000000    4.000000 ^ input external delay
     1    0.003517    0.022850    0.012891    4.012891 ^ uio_in[0] (in)
                                                         uio_in[0] (net)
                      0.022852    0.000000    4.012891 ^ input9/A (sky130_fd_sc_hd__clkdlybuf4s25_1)
    10    0.041204    0.414327    0.498649    4.511540 ^ input9/X (sky130_fd_sc_hd__clkdlybuf4s25_1)
                                                         net9 (net)
                      0.414327    0.001052    4.512593 ^ _079_/A_N (sky130_fd_sc_hd__and3b_2)
     3    0.011653    0.059328    0.285177    4.797771 v _079_/X (sky130_fd_sc_hd__and3b_2)
                                                         _017_ (net)
                      0.059400    0.000711    4.798481 v _103_/B1 (sky130_fd_sc_hd__a2bb2o_2)
     1    0.001788    0.039565    0.250056    5.048536 v _103_/X (sky130_fd_sc_hd__a2bb2o_2)
                                                         _040_ (net)
                      0.039565    0.000078    5.048615 v _105_/B (sky130_fd_sc_hd__or4b_2)
     1    0.003073    0.099466    0.623787    5.672402 v _105_/X (sky130_fd_sc_hd__or4b_2)
                                                         _042_ (net)
                      0.099466    0.000206    5.672607 v _106_/A2 (sky130_fd_sc_hd__o21a_2)
     2    0.043563    0.122389    0.304659    5.977266 v _106_/X (sky130_fd_sc_hd__o21a_2)
                                                         uo_out[2] (net)
                      0.122633    0.004795    5.982061 v uo_out[2] (out)
                                              5.982061   data arrival time

                                 20.000000   20.000000   clock clk (rise edge)
                                  0.000000   20.000000   clock network delay (propagated)
                                 -0.250000   19.750002   clock uncertainty
                                  0.000000   19.750002   clock reconvergence pessimism
                                 -4.000000   15.750001   output external delay
                                             15.750001   data required time
---------------------------------------------------------------------------------------------
                                             15.750001   data required time
                                             -5.982061   data arrival time
---------------------------------------------------------------------------------------------
                                              9.767940   slack (MET)


Startpoint: ui_in[1] (input port clocked by clk)
Endpoint: uo_out[4] (output port clocked by clk)
Path Group: clk
Path Type: max

Fanout         Cap        Slew       Delay        Time   Description
---------------------------------------------------------------------------------------------
                                  0.000000    0.000000   clock clk (rise edge)
                                  0.000000    0.000000   clock network delay (propagated)
                                  4.000000    4.000000 v input external delay
     1    0.003521    0.010290    0.005712    4.005712 v ui_in[1] (in)
                                                         ui_in[1] (net)
                      0.010294    0.000000    4.005712 v input2/A (sky130_fd_sc_hd__clkdlybuf4s25_1)
     8    0.033610    0.251395    0.394820    4.400532 v input2/X (sky130_fd_sc_hd__clkdlybuf4s25_1)
                                                         net2 (net)
                      0.251432    0.003030    4.403562 v _074_/A (sky130_fd_sc_hd__xnor2_2)
     6    0.024822    0.148915    0.283644    4.687206 v _074_/Y (sky130_fd_sc_hd__xnor2_2)
                                                         _012_ (net)
                      0.148921    0.001128    4.688334 v _086_/B (sky130_fd_sc_hd__or2_2)
     3    0.013477    0.083952    0.353356    5.041690 v _086_/X (sky130_fd_sc_hd__or2_2)
                                                         _024_ (net)
                      0.083952    0.000971    5.042661 v _093_/A2 (sky130_fd_sc_hd__a21o_2)
     3    0.014033    0.060003    0.254920    5.297581 v _093_/X (sky130_fd_sc_hd__a21o_2)
                                                         _030_ (net)
                      0.060021    0.000972    5.298553 v _110_/A2 (sky130_fd_sc_hd__a21o_2)
     2    0.008617    0.048054    0.229526    5.528079 v _110_/X (sky130_fd_sc_hd__a21o_2)
                                                         _046_ (net)
                      0.048059    0.000524    5.528602 v _126_/B (sky130_fd_sc_hd__nand2_2)
     1    0.003093    0.037992    0.058912    5.587514 ^ _126_/Y (sky130_fd_sc_hd__nand2_2)
                                                         _060_ (net)
                      0.037992    0.000141    5.587655 ^ _127_/B1 (sky130_fd_sc_hd__a22o_2)
     1    0.003928    0.044020    0.118146    5.705801 ^ _127_/X (sky130_fd_sc_hd__a22o_2)
                                                         carry_out (net)
                      0.044020    0.000285    5.706086 ^ _146_/A (sky130_fd_sc_hd__buf_2)
     1    0.034003    0.169139    0.195858    5.901945 ^ _146_/X (sky130_fd_sc_hd__buf_2)
                                                         uo_out[4] (net)
                      0.169169    0.001863    5.903807 ^ uo_out[4] (out)
                                              5.903807   data arrival time

                                 20.000000   20.000000   clock clk (rise edge)
                                  0.000000   20.000000   clock network delay (propagated)
                                 -0.250000   19.750002   clock uncertainty
                                  0.000000   19.750002   clock reconvergence pessimism
                                 -4.000000   15.750001   output external delay
                                             15.750001   data required time
---------------------------------------------------------------------------------------------
                                             15.750001   data required time
                                             -5.903807   data arrival time
---------------------------------------------------------------------------------------------
                                              9.846193   slack (MET)


Startpoint: uio_in[2] (input port clocked by clk)
Endpoint: uo_out[0] (output port clocked by clk)
Path Group: clk
Path Type: max

Fanout         Cap        Slew       Delay        Time   Description
---------------------------------------------------------------------------------------------
                                  0.000000    0.000000   clock clk (rise edge)
                                  0.000000    0.000000   clock network delay (propagated)
                                  4.000000    4.000000 ^ input external delay
     1    0.003181    0.021377    0.011710    4.011710 ^ uio_in[2] (in)
                                                         uio_in[2] (net)
                      0.021386    0.000000    4.011710 ^ input11/A (sky130_fd_sc_hd__clkdlybuf4s25_1)
    10    0.042402    0.426105    0.505134    4.516843 ^ input11/X (sky130_fd_sc_hd__clkdlybuf4s25_1)
                                                         net11 (net)
                      0.426112    0.002422    4.519266 ^ _061_/A_N (sky130_fd_sc_hd__and3b_2)
     4    0.017331    0.069990    0.300078    4.819343 v _061_/X (sky130_fd_sc_hd__and3b_2)
                                                         _000_ (net)
                      0.069992    0.000470    4.819813 v _065_/B1 (sky130_fd_sc_hd__o22a_2)
     1    0.003092    0.036312    0.202766    5.022579 v _065_/X (sky130_fd_sc_hd__o22a_2)
                                                         _004_ (net)
                      0.036312    0.000183    5.022762 v _071_/A (sky130_fd_sc_hd__or3_2)
     2    0.044382    0.183714    0.619365    5.642127 v _071_/X (sky130_fd_sc_hd__or3_2)
                                                         uo_out[0] (net)
                      0.183938    0.005611    5.647738 v uo_out[0] (out)
                                              5.647738   data arrival time

                                 20.000000   20.000000   clock clk (rise edge)
                                  0.000000   20.000000   clock network delay (propagated)
                                 -0.250000   19.750002   clock uncertainty
                                  0.000000   19.750002   clock reconvergence pessimism
                                 -4.000000   15.750001   output external delay
                                             15.750001   data required time
---------------------------------------------------------------------------------------------
                                             15.750001   data required time
                                             -5.647738   data arrival time
---------------------------------------------------------------------------------------------
                                             10.102262   slack (MET)



%OL_END_REPORT
%OL_CREATE_REPORT checks.rpt

===========================================================================
report_checks -unconstrained
===========================================================================
======================= max_tt_025C_1v80 Corner ===================================

Startpoint: ui_in[1] (input port clocked by clk)
Endpoint: uo_out[5] (output port clocked by clk)
Path Group: clk
Path Type: max

Fanout         Cap        Slew       Delay        Time   Description
---------------------------------------------------------------------------------------------
                                  0.000000    0.000000   clock clk (rise edge)
                                  0.000000    0.000000   clock network delay (propagated)
                                  4.000000    4.000000 v input external delay
     1    0.003521    0.010290    0.005712    4.005712 v ui_in[1] (in)
                                                         ui_in[1] (net)
                      0.010294    0.000000    4.005712 v input2/A (sky130_fd_sc_hd__clkdlybuf4s25_1)
     8    0.033610    0.251395    0.394820    4.400532 v input2/X (sky130_fd_sc_hd__clkdlybuf4s25_1)
                                                         net2 (net)
                      0.251432    0.003030    4.403562 v _074_/A (sky130_fd_sc_hd__xnor2_2)
     6    0.024822    0.148915    0.283644    4.687206 v _074_/Y (sky130_fd_sc_hd__xnor2_2)
                                                         _012_ (net)
                      0.148921    0.001128    4.688334 v _086_/B (sky130_fd_sc_hd__or2_2)
     3    0.013477    0.083952    0.353356    5.041690 v _086_/X (sky130_fd_sc_hd__or2_2)
                                                         _024_ (net)
                      0.083952    0.000449    5.042140 v _087_/A3 (sky130_fd_sc_hd__a31o_2)
     1    0.001940    0.034338    0.247864    5.290004 v _087_/X (sky130_fd_sc_hd__a31o_2)
                                                         _025_ (net)
                      0.034338    0.000123    5.290127 v _088_/D (sky130_fd_sc_hd__or4_2)
     2    0.045711    0.223123    0.720676    6.010804 v _088_/X (sky130_fd_sc_hd__or4_2)
                                                         uo_out[1] (net)
                      0.223171    0.003181    6.013985 v _123_/B (sky130_fd_sc_hd__or2_2)
     1    0.004744    0.060855    0.348206    6.362191 v _123_/X (sky130_fd_sc_hd__or2_2)
                                                         _058_ (net)
                      0.060855    0.000219    6.362411 v _124_/D (sky130_fd_sc_hd__nor4_2)
     1    0.002468    0.177987    0.122736    6.485147 ^ _124_/Y (sky130_fd_sc_hd__nor4_2)
                                                         zero_flag (net)
                      0.177987    0.000177    6.485323 ^ _147_/A (sky130_fd_sc_hd__buf_2)
     1    0.034297    0.171016    0.240878    6.726201 ^ _147_/X (sky130_fd_sc_hd__buf_2)
                                                         uo_out[5] (net)
                      0.171036    0.001895    6.728096 ^ uo_out[5] (out)
                                              6.728096   data arrival time

                                 20.000000   20.000000   clock clk (rise edge)
                                  0.000000   20.000000   clock network delay (propagated)
                                 -0.250000   19.750002   clock uncertainty
                                  0.000000   19.750002   clock reconvergence pessimism
                                 -4.000000   15.750001   output external delay
                                             15.750001   data required time
---------------------------------------------------------------------------------------------
                                             15.750001   data required time
                                             -6.728096   data arrival time
---------------------------------------------------------------------------------------------
                                              9.021905   slack (MET)




===========================================================================
report_checks --slack_max -0.01
============================================================================
======================= max_tt_025C_1v80 Corner ===================================

No paths found.


===========================================================================
 report_check_types -max_slew -max_cap -max_fanout -violators
============================================================================
======================= max_tt_025C_1v80 Corner ===================================



===========================================================================
report_parasitic_annotation -report_unannotated
============================================================================
Found 26 unannotated drivers.
 clk
 ena
 rst_n
 uio_in[3]
 uio_in[4]
 uio_in[5]
 uio_in[6]
 uio_in[7]
 tt_um_josue_olivos_alu/HI
 tt_um_josue_olivos_alu_12/HI
 tt_um_josue_olivos_alu_13/HI
 tt_um_josue_olivos_alu_14/HI
 tt_um_josue_olivos_alu_15/HI
 tt_um_josue_olivos_alu_16/HI
 tt_um_josue_olivos_alu_17/HI
 tt_um_josue_olivos_alu_18/HI
 tt_um_josue_olivos_alu_19/HI
 tt_um_josue_olivos_alu_20/HI
 tt_um_josue_olivos_alu_21/HI
 tt_um_josue_olivos_alu_22/HI
 tt_um_josue_olivos_alu_23/HI
 tt_um_josue_olivos_alu_24/HI
 tt_um_josue_olivos_alu_25/HI
 tt_um_josue_olivos_alu_26/HI
 tt_um_josue_olivos_alu_27/HI
 tt_um_josue_olivos_alu_28/HI
Found 0 partially unannotated drivers.

===========================================================================
max slew violation count 0
%OL_METRIC_I design__max_slew_violation__count__corner:max_tt_025C_1v80 0
max fanout violation count 0
%OL_METRIC_I design__max_fanout_violation__count__corner:max_tt_025C_1v80 0
max cap violation count 0
%OL_METRIC_I design__max_cap_violation__count__corner:max_tt_025C_1v80 0
============================================================================

===========================================================================
check_setup -verbose -unconstrained_endpoints -multiple_clock -no_clock -no_input_delay -loops -generated_clocks
===========================================================================
%OL_END_REPORT
%OL_CREATE_REPORT power.rpt

===========================================================================
 report_power
============================================================================
======================= max_tt_025C_1v80 Corner ===================================

Group                    Internal    Switching      Leakage        Total
                            Power        Power        Power        Power (Watts)
------------------------------------------------------------------------
Sequential           0.000000e+00 0.000000e+00 0.000000e+00 0.000000e+00   0.0%
Combinational        8.330814e-06 1.189973e-05 3.608526e-10 2.023090e-05  99.9%
Clock                0.000000e+00 0.000000e+00 1.297649e-08 1.297649e-08   0.1%
Macro                0.000000e+00 0.000000e+00 0.000000e+00 0.000000e+00   0.0%
Pad                  0.000000e+00 0.000000e+00 0.000000e+00 0.000000e+00   0.0%
------------------------------------------------------------------------
Total                8.330814e-06 1.189973e-05 1.333734e-08 2.024388e-05 100.0%
                            41.2%        58.8%         0.1%
%OL_METRIC_F power__internal__total 8.330814125656616e-6
%OL_METRIC_F power__switching__total 1.1899727724085096e-5
%OL_METRIC_F power__leakage__total 1.3337337456675868e-8
%OL_METRIC_F power__total 2.024387868004851e-5

%OL_END_REPORT
%OL_CREATE_REPORT skew.min.rpt

===========================================================================
Clock Skew (Hold)
============================================================================
%OL_METRIC_F clock__skew__worst_hold__corner:max_tt_025C_1v80 0.0
======================= max_tt_025C_1v80 Corner ===================================

Clock clk
No launch/capture paths found.

%OL_END_REPORT
%OL_CREATE_REPORT skew.max.rpt

===========================================================================
Clock Skew (Setup)
============================================================================
%OL_METRIC_F clock__skew__worst_setup__corner:max_tt_025C_1v80 0.0
======================= max_tt_025C_1v80 Corner ===================================

Clock clk
No launch/capture paths found.

%OL_END_REPORT
%OL_CREATE_REPORT ws.min.rpt

===========================================================================
Worst Slack (Hold)
============================================================================
%OL_METRIC_F timing__hold__ws__corner:max_tt_025C_1v80 8.549706962175478
max_tt_025C_1v80: 8.549706962175478
%OL_END_REPORT
%OL_CREATE_REPORT ws.max.rpt

===========================================================================
Worst Slack (Setup)
============================================================================
%OL_METRIC_F timing__setup__ws__corner:max_tt_025C_1v80 9.021905256006889
max_tt_025C_1v80: 9.021905256006889
%OL_END_REPORT
%OL_CREATE_REPORT tns.min.rpt

===========================================================================
Total Negative Slack (Hold)
============================================================================
%OL_METRIC_F timing__hold__tns__corner:max_tt_025C_1v80 0.0
max_tt_025C_1v80: 0.0
%OL_END_REPORT
%OL_CREATE_REPORT tns.max.rpt

===========================================================================
Total Negative Slack (Setup)
============================================================================
%OL_METRIC_F timing__setup__tns__corner:max_tt_025C_1v80 0.0
max_tt_025C_1v80: 0.0
%OL_END_REPORT
%OL_CREATE_REPORT wns.min.rpt

===========================================================================
Worst Negative Slack (Hold)
============================================================================
%OL_METRIC_F timing__hold__wns__corner:max_tt_025C_1v80 0
max_tt_025C_1v80: 0
%OL_END_REPORT
%OL_CREATE_REPORT wns.max.rpt

===========================================================================
Worst Negative Slack (Setup)
============================================================================
%OL_METRIC_F timing__setup__wns__corner:max_tt_025C_1v80 0.0
max_tt_025C_1v80: 0.0
%OL_END_REPORT
%OL_CREATE_REPORT violator_list.rpt

===========================================================================
Violator List
============================================================================
%OL_METRIC_I timing__hold_vio__count__corner:max_tt_025C_1v80 0
%OL_METRIC_F timing__hold_r2r__ws__corner:max_tt_025C_1v80 inf
%OL_METRIC_I timing__hold_r2r_vio__count__corner:max_tt_025C_1v80 0
%OL_METRIC_I timing__setup_vio__count__corner:max_tt_025C_1v80 0
%OL_METRIC_F timing__setup_r2r__ws__corner:max_tt_025C_1v80 inf
%OL_METRIC_I timing__setup_r2r_vio__count__corner:max_tt_025C_1v80 0
%OL_END_REPORT
%OL_CREATE_REPORT unpropagated.rpt
%OL_END_REPORT
%OL_CREATE_REPORT clock.rpt
Clock: clk
Sources: clk 
Generated: no
Virtual: yes
Propagated: no
Period: 20.000000

===========================================================================
report_clock_properties
============================================================================
Clock                   Period          Waveform
----------------------------------------------------
clk                  20.000000    0.000000 10.000000

===========================================================================
report_clock_latency
============================================================================
Clock clk


===========================================================================
report_clock_min_period
============================================================================
clk period_min = 0.00 fmax = inf
%OL_END_REPORT
Writing SDF files for all corners…
Removing Clock latencies before writing libs…
Writing timing models for all corners…
Writing timing models for the max_tt_025C_1v80 corner to /home/jo2022/ttsky-verilog-template/runs/wokwi/55-openroad-stapostpnr/max_tt_025C_1v80/tt_um_josue_olivos_alu__max_tt_025C_1v80.lib…
