
===========================================================================
report_checks -path_delay max (Setup)
============================================================================
======================= nom_ff_n40C_1v95 Corner ===================================

Startpoint: ui_in[1] (input port clocked by clk)
Endpoint: uo_out[5] (output port clocked by clk)
Path Group: clk
Path Type: max

Fanout         Cap        Slew       Delay        Time   Description
---------------------------------------------------------------------------------------------
                      0.150000    0.000000    0.000000   clock clk (rise edge)
                                  0.000000    0.000000   clock network delay (ideal)
                                  4.000000    4.000000 v input external delay
     8    0.023826    0.037790    0.025220    4.025220 v ui_in[1] (in)
                                                         ui_in[1] (net)
                      0.037790    0.000000    4.025220 v _074_/A (sky130_fd_sc_hd__xnor2_2)
     6    0.020975    0.076979    0.125691    4.150912 v _074_/Y (sky130_fd_sc_hd__xnor2_2)
                                                         _012_ (net)
                      0.076979    0.000000    4.150912 v _086_/B (sky130_fd_sc_hd__or2_2)
     3    0.008809    0.050138    0.188773    4.339685 v _086_/X (sky130_fd_sc_hd__or2_2)
                                                         _024_ (net)
                      0.050138    0.000000    4.339685 v _087_/A3 (sky130_fd_sc_hd__a31o_2)
     1    0.001308    0.024401    0.150098    4.489783 v _087_/X (sky130_fd_sc_hd__a31o_2)
                                                         _025_ (net)
                      0.024401    0.000000    4.489783 v _088_/D (sky130_fd_sc_hd__or4_2)
     2    0.034837    0.136755    0.388651    4.878434 v _088_/X (sky130_fd_sc_hd__or4_2)
                                                         uo_out[1] (net)
                      0.136755    0.000000    4.878434 v _123_/B (sky130_fd_sc_hd__or2_2)
     1    0.003922    0.039865    0.196983    5.075417 v _123_/X (sky130_fd_sc_hd__or2_2)
                                                         _058_ (net)
                      0.039865    0.000000    5.075417 v _124_/D (sky130_fd_sc_hd__nor4_2)
     1    0.001878    0.117838    0.073738    5.149156 ^ _124_/Y (sky130_fd_sc_hd__nor4_2)
                                                         zero_flag (net)
                      0.117838    0.000000    5.149156 ^ _147_/A (sky130_fd_sc_hd__buf_2)
     1    0.033442    0.127439    0.157197    5.306353 ^ _147_/X (sky130_fd_sc_hd__buf_2)
                                                         uo_out[5] (net)
                      0.127439    0.000000    5.306353 ^ uo_out[5] (out)
                                              5.306353   data arrival time

                      0.150000   20.000000   20.000000   clock clk (rise edge)
                                  0.000000   20.000000   clock network delay (ideal)
                                 -0.250000   19.750002   clock uncertainty
                                  0.000000   19.750002   clock reconvergence pessimism
                                 -4.000000   15.750001   output external delay
                                             15.750001   data required time
---------------------------------------------------------------------------------------------
                                             15.750001   data required time
                                             -5.306353   data arrival time
---------------------------------------------------------------------------------------------
                                             10.443648   slack (MET)


Startpoint: ui_in[1] (input port clocked by clk)
Endpoint: uo_out[3] (output port clocked by clk)
Path Group: clk
Path Type: max

Fanout         Cap        Slew       Delay        Time   Description
---------------------------------------------------------------------------------------------
                      0.150000    0.000000    0.000000   clock clk (rise edge)
                                  0.000000    0.000000   clock network delay (ideal)
                                  4.000000    4.000000 v input external delay
     8    0.023826    0.037790    0.025220    4.025220 v ui_in[1] (in)
                                                         ui_in[1] (net)
                      0.037790    0.000000    4.025220 v _074_/A (sky130_fd_sc_hd__xnor2_2)
     6    0.020975    0.076979    0.125691    4.150912 v _074_/Y (sky130_fd_sc_hd__xnor2_2)
                                                         _012_ (net)
                      0.076979    0.000000    4.150912 v _086_/B (sky130_fd_sc_hd__or2_2)
     3    0.008809    0.050138    0.188773    4.339685 v _086_/X (sky130_fd_sc_hd__or2_2)
                                                         _024_ (net)
                      0.050138    0.000000    4.339685 v _093_/A2 (sky130_fd_sc_hd__a21o_2)
     3    0.008867    0.036780    0.150798    4.490483 v _093_/X (sky130_fd_sc_hd__a21o_2)
                                                         _030_ (net)
                      0.036780    0.000000    4.490483 v _110_/A2 (sky130_fd_sc_hd__a21o_2)
     2    0.006485    0.032585    0.140397    4.630880 v _110_/X (sky130_fd_sc_hd__a21o_2)
                                                         _046_ (net)
                      0.032585    0.000000    4.630880 v _121_/A2 (sky130_fd_sc_hd__a31o_2)
     2    0.005357    0.033778    0.148889    4.779769 v _121_/X (sky130_fd_sc_hd__a31o_2)
                                                         _057_ (net)
                      0.033778    0.000000    4.779769 v _122_/B (sky130_fd_sc_hd__or2_2)
     1    0.033442    0.090992    0.223737    5.003507 v _122_/X (sky130_fd_sc_hd__or2_2)
                                                         uo_out[3] (net)
                      0.090992    0.000000    5.003507 v uo_out[3] (out)
                                              5.003507   data arrival time

                      0.150000   20.000000   20.000000   clock clk (rise edge)
                                  0.000000   20.000000   clock network delay (ideal)
                                 -0.250000   19.750002   clock uncertainty
                                  0.000000   19.750002   clock reconvergence pessimism
                                 -4.000000   15.750001   output external delay
                                             15.750001   data required time
---------------------------------------------------------------------------------------------
                                             15.750001   data required time
                                             -5.003507   data arrival time
---------------------------------------------------------------------------------------------
                                             10.746493   slack (MET)


Startpoint: uio_in[0] (input port clocked by clk)
Endpoint: uo_out[2] (output port clocked by clk)
Path Group: clk
Path Type: max

Fanout         Cap        Slew       Delay        Time   Description
---------------------------------------------------------------------------------------------
                      0.150000    0.000000    0.000000   clock clk (rise edge)
                                  0.000000    0.000000   clock network delay (ideal)
                                  4.000000    4.000000 ^ input external delay
    10    0.031780    0.112342    0.076088    4.076087 ^ uio_in[0] (in)
                                                         uio_in[0] (net)
                      0.112342    0.000000    4.076087 ^ _079_/A_N (sky130_fd_sc_hd__and3b_2)
     3    0.005485    0.034054    0.138065    4.214153 v _079_/X (sky130_fd_sc_hd__and3b_2)
                                                         _017_ (net)
                      0.034054    0.000000    4.214153 v _103_/B1 (sky130_fd_sc_hd__a2bb2o_2)
     1    0.001487    0.027477    0.149044    4.363197 v _103_/X (sky130_fd_sc_hd__a2bb2o_2)
                                                         _040_ (net)
                      0.027477    0.000000    4.363197 v _105_/B (sky130_fd_sc_hd__or4b_2)
     1    0.002266    0.063922    0.347921    4.711118 v _105_/X (sky130_fd_sc_hd__or4b_2)
                                                         _042_ (net)
                      0.063922    0.000000    4.711118 v _106_/A2 (sky130_fd_sc_hd__o21a_2)
     2    0.037583    0.078721    0.189842    4.900960 v _106_/X (sky130_fd_sc_hd__o21a_2)
                                                         uo_out[2] (net)
                      0.078721    0.000000    4.900960 v uo_out[2] (out)
                                              4.900960   data arrival time

                      0.150000   20.000000   20.000000   clock clk (rise edge)
                                  0.000000   20.000000   clock network delay (ideal)
                                 -0.250000   19.750002   clock uncertainty
                                  0.000000   19.750002   clock reconvergence pessimism
                                 -4.000000   15.750001   output external delay
                                             15.750001   data required time
---------------------------------------------------------------------------------------------
                                             15.750001   data required time
                                             -4.900960   data arrival time
---------------------------------------------------------------------------------------------
                                             10.849041   slack (MET)


Startpoint: ui_in[1] (input port clocked by clk)
Endpoint: uo_out[1] (output port clocked by clk)
Path Group: clk
Path Type: max

Fanout         Cap        Slew       Delay        Time   Description
---------------------------------------------------------------------------------------------
                      0.150000    0.000000    0.000000   clock clk (rise edge)
                                  0.000000    0.000000   clock network delay (ideal)
                                  4.000000    4.000000 v input external delay
     8    0.023826    0.037790    0.025220    4.025220 v ui_in[1] (in)
                                                         ui_in[1] (net)
                      0.037790    0.000000    4.025220 v _074_/A (sky130_fd_sc_hd__xnor2_2)
     6    0.020975    0.076979    0.125691    4.150912 v _074_/Y (sky130_fd_sc_hd__xnor2_2)
                                                         _012_ (net)
                      0.076979    0.000000    4.150912 v _086_/B (sky130_fd_sc_hd__or2_2)
     3    0.008809    0.050138    0.188773    4.339685 v _086_/X (sky130_fd_sc_hd__or2_2)
                                                         _024_ (net)
                      0.050138    0.000000    4.339685 v _087_/A3 (sky130_fd_sc_hd__a31o_2)
     1    0.001308    0.024401    0.150098    4.489783 v _087_/X (sky130_fd_sc_hd__a31o_2)
                                                         _025_ (net)
                      0.024401    0.000000    4.489783 v _088_/D (sky130_fd_sc_hd__or4_2)
     2    0.034837    0.136755    0.388651    4.878434 v _088_/X (sky130_fd_sc_hd__or4_2)
                                                         uo_out[1] (net)
                      0.136755    0.000000    4.878434 v uo_out[1] (out)
                                              4.878434   data arrival time

                      0.150000   20.000000   20.000000   clock clk (rise edge)
                                  0.000000   20.000000   clock network delay (ideal)
                                 -0.250000   19.750002   clock uncertainty
                                  0.000000   19.750002   clock reconvergence pessimism
                                 -4.000000   15.750001   output external delay
                                             15.750001   data required time
---------------------------------------------------------------------------------------------
                                             15.750001   data required time
                                             -4.878434   data arrival time
---------------------------------------------------------------------------------------------
                                             10.871567   slack (MET)


Startpoint: ui_in[1] (input port clocked by clk)
Endpoint: uo_out[4] (output port clocked by clk)
Path Group: clk
Path Type: max

Fanout         Cap        Slew       Delay        Time   Description
---------------------------------------------------------------------------------------------
                      0.150000    0.000000    0.000000   clock clk (rise edge)
                                  0.000000    0.000000   clock network delay (ideal)
                                  4.000000    4.000000 v input external delay
     8    0.023826    0.037790    0.025220    4.025220 v ui_in[1] (in)
                                                         ui_in[1] (net)
                      0.037790    0.000000    4.025220 v _074_/A (sky130_fd_sc_hd__xnor2_2)
     6    0.020975    0.076979    0.125691    4.150912 v _074_/Y (sky130_fd_sc_hd__xnor2_2)
                                                         _012_ (net)
                      0.076979    0.000000    4.150912 v _086_/B (sky130_fd_sc_hd__or2_2)
     3    0.008809    0.050138    0.188773    4.339685 v _086_/X (sky130_fd_sc_hd__or2_2)
                                                         _024_ (net)
                      0.050138    0.000000    4.339685 v _093_/A2 (sky130_fd_sc_hd__a21o_2)
     3    0.008867    0.036780    0.150798    4.490483 v _093_/X (sky130_fd_sc_hd__a21o_2)
                                                         _030_ (net)
                      0.036780    0.000000    4.490483 v _110_/A2 (sky130_fd_sc_hd__a21o_2)
     2    0.006485    0.032585    0.140397    4.630880 v _110_/X (sky130_fd_sc_hd__a21o_2)
                                                         _046_ (net)
                      0.032585    0.000000    4.630880 v _126_/B (sky130_fd_sc_hd__nand2_2)
     1    0.002556    0.027419    0.039497    4.670378 ^ _126_/Y (sky130_fd_sc_hd__nand2_2)
                                                         _060_ (net)
                      0.027419    0.000000    4.670378 ^ _127_/B1 (sky130_fd_sc_hd__a22o_2)
     1    0.001878    0.021015    0.061026    4.731403 ^ _127_/X (sky130_fd_sc_hd__a22o_2)
                                                         carry_out (net)
                      0.021015    0.000000    4.731403 ^ _146_/A (sky130_fd_sc_hd__buf_2)
     1    0.033442    0.127465    0.132646    4.864050 ^ _146_/X (sky130_fd_sc_hd__buf_2)
                                                         uo_out[4] (net)
                      0.127465    0.000000    4.864050 ^ uo_out[4] (out)
                                              4.864050   data arrival time

                      0.150000   20.000000   20.000000   clock clk (rise edge)
                                  0.000000   20.000000   clock network delay (ideal)
                                 -0.250000   19.750002   clock uncertainty
                                  0.000000   19.750002   clock reconvergence pessimism
                                 -4.000000   15.750001   output external delay
                                             15.750001   data required time
---------------------------------------------------------------------------------------------
                                             15.750001   data required time
                                             -4.864050   data arrival time
---------------------------------------------------------------------------------------------
                                             10.885951   slack (MET)


Startpoint: uio_in[2] (input port clocked by clk)
Endpoint: uo_out[0] (output port clocked by clk)
Path Group: clk
Path Type: max

Fanout         Cap        Slew       Delay        Time   Description
---------------------------------------------------------------------------------------------
                      0.150000    0.000000    0.000000   clock clk (rise edge)
                                  0.000000    0.000000   clock network delay (ideal)
                                  4.000000    4.000000 ^ input external delay
    10    0.034103    0.120082    0.081484    4.081484 ^ uio_in[2] (in)
                                                         uio_in[2] (net)
                      0.120082    0.000000    4.081484 ^ _061_/A_N (sky130_fd_sc_hd__and3b_2)
     4    0.011202    0.043881    0.151524    4.233008 v _061_/X (sky130_fd_sc_hd__and3b_2)
                                                         _000_ (net)
                      0.043881    0.000000    4.233008 v _065_/B1 (sky130_fd_sc_hd__o22a_2)
     1    0.001547    0.022995    0.115668    4.348676 v _065_/X (sky130_fd_sc_hd__o22a_2)
                                                         _004_ (net)
                      0.022995    0.000000    4.348676 v _071_/A (sky130_fd_sc_hd__or3_2)
     2    0.034948    0.114468    0.349082    4.697758 v _071_/X (sky130_fd_sc_hd__or3_2)
                                                         uo_out[0] (net)
                      0.114468    0.000000    4.697758 v uo_out[0] (out)
                                              4.697758   data arrival time

                      0.150000   20.000000   20.000000   clock clk (rise edge)
                                  0.000000   20.000000   clock network delay (ideal)
                                 -0.250000   19.750002   clock uncertainty
                                  0.000000   19.750002   clock reconvergence pessimism
                                 -4.000000   15.750001   output external delay
                                             15.750001   data required time
---------------------------------------------------------------------------------------------
                                             15.750001   data required time
                                             -4.697758   data arrival time
---------------------------------------------------------------------------------------------
                                             11.052242   slack (MET)



