+ define_corners nom_ff_n40C_1v95
Reading timing models for corner nom_ff_n40C_1v95…
Reading cell library for the 'nom_ff_n40C_1v95' corner at '/home/jo2022/ttsetup/pdk/ciel/sky130/versions/8afc8346a57fe1ab7934ba5a6056ea8b43078e71/sky130A/libs.ref/sky130_fd_sc_hd/lib/sky130_fd_sc_hd__ff_n40C_1v95.lib'…
Reading top-level netlist at '/home/jo2022/ttsky-verilog-template/runs/wokwi/06-yosys-synthesis/tt_um_josue_olivos_alu.nl.v'…
Linking design 'tt_um_josue_olivos_alu' from netlist…
Reading design constraints file at '/nix/store/5qhi22zib758klv5di7jvny5b48ckmw3-python3-3.13.9-env/lib/python3.13/site-packages/librelane/scripts/base.sdc'…
[INFO] Using clock clk…
[INFO] Setting output delay to: 4
[INFO] Setting input delay to: 4
[INFO] Setting load to: 0.033442
[INFO] Setting clock uncertainty to: 0.25
[INFO] Setting clock transition to: 0.1499999999999999944488848768742172978818416595458984375
[INFO] Setting timing derate to: 5%
%OL_CREATE_REPORT min.rpt

===========================================================================
report_checks -path_delay min (Hold)
============================================================================
======================= nom_ff_n40C_1v95 Corner ===================================

Startpoint: ui_in[0] (input port clocked by clk)
Endpoint: uo_out[0] (output port clocked by clk)
Path Group: clk
Path Type: min

Fanout         Cap        Slew       Delay        Time   Description
---------------------------------------------------------------------------------------------
                      0.150000    0.000000    0.000000   clock clk (rise edge)
                                  0.000000    0.000000   clock network delay (ideal)
                                  4.000000    4.000000 v input external delay
     7    0.021038    0.033615    0.022133    4.022133 v ui_in[0] (in)
                                                         ui_in[0] (net)
                      0.033615    0.000000    4.022133 v _070_/A (sky130_fd_sc_hd__nor2_2)
     1    0.001556    0.035410    0.056303    4.078436 ^ _070_/Y (sky130_fd_sc_hd__nor2_2)
                                                         _009_ (net)
                      0.035410    0.000000    4.078436 ^ _071_/C (sky130_fd_sc_hd__or3_2)
     2    0.035111    0.135115    0.147911    4.226347 ^ _071_/X (sky130_fd_sc_hd__or3_2)
                                                         uo_out[0] (net)
                      0.135115    0.000000    4.226347 ^ uo_out[0] (out)
                                              4.226347   data arrival time

                      0.150000    0.000000    0.000000   clock clk (rise edge)
                                  0.000000    0.000000   clock network delay (ideal)
                                  0.250000    0.250000   clock uncertainty
                                  0.000000    0.250000   clock reconvergence pessimism
                                 -4.000000   -3.750000   output external delay
                                             -3.750000   data required time
---------------------------------------------------------------------------------------------
                                             -3.750000   data required time
                                             -4.226347   data arrival time
---------------------------------------------------------------------------------------------
                                              7.976347   slack (MET)


Startpoint: ui_in[3] (input port clocked by clk)
Endpoint: uo_out[4] (output port clocked by clk)
Path Group: clk
Path Type: min

Fanout         Cap        Slew       Delay        Time   Description
---------------------------------------------------------------------------------------------
                      0.150000    0.000000    0.000000   clock clk (rise edge)
                                  0.000000    0.000000   clock network delay (ideal)
                                  4.000000    4.000000 v input external delay
     6    0.016193    0.026360    0.016769    4.016769 v ui_in[3] (in)
                                                         ui_in[3] (net)
                      0.026360    0.000000    4.016769 v _125_/B (sky130_fd_sc_hd__nand2b_2)
     1    0.002544    0.023421    0.036191    4.052960 ^ _125_/Y (sky130_fd_sc_hd__nand2b_2)
                                                         _059_ (net)
                      0.023421    0.000000    4.052960 ^ _127_/A2 (sky130_fd_sc_hd__a22o_2)
     1    0.001878    0.018855    0.070176    4.123136 ^ _127_/X (sky130_fd_sc_hd__a22o_2)
                                                         carry_out (net)
                      0.018855    0.000000    4.123136 ^ _146_/A (sky130_fd_sc_hd__buf_2)
     1    0.033442    0.127472    0.132024    4.255159 ^ _146_/X (sky130_fd_sc_hd__buf_2)
                                                         uo_out[4] (net)
                      0.127472    0.000000    4.255159 ^ uo_out[4] (out)
                                              4.255159   data arrival time

                      0.150000    0.000000    0.000000   clock clk (rise edge)
                                  0.000000    0.000000   clock network delay (ideal)
                                  0.250000    0.250000   clock uncertainty
                                  0.000000    0.250000   clock reconvergence pessimism
                                 -4.000000   -3.750000   output external delay
                                             -3.750000   data required time
---------------------------------------------------------------------------------------------
                                             -3.750000   data required time
                                             -4.255159   data arrival time
---------------------------------------------------------------------------------------------
                                              8.005159   slack (MET)


Startpoint: ui_in[2] (input port clocked by clk)
Endpoint: uo_out[1] (output port clocked by clk)
Path Group: clk
Path Type: min

Fanout         Cap        Slew       Delay        Time   Description
---------------------------------------------------------------------------------------------
                      0.150000    0.000000    0.000000   clock clk (rise edge)
                                  0.000000    0.000000   clock network delay (ideal)
                                  4.000000    4.000000 ^ input external delay
     7    0.014830    0.055866    0.036715    4.036715 ^ ui_in[2] (in)
                                                         ui_in[2] (net)
                      0.055866    0.000000    4.036715 ^ _078_/B2 (sky130_fd_sc_hd__a2bb2o_2)
     1    0.001902    0.019395    0.087524    4.124239 ^ _078_/X (sky130_fd_sc_hd__a2bb2o_2)
                                                         _016_ (net)
                      0.019395    0.000000    4.124239 ^ _088_/B (sky130_fd_sc_hd__or4_2)
     2    0.035029    0.135250    0.149001    4.273240 ^ _088_/X (sky130_fd_sc_hd__or4_2)
                                                         uo_out[1] (net)
                      0.135250    0.000000    4.273240 ^ uo_out[1] (out)
                                              4.273240   data arrival time

                      0.150000    0.000000    0.000000   clock clk (rise edge)
                                  0.000000    0.000000   clock network delay (ideal)
                                  0.250000    0.250000   clock uncertainty
                                  0.000000    0.250000   clock reconvergence pessimism
                                 -4.000000   -3.750000   output external delay
                                             -3.750000   data required time
---------------------------------------------------------------------------------------------
                                             -3.750000   data required time
                                             -4.273240   data arrival time
---------------------------------------------------------------------------------------------
                                              8.023240   slack (MET)


Startpoint: uio_in[0] (input port clocked by clk)
Endpoint: uo_out[2] (output port clocked by clk)
Path Group: clk
Path Type: min

Fanout         Cap        Slew       Delay        Time   Description
---------------------------------------------------------------------------------------------
                      0.150000    0.000000    0.000000   clock clk (rise edge)
                                  0.000000    0.000000   clock network delay (ideal)
                                  4.000000    4.000000 v input external delay
    10    0.028537    0.044844    0.030436    4.030436 v uio_in[0] (in)
                                                         uio_in[0] (net)
                      0.044844    0.000000    4.030436 v _102_/C1 (sky130_fd_sc_hd__a211oi_2)
     1    0.001642    0.053421    0.054273    4.084709 ^ _102_/Y (sky130_fd_sc_hd__a211oi_2)
                                                         _039_ (net)
                      0.053421    0.000000    4.084709 ^ _105_/A (sky130_fd_sc_hd__or4b_2)
     1    0.002575    0.022730    0.076067    4.160776 ^ _105_/X (sky130_fd_sc_hd__or4b_2)
                                                         _042_ (net)
                      0.022730    0.000000    4.160776 ^ _106_/A2 (sky130_fd_sc_hd__o21a_2)
     2    0.038042    0.152948    0.157649    4.318425 ^ _106_/X (sky130_fd_sc_hd__o21a_2)
                                                         uo_out[2] (net)
                      0.152948    0.000000    4.318425 ^ uo_out[2] (out)
                                              4.318425   data arrival time

                      0.150000    0.000000    0.000000   clock clk (rise edge)
                                  0.000000    0.000000   clock network delay (ideal)
                                  0.250000    0.250000   clock uncertainty
                                  0.000000    0.250000   clock reconvergence pessimism
                                 -4.000000   -3.750000   output external delay
                                             -3.750000   data required time
---------------------------------------------------------------------------------------------
                                             -3.750000   data required time
                                             -4.318425   data arrival time
---------------------------------------------------------------------------------------------
                                              8.068424   slack (MET)


Startpoint: ui_in[6] (input port clocked by clk)
Endpoint: uo_out[5] (output port clocked by clk)
Path Group: clk
Path Type: min

Fanout         Cap        Slew       Delay        Time   Description
---------------------------------------------------------------------------------------------
                      0.150000    0.000000    0.000000   clock clk (rise edge)
                                  0.000000    0.000000   clock network delay (ideal)
                                  4.000000    4.000000 ^ input external delay
     4    0.009554    0.037943    0.023950    4.023950 ^ ui_in[6] (in)
                                                         ui_in[6] (net)
                      0.037943    0.000000    4.023950 ^ _091_/B (sky130_fd_sc_hd__nand2_2)
     3    0.010772    0.034480    0.042102    4.066052 v _091_/Y (sky130_fd_sc_hd__nand2_2)
                                                         _028_ (net)
                      0.034480    0.000000    4.066052 v _111_/A (sky130_fd_sc_hd__nand3_2)
     1    0.002528    0.023650    0.034920    4.100973 ^ _111_/Y (sky130_fd_sc_hd__nand3_2)
                                                         _047_ (net)
                      0.023650    0.000000    4.100973 ^ _121_/A3 (sky130_fd_sc_hd__a31o_2)
     2    0.006254    0.035102    0.094091    4.195064 ^ _121_/X (sky130_fd_sc_hd__a31o_2)
                                                         _057_ (net)
                      0.035102    0.000000    4.195064 ^ _124_/C (sky130_fd_sc_hd__nor4_2)
     1    0.001719    0.012925    0.023069    4.218133 v _124_/Y (sky130_fd_sc_hd__nor4_2)
                                                         zero_flag (net)
                      0.012925    0.000000    4.218133 v _147_/A (sky130_fd_sc_hd__buf_2)
     1    0.033442    0.061521    0.110293    4.328426 v _147_/X (sky130_fd_sc_hd__buf_2)
                                                         uo_out[5] (net)
                      0.061521    0.000000    4.328426 v uo_out[5] (out)
                                              4.328426   data arrival time

                      0.150000    0.000000    0.000000   clock clk (rise edge)
                                  0.000000    0.000000   clock network delay (ideal)
                                  0.250000    0.250000   clock uncertainty
                                  0.000000    0.250000   clock reconvergence pessimism
                                 -4.000000   -3.750000   output external delay
                                             -3.750000   data required time
---------------------------------------------------------------------------------------------
                                             -3.750000   data required time
                                             -4.328426   data arrival time
---------------------------------------------------------------------------------------------
                                              8.078425   slack (MET)


Startpoint: ui_in[6] (input port clocked by clk)
Endpoint: uo_out[3] (output port clocked by clk)
Path Group: clk
Path Type: min

Fanout         Cap        Slew       Delay        Time   Description
---------------------------------------------------------------------------------------------
                      0.150000    0.000000    0.000000   clock clk (rise edge)
                                  0.000000    0.000000   clock network delay (ideal)
                                  4.000000    4.000000 ^ input external delay
     4    0.009554    0.037943    0.023950    4.023950 ^ ui_in[6] (in)
                                                         ui_in[6] (net)
                      0.037943    0.000000    4.023950 ^ _091_/B (sky130_fd_sc_hd__nand2_2)
     3    0.010772    0.034480    0.042102    4.066052 v _091_/Y (sky130_fd_sc_hd__nand2_2)
                                                         _028_ (net)
                      0.034480    0.000000    4.066052 v _111_/A (sky130_fd_sc_hd__nand3_2)
     1    0.002528    0.023650    0.034920    4.100973 ^ _111_/Y (sky130_fd_sc_hd__nand3_2)
                                                         _047_ (net)
                      0.023650    0.000000    4.100973 ^ _121_/A3 (sky130_fd_sc_hd__a31o_2)
     2    0.006254    0.035102    0.094091    4.195064 ^ _121_/X (sky130_fd_sc_hd__a31o_2)
                                                         _057_ (net)
                      0.035102    0.000000    4.195064 ^ _122_/B (sky130_fd_sc_hd__or2_2)
     1    0.033442    0.135634    0.145023    4.340087 ^ _122_/X (sky130_fd_sc_hd__or2_2)
                                                         uo_out[3] (net)
                      0.135634    0.000000    4.340087 ^ uo_out[3] (out)
                                              4.340087   data arrival time

                      0.150000    0.000000    0.000000   clock clk (rise edge)
                                  0.000000    0.000000   clock network delay (ideal)
                                  0.250000    0.250000   clock uncertainty
                                  0.000000    0.250000   clock reconvergence pessimism
                                 -4.000000   -3.750000   output external delay
                                             -3.750000   data required time
---------------------------------------------------------------------------------------------
                                             -3.750000   data required time
                                             -4.340087   data arrival time
---------------------------------------------------------------------------------------------
                                              8.090087   slack (MET)



%OL_END_REPORT
%OL_CREATE_REPORT max.rpt

===========================================================================
report_checks -path_delay max (Setup)
============================================================================
======================= nom_ff_n40C_1v95 Corner ===================================

Startpoint: ui_in[1] (input port clocked by clk)
Endpoint: uo_out[5] (output port clocked by clk)
Path Group: clk
Path Type: max

Fanout         Cap        Slew       Delay        Time   Description
---------------------------------------------------------------------------------------------
                      0.150000    0.000000    0.000000   clock clk (rise edge)
                                  0.000000    0.000000   clock network delay (ideal)
                                  4.000000    4.000000 v input external delay
     8    0.023826    0.037790    0.025220    4.025220 v ui_in[1] (in)
                                                         ui_in[1] (net)
                      0.037790    0.000000    4.025220 v _074_/A (sky130_fd_sc_hd__xnor2_2)
     6    0.020975    0.076979    0.125691    4.150912 v _074_/Y (sky130_fd_sc_hd__xnor2_2)
                                                         _012_ (net)
                      0.076979    0.000000    4.150912 v _086_/B (sky130_fd_sc_hd__or2_2)
     3    0.008809    0.050138    0.188773    4.339685 v _086_/X (sky130_fd_sc_hd__or2_2)
                                                         _024_ (net)
                      0.050138    0.000000    4.339685 v _087_/A3 (sky130_fd_sc_hd__a31o_2)
     1    0.001308    0.024401    0.150098    4.489783 v _087_/X (sky130_fd_sc_hd__a31o_2)
                                                         _025_ (net)
                      0.024401    0.000000    4.489783 v _088_/D (sky130_fd_sc_hd__or4_2)
     2    0.034837    0.136755    0.388651    4.878434 v _088_/X (sky130_fd_sc_hd__or4_2)
                                                         uo_out[1] (net)
                      0.136755    0.000000    4.878434 v _123_/B (sky130_fd_sc_hd__or2_2)
     1    0.003922    0.039865    0.196983    5.075417 v _123_/X (sky130_fd_sc_hd__or2_2)
                                                         _058_ (net)
                      0.039865    0.000000    5.075417 v _124_/D (sky130_fd_sc_hd__nor4_2)
     1    0.001878    0.117838    0.073738    5.149156 ^ _124_/Y (sky130_fd_sc_hd__nor4_2)
                                                         zero_flag (net)
                      0.117838    0.000000    5.149156 ^ _147_/A (sky130_fd_sc_hd__buf_2)
     1    0.033442    0.127439    0.157197    5.306353 ^ _147_/X (sky130_fd_sc_hd__buf_2)
                                                         uo_out[5] (net)
                      0.127439    0.000000    5.306353 ^ uo_out[5] (out)
                                              5.306353   data arrival time

                      0.150000   20.000000   20.000000   clock clk (rise edge)
                                  0.000000   20.000000   clock network delay (ideal)
                                 -0.250000   19.750002   clock uncertainty
                                  0.000000   19.750002   clock reconvergence pessimism
                                 -4.000000   15.750001   output external delay
                                             15.750001   data required time
---------------------------------------------------------------------------------------------
                                             15.750001   data required time
                                             -5.306353   data arrival time
---------------------------------------------------------------------------------------------
                                             10.443648   slack (MET)


Startpoint: ui_in[1] (input port clocked by clk)
Endpoint: uo_out[3] (output port clocked by clk)
Path Group: clk
Path Type: max

Fanout         Cap        Slew       Delay        Time   Description
---------------------------------------------------------------------------------------------
                      0.150000    0.000000    0.000000   clock clk (rise edge)
                                  0.000000    0.000000   clock network delay (ideal)
                                  4.000000    4.000000 v input external delay
     8    0.023826    0.037790    0.025220    4.025220 v ui_in[1] (in)
                                                         ui_in[1] (net)
                      0.037790    0.000000    4.025220 v _074_/A (sky130_fd_sc_hd__xnor2_2)
     6    0.020975    0.076979    0.125691    4.150912 v _074_/Y (sky130_fd_sc_hd__xnor2_2)
                                                         _012_ (net)
                      0.076979    0.000000    4.150912 v _086_/B (sky130_fd_sc_hd__or2_2)
     3    0.008809    0.050138    0.188773    4.339685 v _086_/X (sky130_fd_sc_hd__or2_2)
                                                         _024_ (net)
                      0.050138    0.000000    4.339685 v _093_/A2 (sky130_fd_sc_hd__a21o_2)
     3    0.008867    0.036780    0.150798    4.490483 v _093_/X (sky130_fd_sc_hd__a21o_2)
                                                         _030_ (net)
                      0.036780    0.000000    4.490483 v _110_/A2 (sky130_fd_sc_hd__a21o_2)
     2    0.006485    0.032585    0.140397    4.630880 v _110_/X (sky130_fd_sc_hd__a21o_2)
                                                         _046_ (net)
                      0.032585    0.000000    4.630880 v _121_/A2 (sky130_fd_sc_hd__a31o_2)
     2    0.005357    0.033778    0.148889    4.779769 v _121_/X (sky130_fd_sc_hd__a31o_2)
                                                         _057_ (net)
                      0.033778    0.000000    4.779769 v _122_/B (sky130_fd_sc_hd__or2_2)
     1    0.033442    0.090992    0.223737    5.003507 v _122_/X (sky130_fd_sc_hd__or2_2)
                                                         uo_out[3] (net)
                      0.090992    0.000000    5.003507 v uo_out[3] (out)
                                              5.003507   data arrival time

                      0.150000   20.000000   20.000000   clock clk (rise edge)
                                  0.000000   20.000000   clock network delay (ideal)
                                 -0.250000   19.750002   clock uncertainty
                                  0.000000   19.750002   clock reconvergence pessimism
                                 -4.000000   15.750001   output external delay
                                             15.750001   data required time
---------------------------------------------------------------------------------------------
                                             15.750001   data required time
                                             -5.003507   data arrival time
---------------------------------------------------------------------------------------------
                                             10.746493   slack (MET)


Startpoint: uio_in[0] (input port clocked by clk)
Endpoint: uo_out[2] (output port clocked by clk)
Path Group: clk
Path Type: max

Fanout         Cap        Slew       Delay        Time   Description
---------------------------------------------------------------------------------------------
                      0.150000    0.000000    0.000000   clock clk (rise edge)
                                  0.000000    0.000000   clock network delay (ideal)
                                  4.000000    4.000000 ^ input external delay
    10    0.031780    0.112342    0.076088    4.076087 ^ uio_in[0] (in)
                                                         uio_in[0] (net)
                      0.112342    0.000000    4.076087 ^ _079_/A_N (sky130_fd_sc_hd__and3b_2)
     3    0.005485    0.034054    0.138065    4.214153 v _079_/X (sky130_fd_sc_hd__and3b_2)
                                                         _017_ (net)
                      0.034054    0.000000    4.214153 v _103_/B1 (sky130_fd_sc_hd__a2bb2o_2)
     1    0.001487    0.027477    0.149044    4.363197 v _103_/X (sky130_fd_sc_hd__a2bb2o_2)
                                                         _040_ (net)
                      0.027477    0.000000    4.363197 v _105_/B (sky130_fd_sc_hd__or4b_2)
     1    0.002266    0.063922    0.347921    4.711118 v _105_/X (sky130_fd_sc_hd__or4b_2)
                                                         _042_ (net)
                      0.063922    0.000000    4.711118 v _106_/A2 (sky130_fd_sc_hd__o21a_2)
     2    0.037583    0.078721    0.189842    4.900960 v _106_/X (sky130_fd_sc_hd__o21a_2)
                                                         uo_out[2] (net)
                      0.078721    0.000000    4.900960 v uo_out[2] (out)
                                              4.900960   data arrival time

                      0.150000   20.000000   20.000000   clock clk (rise edge)
                                  0.000000   20.000000   clock network delay (ideal)
                                 -0.250000   19.750002   clock uncertainty
                                  0.000000   19.750002   clock reconvergence pessimism
                                 -4.000000   15.750001   output external delay
                                             15.750001   data required time
---------------------------------------------------------------------------------------------
                                             15.750001   data required time
                                             -4.900960   data arrival time
---------------------------------------------------------------------------------------------
                                             10.849041   slack (MET)


Startpoint: ui_in[1] (input port clocked by clk)
Endpoint: uo_out[1] (output port clocked by clk)
Path Group: clk
Path Type: max

Fanout         Cap        Slew       Delay        Time   Description
---------------------------------------------------------------------------------------------
                      0.150000    0.000000    0.000000   clock clk (rise edge)
                                  0.000000    0.000000   clock network delay (ideal)
                                  4.000000    4.000000 v input external delay
     8    0.023826    0.037790    0.025220    4.025220 v ui_in[1] (in)
                                                         ui_in[1] (net)
                      0.037790    0.000000    4.025220 v _074_/A (sky130_fd_sc_hd__xnor2_2)
     6    0.020975    0.076979    0.125691    4.150912 v _074_/Y (sky130_fd_sc_hd__xnor2_2)
                                                         _012_ (net)
                      0.076979    0.000000    4.150912 v _086_/B (sky130_fd_sc_hd__or2_2)
     3    0.008809    0.050138    0.188773    4.339685 v _086_/X (sky130_fd_sc_hd__or2_2)
                                                         _024_ (net)
                      0.050138    0.000000    4.339685 v _087_/A3 (sky130_fd_sc_hd__a31o_2)
     1    0.001308    0.024401    0.150098    4.489783 v _087_/X (sky130_fd_sc_hd__a31o_2)
                                                         _025_ (net)
                      0.024401    0.000000    4.489783 v _088_/D (sky130_fd_sc_hd__or4_2)
     2    0.034837    0.136755    0.388651    4.878434 v _088_/X (sky130_fd_sc_hd__or4_2)
                                                         uo_out[1] (net)
                      0.136755    0.000000    4.878434 v uo_out[1] (out)
                                              4.878434   data arrival time

                      0.150000   20.000000   20.000000   clock clk (rise edge)
                                  0.000000   20.000000   clock network delay (ideal)
                                 -0.250000   19.750002   clock uncertainty
                                  0.000000   19.750002   clock reconvergence pessimism
                                 -4.000000   15.750001   output external delay
                                             15.750001   data required time
---------------------------------------------------------------------------------------------
                                             15.750001   data required time
                                             -4.878434   data arrival time
---------------------------------------------------------------------------------------------
                                             10.871567   slack (MET)


Startpoint: ui_in[1] (input port clocked by clk)
Endpoint: uo_out[4] (output port clocked by clk)
Path Group: clk
Path Type: max

Fanout         Cap        Slew       Delay        Time   Description
---------------------------------------------------------------------------------------------
                      0.150000    0.000000    0.000000   clock clk (rise edge)
                                  0.000000    0.000000   clock network delay (ideal)
                                  4.000000    4.000000 v input external delay
     8    0.023826    0.037790    0.025220    4.025220 v ui_in[1] (in)
                                                         ui_in[1] (net)
                      0.037790    0.000000    4.025220 v _074_/A (sky130_fd_sc_hd__xnor2_2)
     6    0.020975    0.076979    0.125691    4.150912 v _074_/Y (sky130_fd_sc_hd__xnor2_2)
                                                         _012_ (net)
                      0.076979    0.000000    4.150912 v _086_/B (sky130_fd_sc_hd__or2_2)
     3    0.008809    0.050138    0.188773    4.339685 v _086_/X (sky130_fd_sc_hd__or2_2)
                                                         _024_ (net)
                      0.050138    0.000000    4.339685 v _093_/A2 (sky130_fd_sc_hd__a21o_2)
     3    0.008867    0.036780    0.150798    4.490483 v _093_/X (sky130_fd_sc_hd__a21o_2)
                                                         _030_ (net)
                      0.036780    0.000000    4.490483 v _110_/A2 (sky130_fd_sc_hd__a21o_2)
     2    0.006485    0.032585    0.140397    4.630880 v _110_/X (sky130_fd_sc_hd__a21o_2)
                                                         _046_ (net)
                      0.032585    0.000000    4.630880 v _126_/B (sky130_fd_sc_hd__nand2_2)
     1    0.002556    0.027419    0.039497    4.670378 ^ _126_/Y (sky130_fd_sc_hd__nand2_2)
                                                         _060_ (net)
                      0.027419    0.000000    4.670378 ^ _127_/B1 (sky130_fd_sc_hd__a22o_2)
     1    0.001878    0.021015    0.061026    4.731403 ^ _127_/X (sky130_fd_sc_hd__a22o_2)
                                                         carry_out (net)
                      0.021015    0.000000    4.731403 ^ _146_/A (sky130_fd_sc_hd__buf_2)
     1    0.033442    0.127465    0.132646    4.864050 ^ _146_/X (sky130_fd_sc_hd__buf_2)
                                                         uo_out[4] (net)
                      0.127465    0.000000    4.864050 ^ uo_out[4] (out)
                                              4.864050   data arrival time

                      0.150000   20.000000   20.000000   clock clk (rise edge)
                                  0.000000   20.000000   clock network delay (ideal)
                                 -0.250000   19.750002   clock uncertainty
                                  0.000000   19.750002   clock reconvergence pessimism
                                 -4.000000   15.750001   output external delay
                                             15.750001   data required time
---------------------------------------------------------------------------------------------
                                             15.750001   data required time
                                             -4.864050   data arrival time
---------------------------------------------------------------------------------------------
                                             10.885951   slack (MET)


Startpoint: uio_in[2] (input port clocked by clk)
Endpoint: uo_out[0] (output port clocked by clk)
Path Group: clk
Path Type: max

Fanout         Cap        Slew       Delay        Time   Description
---------------------------------------------------------------------------------------------
                      0.150000    0.000000    0.000000   clock clk (rise edge)
                                  0.000000    0.000000   clock network delay (ideal)
                                  4.000000    4.000000 ^ input external delay
    10    0.034103    0.120082    0.081484    4.081484 ^ uio_in[2] (in)
                                                         uio_in[2] (net)
                      0.120082    0.000000    4.081484 ^ _061_/A_N (sky130_fd_sc_hd__and3b_2)
     4    0.011202    0.043881    0.151524    4.233008 v _061_/X (sky130_fd_sc_hd__and3b_2)
                                                         _000_ (net)
                      0.043881    0.000000    4.233008 v _065_/B1 (sky130_fd_sc_hd__o22a_2)
     1    0.001547    0.022995    0.115668    4.348676 v _065_/X (sky130_fd_sc_hd__o22a_2)
                                                         _004_ (net)
                      0.022995    0.000000    4.348676 v _071_/A (sky130_fd_sc_hd__or3_2)
     2    0.034948    0.114468    0.349082    4.697758 v _071_/X (sky130_fd_sc_hd__or3_2)
                                                         uo_out[0] (net)
                      0.114468    0.000000    4.697758 v uo_out[0] (out)
                                              4.697758   data arrival time

                      0.150000   20.000000   20.000000   clock clk (rise edge)
                                  0.000000   20.000000   clock network delay (ideal)
                                 -0.250000   19.750002   clock uncertainty
                                  0.000000   19.750002   clock reconvergence pessimism
                                 -4.000000   15.750001   output external delay
                                             15.750001   data required time
---------------------------------------------------------------------------------------------
                                             15.750001   data required time
                                             -4.697758   data arrival time
---------------------------------------------------------------------------------------------
                                             11.052242   slack (MET)



%OL_END_REPORT
%OL_CREATE_REPORT checks.rpt

===========================================================================
report_checks -unconstrained
===========================================================================
======================= nom_ff_n40C_1v95 Corner ===================================

Startpoint: ui_in[1] (input port clocked by clk)
Endpoint: uo_out[5] (output port clocked by clk)
Path Group: clk
Path Type: max

Fanout         Cap        Slew       Delay        Time   Description
---------------------------------------------------------------------------------------------
                      0.150000    0.000000    0.000000   clock clk (rise edge)
                                  0.000000    0.000000   clock network delay (ideal)
                                  4.000000    4.000000 v input external delay
     8    0.023826    0.037790    0.025220    4.025220 v ui_in[1] (in)
                                                         ui_in[1] (net)
                      0.037790    0.000000    4.025220 v _074_/A (sky130_fd_sc_hd__xnor2_2)
     6    0.020975    0.076979    0.125691    4.150912 v _074_/Y (sky130_fd_sc_hd__xnor2_2)
                                                         _012_ (net)
                      0.076979    0.000000    4.150912 v _086_/B (sky130_fd_sc_hd__or2_2)
     3    0.008809    0.050138    0.188773    4.339685 v _086_/X (sky130_fd_sc_hd__or2_2)
                                                         _024_ (net)
                      0.050138    0.000000    4.339685 v _087_/A3 (sky130_fd_sc_hd__a31o_2)
     1    0.001308    0.024401    0.150098    4.489783 v _087_/X (sky130_fd_sc_hd__a31o_2)
                                                         _025_ (net)
                      0.024401    0.000000    4.489783 v _088_/D (sky130_fd_sc_hd__or4_2)
     2    0.034837    0.136755    0.388651    4.878434 v _088_/X (sky130_fd_sc_hd__or4_2)
                                                         uo_out[1] (net)
                      0.136755    0.000000    4.878434 v _123_/B (sky130_fd_sc_hd__or2_2)
     1    0.003922    0.039865    0.196983    5.075417 v _123_/X (sky130_fd_sc_hd__or2_2)
                                                         _058_ (net)
                      0.039865    0.000000    5.075417 v _124_/D (sky130_fd_sc_hd__nor4_2)
     1    0.001878    0.117838    0.073738    5.149156 ^ _124_/Y (sky130_fd_sc_hd__nor4_2)
                                                         zero_flag (net)
                      0.117838    0.000000    5.149156 ^ _147_/A (sky130_fd_sc_hd__buf_2)
     1    0.033442    0.127439    0.157197    5.306353 ^ _147_/X (sky130_fd_sc_hd__buf_2)
                                                         uo_out[5] (net)
                      0.127439    0.000000    5.306353 ^ uo_out[5] (out)
                                              5.306353   data arrival time

                      0.150000   20.000000   20.000000   clock clk (rise edge)
                                  0.000000   20.000000   clock network delay (ideal)
                                 -0.250000   19.750002   clock uncertainty
                                  0.000000   19.750002   clock reconvergence pessimism
                                 -4.000000   15.750001   output external delay
                                             15.750001   data required time
---------------------------------------------------------------------------------------------
                                             15.750001   data required time
                                             -5.306353   data arrival time
---------------------------------------------------------------------------------------------
                                             10.443648   slack (MET)




===========================================================================
report_checks --slack_max -0.01
============================================================================
======================= nom_ff_n40C_1v95 Corner ===================================

No paths found.


===========================================================================
 report_check_types -max_slew -max_cap -max_fanout -violators
============================================================================
======================= nom_ff_n40C_1v95 Corner ===================================



===========================================================================
report_parasitic_annotation -report_unannotated
============================================================================
Found 124 unannotated drivers.
 clk
 ena
 rst_n
 ui_in[0]
 ui_in[1]
 ui_in[2]
 ui_in[3]
 ui_in[4]
 ui_in[5]
 ui_in[6]
 ui_in[7]
 uio_in[0]
 uio_in[1]
 uio_in[2]
 uio_in[3]
 uio_in[4]
 uio_in[5]
 uio_in[6]
 uio_in[7]
 _061_/X
 _062_/Y
 _063_/Y
 _064_/Y
 _065_/X
 _066_/Y
 _067_/X
 _068_/X
 _069_/Y
 _070_/Y
 _071_/X
 _072_/X
 _073_/Y
 _074_/Y
 _075_/X
 _076_/Y
 _077_/X
 _078_/X
 _079_/X
 _080_/X
 _081_/Y
 _082_/Y
 _083_/Y
 _084_/Y
 _085_/Y
 _086_/X
 _087_/X
 _088_/X
 _089_/X
 _090_/X
 _091_/Y
 _092_/Y
 _093_/X
 _094_/Y
 _095_/X
 _096_/X
 _097_/X
 _098_/Y
 _099_/X
 _100_/X
 _101_/Y
 _102_/Y
 _103_/X
 _104_/X
 _105_/X
 _106_/X
 _107_/X
 _108_/Y
 _109_/Y
 _110_/X
 _111_/Y
 _112_/X
 _113_/X
 _114_/Y
 _115_/X
 _116_/X
 _117_/X
 _118_/X
 _119_/X
 _120_/X
 _121_/X
 _122_/X
 _123_/X
 _124_/Y
 _125_/Y
 _126_/Y
 _127_/X
 _128_/HI
 _128_/LO
 _129_/HI
 _129_/LO
 _130_/HI
 _130_/LO
 _131_/HI
 _131_/LO
 _132_/HI
 _132_/LO
 _133_/HI
 _133_/LO
 _134_/HI
 _134_/LO
 _135_/HI
 _135_/LO
 _136_/HI
 _136_/LO
 _137_/HI
 _137_/LO
 _138_/HI
 _138_/LO
 _139_/HI
 _139_/LO
 _140_/HI
 _140_/LO
 _141_/HI
 _141_/LO
 _142_/HI
 _142_/LO
 _143_/HI
 _143_/LO
 _144_/HI
 _144_/LO
 _145_/HI
 _145_/LO
 _146_/X
 _147_/X
Found 0 partially unannotated drivers.

===========================================================================
max slew violation count 0
%OL_METRIC_I design__max_slew_violation__count__corner:nom_ff_n40C_1v95 0
max fanout violation count 0
%OL_METRIC_I design__max_fanout_violation__count__corner:nom_ff_n40C_1v95 0
max cap violation count 0
%OL_METRIC_I design__max_cap_violation__count__corner:nom_ff_n40C_1v95 0
============================================================================

===========================================================================
check_setup -verbose -unconstrained_endpoints -multiple_clock -no_clock -no_input_delay -loops -generated_clocks
===========================================================================
%OL_END_REPORT
%OL_CREATE_REPORT power.rpt

===========================================================================
 report_power
============================================================================
======================= nom_ff_n40C_1v95 Corner ===================================

Group                    Internal    Switching      Leakage        Total
                            Power        Power        Power        Power (Watts)
------------------------------------------------------------------------
Sequential           0.000000e+00 0.000000e+00 0.000000e+00 0.000000e+00   0.0%
Combinational        7.650129e-06 8.630404e-06 7.597247e-10 1.628129e-05 100.0%
Clock                0.000000e+00 0.000000e+00 0.000000e+00 0.000000e+00   0.0%
Macro                0.000000e+00 0.000000e+00 0.000000e+00 0.000000e+00   0.0%
Pad                  0.000000e+00 0.000000e+00 0.000000e+00 0.000000e+00   0.0%
------------------------------------------------------------------------
Total                7.650129e-06 8.630404e-06 7.597247e-10 1.628129e-05 100.0%
                            47.0%        53.0%         0.0%
%OL_METRIC_F power__internal__total 7.65012919146102e-6
%OL_METRIC_F power__switching__total 8.630404408904724e-6
%OL_METRIC_F power__leakage__total 7.597247275725749e-10
%OL_METRIC_F power__total 1.6281293937936425e-5

%OL_END_REPORT
%OL_CREATE_REPORT skew.min.rpt

===========================================================================
Clock Skew (Hold)
============================================================================
%OL_METRIC_F clock__skew__worst_hold__corner:nom_ff_n40C_1v95 0.0
======================= nom_ff_n40C_1v95 Corner ===================================

Clock clk
No launch/capture paths found.

%OL_END_REPORT
%OL_CREATE_REPORT skew.max.rpt

===========================================================================
Clock Skew (Setup)
============================================================================
%OL_METRIC_F clock__skew__worst_setup__corner:nom_ff_n40C_1v95 0.0
======================= nom_ff_n40C_1v95 Corner ===================================

Clock clk
No launch/capture paths found.

%OL_END_REPORT
%OL_CREATE_REPORT ws.min.rpt

===========================================================================
Worst Slack (Hold)
============================================================================
%OL_METRIC_F timing__hold__ws__corner:nom_ff_n40C_1v95 7.976346919836011
nom_ff_n40C_1v95: 7.976346919836011
%OL_END_REPORT
%OL_CREATE_REPORT ws.max.rpt

===========================================================================
Worst Slack (Setup)
============================================================================
%OL_METRIC_F timing__setup__ws__corner:nom_ff_n40C_1v95 10.4436480197673
nom_ff_n40C_1v95: 10.4436480197673
%OL_END_REPORT
%OL_CREATE_REPORT tns.min.rpt

===========================================================================
Total Negative Slack (Hold)
============================================================================
%OL_METRIC_F timing__hold__tns__corner:nom_ff_n40C_1v95 0.0
nom_ff_n40C_1v95: 0.0
%OL_END_REPORT
%OL_CREATE_REPORT tns.max.rpt

===========================================================================
Total Negative Slack (Setup)
============================================================================
%OL_METRIC_F timing__setup__tns__corner:nom_ff_n40C_1v95 0.0
nom_ff_n40C_1v95: 0.0
%OL_END_REPORT
%OL_CREATE_REPORT wns.min.rpt

===========================================================================
Worst Negative Slack (Hold)
============================================================================
%OL_METRIC_F timing__hold__wns__corner:nom_ff_n40C_1v95 0
nom_ff_n40C_1v95: 0
%OL_END_REPORT
%OL_CREATE_REPORT wns.max.rpt

===========================================================================
Worst Negative Slack (Setup)
============================================================================
%OL_METRIC_F timing__setup__wns__corner:nom_ff_n40C_1v95 0.0
nom_ff_n40C_1v95: 0.0
%OL_END_REPORT
%OL_CREATE_REPORT violator_list.rpt

===========================================================================
Violator List
============================================================================
%OL_METRIC_I timing__hold_vio__count__corner:nom_ff_n40C_1v95 0
%OL_METRIC_F timing__hold_r2r__ws__corner:nom_ff_n40C_1v95 inf
%OL_METRIC_I timing__hold_r2r_vio__count__corner:nom_ff_n40C_1v95 0
%OL_METRIC_I timing__setup_vio__count__corner:nom_ff_n40C_1v95 0
%OL_METRIC_F timing__setup_r2r__ws__corner:nom_ff_n40C_1v95 inf
%OL_METRIC_I timing__setup_r2r_vio__count__corner:nom_ff_n40C_1v95 0
%OL_END_REPORT
%OL_CREATE_REPORT unpropagated.rpt
clk
%OL_END_REPORT
%OL_CREATE_REPORT clock.rpt
Clock: clk
Sources: clk 
Generated: no
Virtual: no
Propagated: no
Period: 20.000000

===========================================================================
report_clock_properties
============================================================================
Clock                   Period          Waveform
----------------------------------------------------
clk                  20.000000    0.000000 10.000000

===========================================================================
report_clock_latency
============================================================================
Clock clk


===========================================================================
report_clock_min_period
============================================================================
clk period_min = 0.00 fmax = inf
%OL_END_REPORT
Writing SDF files for all corners…
